Using pre-set license
Built from '6000.0/staging' branch; Version is '6000.0.33f1 (433b0a79340b) revision 4406026'; Using compiler version '193933523'; Build Type 'Release'
OS: 'Windows 11  (10.0.26100) 64bit Professional' Language: 'en' Physical Memory: 32714 MB
BatchMode: 1, IsHumanControllingUs: 0, StartBugReporterOnCrash: 0, Is64bit: 1, IsPro: 1

COMMAND LINE ARGUMENTS:
C:\Program Files\Unity\Hub\Editor\6000.0.33f1\Editor\Unity.exe
-adb2
-batchMode
-noUpm
-name
AssetImportWorker4
-projectPath
C:/Users/chris/My project
-logFile
Logs/AssetImportWorker4.log
-srvPort
53775
-job-worker-count
5
-background-job-worker-count
8
-gc-helper-count
1
Successfully changed project path to: C:/Users/chris/My project
C:/Users/chris/My project
[UnityMemory] Configuration Parameters - Can be set up in boot.config
    "memorysetup-bucket-allocator-granularity=16"
    "memorysetup-bucket-allocator-bucket-count=8"
    "memorysetup-bucket-allocator-block-size=33554432"
    "memorysetup-bucket-allocator-block-count=8"
    "memorysetup-main-allocator-block-size=16777216"
    "memorysetup-thread-allocator-block-size=16777216"
    "memorysetup-gfx-main-allocator-block-size=16777216"
    "memorysetup-gfx-thread-allocator-block-size=16777216"
    "memorysetup-cache-allocator-block-size=4194304"
    "memorysetup-typetree-allocator-block-size=2097152"
    "memorysetup-profiler-bucket-allocator-granularity=16"
    "memorysetup-profiler-bucket-allocator-bucket-count=8"
    "memorysetup-profiler-bucket-allocator-block-size=33554432"
    "memorysetup-profiler-bucket-allocator-block-count=8"
    "memorysetup-profiler-allocator-block-size=16777216"
    "memorysetup-profiler-editor-allocator-block-size=1048576"
    "memorysetup-temp-allocator-size-main=16777216"
    "memorysetup-job-temp-allocator-block-size=2097152"
    "memorysetup-job-temp-allocator-block-size-background=1048576"
    "memorysetup-job-temp-allocator-reduction-small-platforms=262144"
    "memorysetup-allocator-temp-initial-block-size-main=262144"
    "memorysetup-allocator-temp-initial-block-size-worker=262144"
    "memorysetup-temp-allocator-size-background-worker=32768"
    "memorysetup-temp-allocator-size-job-worker=262144"
    "memorysetup-temp-allocator-size-preload-manager=33554432"
    "memorysetup-temp-allocator-size-nav-mesh-worker=65536"
    "memorysetup-temp-allocator-size-audio-worker=65536"
    "memorysetup-temp-allocator-size-cloud-worker=32768"
    "memorysetup-temp-allocator-size-gi-baking-worker=262144"
    "memorysetup-temp-allocator-size-gi-baking-worker=262144"
    "memorysetup-temp-allocator-size-gi-baking-worker=262144"
    "memorysetup-temp-allocator-size-gi-baking-worker=262144"
    "memorysetup-temp-allocator-size-gi-baking-worker=262144"
    "memorysetup-temp-allocator-size-gfx=262144"
Player connection [5752]  Target information:

Player connection [5752]  * "[IP] 192.168.254.100 [Port] 0 [Flags] 2 [Guid] 4211546279 [EditorId] 4211546279 [Version] 1048832 [Id] WindowsEditor(7,Picar) [Debug] 1 [PackageName] WindowsEditor [ProjectName] Editor" 

Player connection [5752] Host joined multi-casting on [225.0.0.222:54997]...
Player connection [5752] Host joined alternative multi-casting on [225.0.0.222:34997]...
JobSystem: Creating JobQueue using job-worker-count value 5
[Physics::Module] Initialized fallback backend.
[Physics::Module] Id: 0xdecafbad
Library Redirect Path: Library/
[Physics::Module] Selected backend.
[Physics::Module] Name: PhysX
[Physics::Module] Id: 0xf2b8ea05
[Physics::Module] SDK Version: 4.1.2
[Physics::Module] Integration Version: 1.0.0
[Physics::Module] Threading Mode: Multi-Threaded
Refreshing native plugins compatible for Editor in 1.86 ms, found 4 plugins.
Preloading 0 native plugins for Editor in 0.00 ms.
Initialize engine version: 6000.0.33f1 (433b0a79340b)
[Subsystems] Discovering subsystems at path C:/Program Files/Unity/Hub/Editor/6000.0.33f1/Editor/Data/Resources/UnitySubsystems
[Subsystems] Discovering subsystems at path C:/Users/chris/My project/Assets
GfxDevice: creating device client; kGfxThreadingModeNonThreaded
Direct3D:
    Version:  Direct3D 11.0 [level 11.1]
    Renderer: NVIDIA GeForce RTX 3070 (ID=0x2484)
    Vendor:   NVIDIA
    VRAM:     8018 MB
    Driver:   32.0.15.7628
Initialize mono
Mono path[0] = 'C:/Program Files/Unity/Hub/Editor/6000.0.33f1/Editor/Data/Managed'
Mono path[1] = 'C:/Program Files/Unity/Hub/Editor/6000.0.33f1/Editor/Data/MonoBleedingEdge/lib/mono/unityjit-win32'
Mono config path = 'C:/Program Files/Unity/Hub/Editor/6000.0.33f1/Editor/Data/MonoBleedingEdge/etc'
Using monoOptions --debugger-agent=transport=dt_socket,embedding=1,server=y,suspend=n,address=127.0.0.1:56828
Begin MonoManager ReloadAssembly
Registering precompiled unity dll's ...
Register platform support module: C:/Program Files/Unity/Hub/Editor/6000.0.33f1/Editor/Data/PlaybackEngines/WindowsStandaloneSupport/UnityEditor.WindowsStandalone.Extensions.dll
Registered in 0.002128 seconds.
- Loaded All Assemblies, in  0.411 seconds
Native extension for WindowsStandalone target not found
Mono: successfully reloaded assembly
- Finished resetting the current domain, in  0.353 seconds
Domain Reload Profiling: 763ms
	BeginReloadAssembly (149ms)
		ExecutionOrderSort (0ms)
		DisableScriptedObjects (0ms)
		BackupInstance (0ms)
		ReleaseScriptingObjects (0ms)
		CreateAndSetChildDomain (1ms)
	RebuildCommonClasses (37ms)
	RebuildNativeTypeToScriptingClass (15ms)
	initialDomainReloadingComplete (43ms)
	LoadAllAssembliesAndSetupDomain (165ms)
		LoadAssemblies (147ms)
		RebuildTransferFunctionScriptingTraits (0ms)
		AnalyzeDomain (162ms)
			TypeCache.Refresh (160ms)
				TypeCache.ScanAssembly (146ms)
			BuildScriptInfoCaches (0ms)
			ResolveRequiredComponents (1ms)
	FinalizeReload (354ms)
		ReleaseScriptCaches (0ms)
		RebuildScriptCaches (0ms)
		SetupLoadedEditorAssemblies (300ms)
			LogAssemblyErrors (0ms)
			InitializePlatformSupportModulesInManaged (27ms)
			SetLoadedEditorAssemblies (4ms)
			BeforeProcessingInitializeOnLoad (54ms)
			ProcessInitializeOnLoadAttributes (156ms)
			ProcessInitializeOnLoadMethodAttributes (59ms)
			AfterProcessingInitializeOnLoad (0ms)
			EditorAssembliesLoaded (0ms)
		ExecutionOrderSort2 (0ms)
		AwakeInstancesAfterBackupRestoration (0ms)
========================================================================
Worker process is ready to serve import requests
Import Worker Mode flag is 0x00
Begin MonoManager ReloadAssembly
- Loaded All Assemblies, in  0.746 seconds
Refreshing native plugins compatible for Editor in 1.30 ms, found 4 plugins.
Native extension for WindowsStandalone target not found
Refreshing native plugins compatible for Editor in 1.22 ms, found 4 plugins.
Mono: successfully reloaded assembly
- Finished resetting the current domain, in  0.913 seconds
Domain Reload Profiling: 1657ms
	BeginReloadAssembly (181ms)
		ExecutionOrderSort (0ms)
		DisableScriptedObjects (8ms)
		BackupInstance (0ms)
		ReleaseScriptingObjects (0ms)
		CreateAndSetChildDomain (35ms)
	RebuildCommonClasses (37ms)
	RebuildNativeTypeToScriptingClass (11ms)
	initialDomainReloadingComplete (38ms)
	LoadAllAssembliesAndSetupDomain (475ms)
		LoadAssemblies (330ms)
		RebuildTransferFunctionScriptingTraits (0ms)
		AnalyzeDomain (249ms)
			TypeCache.Refresh (175ms)
				TypeCache.ScanAssembly (159ms)
			BuildScriptInfoCaches (60ms)
			ResolveRequiredComponents (11ms)
	FinalizeReload (914ms)
		ReleaseScriptCaches (0ms)
		RebuildScriptCaches (0ms)
		SetupLoadedEditorAssemblies (726ms)
			LogAssemblyErrors (0ms)
			InitializePlatformSupportModulesInManaged (2ms)
			SetLoadedEditorAssemblies (5ms)
			BeforeProcessingInitializeOnLoad (120ms)
			ProcessInitializeOnLoadAttributes (498ms)
			ProcessInitializeOnLoadMethodAttributes (98ms)
			AfterProcessingInitializeOnLoad (4ms)
			EditorAssembliesLoaded (0ms)
		ExecutionOrderSort2 (0ms)
		AwakeInstancesAfterBackupRestoration (7ms)
Launched and connected shader compiler UnityShaderCompiler.exe after 0.01 seconds
Refreshing native plugins compatible for Editor in 2.03 ms, found 4 plugins.
Preloading 0 native plugins for Editor in 0.00 ms.
Unloading 200 Unused Serialized files (Serialized files now loaded: 0)
Unloading 5986 unused Assets / (6.2 MB). Loaded Objects now: 6625.
Memory consumption went from 155.2 MB to 149.0 MB.
Total: 16.035700 ms (FindLiveObjects: 1.124800 ms CreateObjectMapping: 1.647800 ms MarkObjects: 8.706300 ms  DeleteObjects: 4.555200 ms)

========================================================================
Received Import Request.
  Time since last request: 28814.283879 seconds.
  path: Assets/Fantasy house/Materials/Woods.001.mat
  artifactKey: Guid(ad2b3cbe73bf7244fa21f6f0695bebb9) Importer(815301076,1909f56bfc062723c751e8b465ee728b)
Start importing Assets/Fantasy house/Materials/Woods.001.mat using Guid(ad2b3cbe73bf7244fa21f6f0695bebb9) Importer(815301076,1909f56bfc062723c751e8b465ee728b) (PreviewImporter) -> (artifact id: '52dd24ea1ce7923a0421e50929e98455') in 2.6932085 seconds
Number of updated asset objects reloaded before import = 0Number of asset objects unloaded after import = 7

========================================================================
Received Import Request.
  Time since last request: 14.011027 seconds.
  path: Assets/Fantasy house/Prefabs/Fantasy.prefab
  artifactKey: Guid(848311cf9fadd1145b5904179b54a428) Importer(815301076,1909f56bfc062723c751e8b465ee728b)
Start importing Assets/Fantasy house/Prefabs/Fantasy.prefab using Guid(848311cf9fadd1145b5904179b54a428) Importer(815301076,1909f56bfc062723c751e8b465ee728b) (PreviewImporter) -> (artifact id: '124c930a9ad9f939754e193b0bb591e2') in 1.5982942 seconds
Number of updated asset objects reloaded before import = 0Number of asset objects unloaded after import = 161

========================================================================
Received Import Request.
  Time since last request: 9.056167 seconds.
  path: Assets/Fantasy house/Textures/Ground.001_Base_Color.png
  artifactKey: Guid(017466448a2b9fc4c89c8b56d03f933b) Importer(815301076,1909f56bfc062723c751e8b465ee728b)
Start importing Assets/Fantasy house/Textures/Ground.001_Base_Color.png using Guid(017466448a2b9fc4c89c8b56d03f933b) Importer(815301076,1909f56bfc062723c751e8b465ee728b) (PreviewImporter) -> (artifact id: 'ede1766be99326154400a71e6c392d08') in 0.0204767 seconds
Number of updated asset objects reloaded before import = 0Number of asset objects unloaded after import = 2

========================================================================
Received Import Request.
  Time since last request: 0.000027 seconds.
  path: Assets/Fantasy house/Textures/Woods.001_Mixed_AO.png
  artifactKey: Guid(3eff34dcf0436de42b67eaddf66050c6) Importer(815301076,1909f56bfc062723c751e8b465ee728b)
Start importing Assets/Fantasy house/Textures/Woods.001_Mixed_AO.png using Guid(3eff34dcf0436de42b67eaddf66050c6) Importer(815301076,1909f56bfc062723c751e8b465ee728b) (PreviewImporter) -> (artifact id: 'f0156260895d4db875a31421c24ee5ee') in 0.0148442 seconds
Number of updated asset objects reloaded before import = 0Number of asset objects unloaded after import = 2

========================================================================
Received Import Request.
  Time since last request: 0.000023 seconds.
  path: Assets/Fantasy house/Textures/Lamp.001_Normal.png
  artifactKey: Guid(3c8bad9c8c36beb44aeab29d29003c20) Importer(815301076,1909f56bfc062723c751e8b465ee728b)
Start importing Assets/Fantasy house/Textures/Lamp.001_Normal.png using Guid(3c8bad9c8c36beb44aeab29d29003c20) Importer(815301076,1909f56bfc062723c751e8b465ee728b) (PreviewImporter) -> (artifact id: 'cfd00cfcd3680f9de1c336070ae32760') in 0.0179223 seconds
Number of updated asset objects reloaded before import = 0Number of asset objects unloaded after import = 2

========================================================================
Received Import Request.
  Time since last request: 0.000048 seconds.
  path: Assets/Fantasy house/Textures/Lamp.001_Height.png
  artifactKey: Guid(6b40d97cc5a061846958ae923a01d612) Importer(815301076,1909f56bfc062723c751e8b465ee728b)
Start importing Assets/Fantasy house/Textures/Lamp.001_Height.png using Guid(6b40d97cc5a061846958ae923a01d612) Importer(815301076,1909f56bfc062723c751e8b465ee728b) (PreviewImporter) -> (artifact id: 'bea050e18db876d44213dc7d0d175ca1') in 0.005346 seconds
Number of updated asset objects reloaded before import = 0Number of asset objects unloaded after import = 2

========================================================================
Received Import Request.
  Time since last request: 0.000028 seconds.
  path: Assets/Fantasy house/Textures/Tree.001_Normal_OpenGL.png
  artifactKey: Guid(42cf5a55f70742b479b30b2f9969e671) Importer(815301076,1909f56bfc062723c751e8b465ee728b)
Start importing Assets/Fantasy house/Textures/Tree.001_Normal_OpenGL.png using Guid(42cf5a55f70742b479b30b2f9969e671) Importer(815301076,1909f56bfc062723c751e8b465ee728b) (PreviewImporter) -> (artifact id: 'a1a379ace27feb8ae27ec102a74fd5e0') in 0.005822 seconds
Number of updated asset objects reloaded before import = 0Number of asset objects unloaded after import = 2

========================================================================
Received Import Request.
  Time since last request: 0.000020 seconds.
  path: Assets/Fantasy house/Textures/Lamp.002_Mixed_AO.png
  artifactKey: Guid(b651eb917a6afaf43a482a70415f5c48) Importer(815301076,1909f56bfc062723c751e8b465ee728b)
Start importing Assets/Fantasy house/Textures/Lamp.002_Mixed_AO.png using Guid(b651eb917a6afaf43a482a70415f5c48) Importer(815301076,1909f56bfc062723c751e8b465ee728b) (PreviewImporter) -> (artifact id: 'fd98feb38d2deef9a629bd882d9f9fc5') in 0.0117365 seconds
Number of updated asset objects reloaded before import = 0Number of asset objects unloaded after import = 2

========================================================================
Received Import Request.
  Time since last request: 0.000017 seconds.
  path: Assets/Fantasy house/Textures/Stuff.002_Height.png
  artifactKey: Guid(f73f04180e7b00b4aaa8d90134e5a05f) Importer(815301076,1909f56bfc062723c751e8b465ee728b)
Start importing Assets/Fantasy house/Textures/Stuff.002_Height.png using Guid(f73f04180e7b00b4aaa8d90134e5a05f) Importer(815301076,1909f56bfc062723c751e8b465ee728b) (PreviewImporter) -> (artifact id: '36a2b2c1dfe4c61c125768624657e628') in 0.0055581 seconds
Number of updated asset objects reloaded before import = 0Number of asset objects unloaded after import = 2

========================================================================
Received Import Request.
  Time since last request: 0.000017 seconds.
  path: Assets/Fantasy house/Textures/Tree.001_Base_Color.png
  artifactKey: Guid(5c942c651c7c91347bf77b1740637b04) Importer(815301076,1909f56bfc062723c751e8b465ee728b)
Start importing Assets/Fantasy house/Textures/Tree.001_Base_Color.png using Guid(5c942c651c7c91347bf77b1740637b04) Importer(815301076,1909f56bfc062723c751e8b465ee728b) (PreviewImporter) -> (artifact id: '589ff341e21d8c19ab3abff706b91570') in 0.0157581 seconds
Number of updated asset objects reloaded before import = 0Number of asset objects unloaded after import = 2

========================================================================
Received Import Request.
  Time since last request: 0.000023 seconds.
  path: Assets/Fantasy house/Textures/Woods.001_Metallic.png
  artifactKey: Guid(393548a29cd8b13468373a61b559d07c) Importer(815301076,1909f56bfc062723c751e8b465ee728b)
Start importing Assets/Fantasy house/Textures/Woods.001_Metallic.png using Guid(393548a29cd8b13468373a61b559d07c) Importer(815301076,1909f56bfc062723c751e8b465ee728b) (PreviewImporter) -> (artifact id: '9ce7a0644a91fde0752e9cb424272f1e') in 0.0139836 seconds
Number of updated asset objects reloaded before import = 0Number of asset objects unloaded after import = 2

========================================================================
Received Import Request.
  Time since last request: 0.000033 seconds.
  path: Assets/Fantasy house/Textures/Tree.001_Height.png
  artifactKey: Guid(0a13b847c51aeac4a9db9ea2423cefb8) Importer(815301076,1909f56bfc062723c751e8b465ee728b)
Start importing Assets/Fantasy house/Textures/Tree.001_Height.png using Guid(0a13b847c51aeac4a9db9ea2423cefb8) Importer(815301076,1909f56bfc062723c751e8b465ee728b) (PreviewImporter) -> (artifact id: 'b09515fc3ac9b9b685b55b5fbf090e3f') in 0.0074764 seconds
Number of updated asset objects reloaded before import = 0Number of asset objects unloaded after import = 2

========================================================================
Received Import Request.
  Time since last request: 0.000020 seconds.
  path: Assets/Fantasy house/Textures/Stuff.002_Roughness.png
  artifactKey: Guid(e4ffe0426eca9794290abaf924e4857a) Importer(815301076,1909f56bfc062723c751e8b465ee728b)
Start importing Assets/Fantasy house/Textures/Stuff.002_Roughness.png using Guid(e4ffe0426eca9794290abaf924e4857a) Importer(815301076,1909f56bfc062723c751e8b465ee728b) (PreviewImporter) -> (artifact id: '2a961fea27a835523ded5edf9698ffff') in 0.0120156 seconds
Number of updated asset objects reloaded before import = 0Number of asset objects unloaded after import = 2

========================================================================
Received Import Request.
  Time since last request: 0.000016 seconds.
  path: Assets/Fantasy house/Textures/Lamp.002_Height.png
  artifactKey: Guid(6185e3983611ed74ea9123c0cbe39c2f) Importer(815301076,1909f56bfc062723c751e8b465ee728b)
Start importing Assets/Fantasy house/Textures/Lamp.002_Height.png using Guid(6185e3983611ed74ea9123c0cbe39c2f) Importer(815301076,1909f56bfc062723c751e8b465ee728b) (PreviewImporter) -> (artifact id: '08c4e5756fff3fd0b3284a5d83c36f50') in 0.0065092 seconds
Number of updated asset objects reloaded before import = 0Number of asset objects unloaded after import = 2

========================================================================
Received Import Request.
  Time since last request: 0.000024 seconds.
  path: Assets/Fantasy house/Textures/House.001_Base_Color.png
  artifactKey: Guid(fbad851b730afc640b72f30edb0438da) Importer(815301076,1909f56bfc062723c751e8b465ee728b)
Start importing Assets/Fantasy house/Textures/House.001_Base_Color.png using Guid(fbad851b730afc640b72f30edb0438da) Importer(815301076,1909f56bfc062723c751e8b465ee728b) (PreviewImporter) -> (artifact id: '1477d7571eb7abf78d7996b9637182ea') in 0.0132788 seconds
Number of updated asset objects reloaded before import = 0Number of asset objects unloaded after import = 2

========================================================================
Received Import Request.
  Time since last request: 0.000019 seconds.
  path: Assets/Fantasy house/Textures/Tower.001_Metallic.png
  artifactKey: Guid(2cd5d6b6270bd214cbf51d4dc2a1d689) Importer(815301076,1909f56bfc062723c751e8b465ee728b)
Start importing Assets/Fantasy house/Textures/Tower.001_Metallic.png using Guid(2cd5d6b6270bd214cbf51d4dc2a1d689) Importer(815301076,1909f56bfc062723c751e8b465ee728b) (PreviewImporter) -> (artifact id: 'c8c78420232e502aace803602798a3d3') in 0.006392 seconds
Number of updated asset objects reloaded before import = 0Number of asset objects unloaded after import = 2

========================================================================
Received Import Request.
  Time since last request: 0.000027 seconds.
  path: Assets/Fantasy house/Textures/Tree.001_Metallic.png
  artifactKey: Guid(04482b09c517c5f489a76bc1f4c442a7) Importer(815301076,1909f56bfc062723c751e8b465ee728b)
Start importing Assets/Fantasy house/Textures/Tree.001_Metallic.png using Guid(04482b09c517c5f489a76bc1f4c442a7) Importer(815301076,1909f56bfc062723c751e8b465ee728b) (PreviewImporter) -> (artifact id: 'bdd53e4dfefa38e523b1f21b5d5afa8c') in 0.0067504 seconds
Number of updated asset objects reloaded before import = 0Number of asset objects unloaded after import = 2

========================================================================
Received Import Request.
  Time since last request: 0.000018 seconds.
  path: Assets/Fantasy house/Textures/Tower.001_Roughness.png
  artifactKey: Guid(6ccfbe0ddef3eea418a61b00e358bb92) Importer(815301076,1909f56bfc062723c751e8b465ee728b)
Start importing Assets/Fantasy house/Textures/Tower.001_Roughness.png using Guid(6ccfbe0ddef3eea418a61b00e358bb92) Importer(815301076,1909f56bfc062723c751e8b465ee728b) (PreviewImporter) -> (artifact id: 'cb31f6371b275f5dd0497faa28ee7b63') in 0.0156507 seconds
Number of updated asset objects reloaded before import = 0Number of asset objects unloaded after import = 2

========================================================================
Received Import Request.
  Time since last request: 0.000035 seconds.
  path: Assets/Fantasy house/Textures/Woods.001_Base_Color.png
  artifactKey: Guid(6cd46d3424a8ba547a53d9f247ffde4e) Importer(815301076,1909f56bfc062723c751e8b465ee728b)
Start importing Assets/Fantasy house/Textures/Woods.001_Base_Color.png using Guid(6cd46d3424a8ba547a53d9f247ffde4e) Importer(815301076,1909f56bfc062723c751e8b465ee728b) (PreviewImporter) -> (artifact id: '3dbe299eac6ec3f894a3a2afb2aa243f') in 0.0182893 seconds
Number of updated asset objects reloaded before import = 0Number of asset objects unloaded after import = 2

========================================================================
Received Import Request.
  Time since last request: 0.000020 seconds.
  path: Assets/Fantasy house/Textures/Tree.001_Mixed_AO.png
  artifactKey: Guid(093142d650f87bf4e995a5f0e9fbe2b3) Importer(815301076,1909f56bfc062723c751e8b465ee728b)
Start importing Assets/Fantasy house/Textures/Tree.001_Mixed_AO.png using Guid(093142d650f87bf4e995a5f0e9fbe2b3) Importer(815301076,1909f56bfc062723c751e8b465ee728b) (PreviewImporter) -> (artifact id: 'a9a01e883935f92c0bb77f15118fe9a6') in 0.0144325 seconds
Number of updated asset objects reloaded before import = 0Number of asset objects unloaded after import = 2

========================================================================
Received Import Request.
  Time since last request: 0.000027 seconds.
  path: Assets/Fantasy house/Textures/Lamp.002_Normal_OpenGL.png
  artifactKey: Guid(4fbc8575664d004459e67353e9287182) Importer(815301076,1909f56bfc062723c751e8b465ee728b)
Start importing Assets/Fantasy house/Textures/Lamp.002_Normal_OpenGL.png using Guid(4fbc8575664d004459e67353e9287182) Importer(815301076,1909f56bfc062723c751e8b465ee728b) (PreviewImporter) -> (artifact id: '9c68ddbcd7213c83ec4f10d333800360') in 0.0058804 seconds
Number of updated asset objects reloaded before import = 0Number of asset objects unloaded after import = 2

========================================================================
Received Import Request.
  Time since last request: 161.739974 seconds.
  path: Assets/Fantasy house/Fantasy.fbx
  artifactKey: Guid(22cdc468d01a2a24c9ce666cad978ac0) Importer(815301076,1909f56bfc062723c751e8b465ee728b)
Start importing Assets/Fantasy house/Fantasy.fbx using Guid(22cdc468d01a2a24c9ce666cad978ac0) Importer(815301076,1909f56bfc062723c751e8b465ee728b) (PreviewImporter) -> (artifact id: '65a80c9305cb6e5027b6decb83b3944e') in 0.2262974 seconds
Number of updated asset objects reloaded before import = 0Number of asset objects unloaded after import = 161

========================================================================
Received Import Request.
  Time since last request: 109.347971 seconds.
  path: Assets/Low Poly Environment Starter Kit/Prefabs
  artifactKey: Guid(b4d4679356162784c892d878a01f42a6) Importer(815301076,1909f56bfc062723c751e8b465ee728b)
Start importing Assets/Low Poly Environment Starter Kit/Prefabs using Guid(b4d4679356162784c892d878a01f42a6) Importer(815301076,1909f56bfc062723c751e8b465ee728b) (PreviewImporter) -> (artifact id: 'c6d74e6930b139a5b30efdef9c2c59ee') in 0.0008657 seconds
Number of updated asset objects reloaded before import = 0Number of asset objects unloaded after import = 0

========================================================================
Received Import Request.
  Time since last request: 1.941538 seconds.
  path: Assets/Low Poly Environment Starter Kit/Prefabs/Standard
  artifactKey: Guid(ff6517277e1973943a30ca8ab0dd7b91) Importer(815301076,1909f56bfc062723c751e8b465ee728b)
Start importing Assets/Low Poly Environment Starter Kit/Prefabs/Standard using Guid(ff6517277e1973943a30ca8ab0dd7b91) Importer(815301076,1909f56bfc062723c751e8b465ee728b) (PreviewImporter) -> (artifact id: '1299be2a537ec9a430c0c17a67d0c786') in 0.0005902 seconds
Number of updated asset objects reloaded before import = 0Number of asset objects unloaded after import = 0

========================================================================
Received Import Request.
  Time since last request: 1.868224 seconds.
  path: Assets/Low Poly Environment Starter Kit/Prefabs/Standard/Terrains
  artifactKey: Guid(261b1f62fa62d8e419edc5753ef305b5) Importer(815301076,1909f56bfc062723c751e8b465ee728b)
Start importing Assets/Low Poly Environment Starter Kit/Prefabs/Standard/Terrains using Guid(261b1f62fa62d8e419edc5753ef305b5) Importer(815301076,1909f56bfc062723c751e8b465ee728b) (PreviewImporter) -> (artifact id: 'e9c54b93ce78ad26af7d0d9e67a195cd') in 0.0005599 seconds
Number of updated asset objects reloaded before import = 0Number of asset objects unloaded after import = 0

========================================================================
Received Import Request.
  Time since last request: 0.071841 seconds.
  path: Assets/Low Poly Environment Starter Kit/Prefabs/Standard/Terrains/Canyon.prefab
  artifactKey: Guid(985c3c522ee33b741aab32c7e218ad76) Importer(815301076,1909f56bfc062723c751e8b465ee728b)
Start importing Assets/Low Poly Environment Starter Kit/Prefabs/Standard/Terrains/Canyon.prefab using Guid(985c3c522ee33b741aab32c7e218ad76) Importer(815301076,1909f56bfc062723c751e8b465ee728b) (PreviewImporter) -> (artifact id: 'bfa93e810665240b4a0d33099bf184c6') in 0.0551517 seconds
Number of updated asset objects reloaded before import = 0Number of asset objects unloaded after import = 18

========================================================================
Received Import Request.
  Time since last request: 0.000050 seconds.
  path: Assets/Low Poly Environment Starter Kit/Prefabs/Standard/Terrains/Mountain 3.prefab
  artifactKey: Guid(6baa815c0a819ba4aa43eeea7a177a2a) Importer(815301076,1909f56bfc062723c751e8b465ee728b)
Start importing Assets/Low Poly Environment Starter Kit/Prefabs/Standard/Terrains/Mountain 3.prefab using Guid(6baa815c0a819ba4aa43eeea7a177a2a) Importer(815301076,1909f56bfc062723c751e8b465ee728b) (PreviewImporter) -> (artifact id: '964b30c5428e2ca4f7d0c65fd07603ef') in 0.0162614 seconds
Number of updated asset objects reloaded before import = 0Number of asset objects unloaded after import = 18

========================================================================
Received Import Request.
  Time since last request: 0.000033 seconds.
  path: Assets/Low Poly Environment Starter Kit/Prefabs/Standard/Terrains/Mountain 1.prefab
  artifactKey: Guid(87b1a4ec87dd8eb4fb00818956f8c7bf) Importer(815301076,1909f56bfc062723c751e8b465ee728b)
Start importing Assets/Low Poly Environment Starter Kit/Prefabs/Standard/Terrains/Mountain 1.prefab using Guid(87b1a4ec87dd8eb4fb00818956f8c7bf) Importer(815301076,1909f56bfc062723c751e8b465ee728b) (PreviewImporter) -> (artifact id: 'ba5c17de6fcbbc4e8aa61504125e7c5d') in 0.0162484 seconds
Number of updated asset objects reloaded before import = 0Number of asset objects unloaded after import = 18

========================================================================
Received Import Request.
  Time since last request: 0.000030 seconds.
  path: Assets/Low Poly Environment Starter Kit/Prefabs/Standard/Terrains/Mountain 2.prefab
  artifactKey: Guid(a008918f2d4272845bdbbae611dabfbc) Importer(815301076,1909f56bfc062723c751e8b465ee728b)
Start importing Assets/Low Poly Environment Starter Kit/Prefabs/Standard/Terrains/Mountain 2.prefab using Guid(a008918f2d4272845bdbbae611dabfbc) Importer(815301076,1909f56bfc062723c751e8b465ee728b) (PreviewImporter) -> (artifact id: 'fd35fba3d787a1c08481fa239bbace14') in 0.0180174 seconds
Number of updated asset objects reloaded before import = 0Number of asset objects unloaded after import = 18

========================================================================
Received Import Request.
  Time since last request: 20.172981 seconds.
  path: Assets/Low Poly Environment Starter Kit/Prefabs/HDRP
  artifactKey: Guid(c40789aa9a2eddd4290cc34354c7e360) Importer(815301076,1909f56bfc062723c751e8b465ee728b)
Start importing Assets/Low Poly Environment Starter Kit/Prefabs/HDRP using Guid(c40789aa9a2eddd4290cc34354c7e360) Importer(815301076,1909f56bfc062723c751e8b465ee728b) (PreviewImporter) -> (artifact id: '18f7970b7085893e25fc6da3b684ec0d') in 0.0005513 seconds
Number of updated asset objects reloaded before import = 0Number of asset objects unloaded after import = 0

========================================================================
Received Import Request.
  Time since last request: 0.934768 seconds.
  path: Assets/Low Poly Environment Starter Kit/Prefabs/HDRP/Rocks
  artifactKey: Guid(83b35c95b163b9d47ba8d2d3e87e93ed) Importer(815301076,1909f56bfc062723c751e8b465ee728b)
Start importing Assets/Low Poly Environment Starter Kit/Prefabs/HDRP/Rocks using Guid(83b35c95b163b9d47ba8d2d3e87e93ed) Importer(815301076,1909f56bfc062723c751e8b465ee728b) (PreviewImporter) -> (artifact id: '614b47c12a29699da18e49d4b02e1f3e') in 0.0005011 seconds
Number of updated asset objects reloaded before import = 0Number of asset objects unloaded after import = 0

========================================================================
Received Import Request.
  Time since last request: 0.048217 seconds.
  path: Assets/Low Poly Environment Starter Kit/Prefabs/HDRP/Rocks/Rock 1.prefab
  artifactKey: Guid(dce4064665cd37e479e8176db0f3fba9) Importer(815301076,1909f56bfc062723c751e8b465ee728b)
Start importing Assets/Low Poly Environment Starter Kit/Prefabs/HDRP/Rocks/Rock 1.prefab using Guid(dce4064665cd37e479e8176db0f3fba9) Importer(815301076,1909f56bfc062723c751e8b465ee728b) (PreviewImporter) -> (artifact id: '69f1a4c0fc339d01ff0af4b6cff34111') in 3.0553768 seconds
Number of updated asset objects reloaded before import = 0Number of asset objects unloaded after import = 23

========================================================================
Received Import Request.
  Time since last request: 0.000040 seconds.
  path: Assets/Low Poly Environment Starter Kit/Prefabs/HDRP/Rocks/Rock Arc.prefab
  artifactKey: Guid(ce1f98f5d8cfa0c4eb3d38ecd510e20f) Importer(815301076,1909f56bfc062723c751e8b465ee728b)
Start importing Assets/Low Poly Environment Starter Kit/Prefabs/HDRP/Rocks/Rock Arc.prefab using Guid(ce1f98f5d8cfa0c4eb3d38ecd510e20f) Importer(815301076,1909f56bfc062723c751e8b465ee728b) (PreviewImporter) -> (artifact id: 'f0b9270dc661e57a94e2327bde2a1682') in 0.0587891 seconds
Number of updated asset objects reloaded before import = 0Number of asset objects unloaded after import = 23

========================================================================
Received Import Request.
  Time since last request: 0.000047 seconds.
  path: Assets/Low Poly Environment Starter Kit/Prefabs/HDRP/Rocks/Rock 5.prefab
  artifactKey: Guid(69b4467e5f101614bb3bdeba2d78e579) Importer(815301076,1909f56bfc062723c751e8b465ee728b)
Start importing Assets/Low Poly Environment Starter Kit/Prefabs/HDRP/Rocks/Rock 5.prefab using Guid(69b4467e5f101614bb3bdeba2d78e579) Importer(815301076,1909f56bfc062723c751e8b465ee728b) (PreviewImporter) -> (artifact id: 'f4e9729f1490ab3030103b52047e15d0') in 0.0601685 seconds
Number of updated asset objects reloaded before import = 0Number of asset objects unloaded after import = 23

========================================================================
Received Import Request.
  Time since last request: 0.000023 seconds.
  path: Assets/Low Poly Environment Starter Kit/Prefabs/HDRP/Rocks/Rock 7.prefab
  artifactKey: Guid(f971cd7b222bb714d8d9b4ebc0474293) Importer(815301076,1909f56bfc062723c751e8b465ee728b)
Start importing Assets/Low Poly Environment Starter Kit/Prefabs/HDRP/Rocks/Rock 7.prefab using Guid(f971cd7b222bb714d8d9b4ebc0474293) Importer(815301076,1909f56bfc062723c751e8b465ee728b) (PreviewImporter) -> (artifact id: 'e619dabd95d69792358bd9c3ac0f983d') in 0.0600675 seconds
Number of updated asset objects reloaded before import = 0Number of asset objects unloaded after import = 23

========================================================================
Received Import Request.
  Time since last request: 0.000023 seconds.
  path: Assets/Low Poly Environment Starter Kit/Prefabs/HDRP/Rocks/Rock 11.prefab
  artifactKey: Guid(c21822524dde38649a3229b4ac62996e) Importer(815301076,1909f56bfc062723c751e8b465ee728b)
Start importing Assets/Low Poly Environment Starter Kit/Prefabs/HDRP/Rocks/Rock 11.prefab using Guid(c21822524dde38649a3229b4ac62996e) Importer(815301076,1909f56bfc062723c751e8b465ee728b) (PreviewImporter) -> (artifact id: '7a6d2e2d7c9c7cebbc288d105d68559c') in 0.0638222 seconds
Number of updated asset objects reloaded before import = 0Number of asset objects unloaded after import = 23

========================================================================
Received Import Request.
  Time since last request: 0.000031 seconds.
  path: Assets/Low Poly Environment Starter Kit/Prefabs/HDRP/Rocks/Rock 8.prefab
  artifactKey: Guid(fb578c961e8c1494fa68664f73879319) Importer(815301076,1909f56bfc062723c751e8b465ee728b)
Start importing Assets/Low Poly Environment Starter Kit/Prefabs/HDRP/Rocks/Rock 8.prefab using Guid(fb578c961e8c1494fa68664f73879319) Importer(815301076,1909f56bfc062723c751e8b465ee728b) (PreviewImporter) -> (artifact id: '74ceeb08d9ffd6ee2e1931335a47af59') in 0.0686096 seconds
Number of updated asset objects reloaded before import = 0Number of asset objects unloaded after import = 23

========================================================================
Received Import Request.
  Time since last request: 0.000035 seconds.
  path: Assets/Low Poly Environment Starter Kit/Prefabs/HDRP/Rocks/Rock 4.prefab
  artifactKey: Guid(b1cb3e57280574a4e99330571349cf25) Importer(815301076,1909f56bfc062723c751e8b465ee728b)
Start importing Assets/Low Poly Environment Starter Kit/Prefabs/HDRP/Rocks/Rock 4.prefab using Guid(b1cb3e57280574a4e99330571349cf25) Importer(815301076,1909f56bfc062723c751e8b465ee728b) (PreviewImporter) -> (artifact id: '2f2bacae9d7cb36c562dddd75c811d3c') in 0.0521052 seconds
Number of updated asset objects reloaded before import = 0Number of asset objects unloaded after import = 23

========================================================================
Received Import Request.
  Time since last request: 9.640610 seconds.
  path: Assets/Low Poly Environment Starter Kit/Prefabs/Standard/Rocks
  artifactKey: Guid(945ce9a7ea9e10d4fa451434bd596e4e) Importer(815301076,1909f56bfc062723c751e8b465ee728b)
Start importing Assets/Low Poly Environment Starter Kit/Prefabs/Standard/Rocks using Guid(945ce9a7ea9e10d4fa451434bd596e4e) Importer(815301076,1909f56bfc062723c751e8b465ee728b) (PreviewImporter) -> (artifact id: '6df198549a166a9dccd06b71f7b62c47') in 0.0005667 seconds
Number of updated asset objects reloaded before import = 0Number of asset objects unloaded after import = 0

========================================================================
Received Import Request.
  Time since last request: 0.074251 seconds.
  path: Assets/Low Poly Environment Starter Kit/Prefabs/Standard/Rocks/Rock 1.prefab
  artifactKey: Guid(b446042cb5f9d5b44b3f2c27fcbdad20) Importer(815301076,1909f56bfc062723c751e8b465ee728b)
Start importing Assets/Low Poly Environment Starter Kit/Prefabs/Standard/Rocks/Rock 1.prefab using Guid(b446042cb5f9d5b44b3f2c27fcbdad20) Importer(815301076,1909f56bfc062723c751e8b465ee728b) (PreviewImporter) -> (artifact id: '91a60b3dd8805ec3da5d360ae4d7e04a') in 0.0145537 seconds
Number of updated asset objects reloaded before import = 0Number of asset objects unloaded after import = 18

========================================================================
Received Import Request.
  Time since last request: 0.000035 seconds.
  path: Assets/Low Poly Environment Starter Kit/Prefabs/Standard/Rocks/Rock Arc.prefab
  artifactKey: Guid(d0874652e7282494290c9333639e8283) Importer(815301076,1909f56bfc062723c751e8b465ee728b)
Start importing Assets/Low Poly Environment Starter Kit/Prefabs/Standard/Rocks/Rock Arc.prefab using Guid(d0874652e7282494290c9333639e8283) Importer(815301076,1909f56bfc062723c751e8b465ee728b) (PreviewImporter) -> (artifact id: '0634a24c1ac621c577743d135ee86d30') in 0.0141622 seconds
Number of updated asset objects reloaded before import = 0Number of asset objects unloaded after import = 18

========================================================================
Received Import Request.
  Time since last request: 0.000020 seconds.
  path: Assets/Low Poly Environment Starter Kit/Prefabs/Standard/Rocks/Rock 6.prefab
  artifactKey: Guid(9331f761eb6bcb841a98943a79fcbbee) Importer(815301076,1909f56bfc062723c751e8b465ee728b)
Start importing Assets/Low Poly Environment Starter Kit/Prefabs/Standard/Rocks/Rock 6.prefab using Guid(9331f761eb6bcb841a98943a79fcbbee) Importer(815301076,1909f56bfc062723c751e8b465ee728b) (PreviewImporter) -> (artifact id: '2a926fa9c24b64d43a9e14e1db0a1d15') in 0.0149977 seconds
Number of updated asset objects reloaded before import = 0Number of asset objects unloaded after import = 18

========================================================================
Received Import Request.
  Time since last request: 0.000033 seconds.
  path: Assets/Low Poly Environment Starter Kit/Prefabs/Standard/Rocks/Rock 5.prefab
  artifactKey: Guid(0809901cc7328194c9e48b6df1696026) Importer(815301076,1909f56bfc062723c751e8b465ee728b)
Start importing Assets/Low Poly Environment Starter Kit/Prefabs/Standard/Rocks/Rock 5.prefab using Guid(0809901cc7328194c9e48b6df1696026) Importer(815301076,1909f56bfc062723c751e8b465ee728b) (PreviewImporter) -> (artifact id: '3bf062772b5e50ed272d7dc344222383') in 0.0141081 seconds
Number of updated asset objects reloaded before import = 0Number of asset objects unloaded after import = 18

========================================================================
Received Import Request.
  Time since last request: 0.000023 seconds.
  path: Assets/Low Poly Environment Starter Kit/Prefabs/Standard/Rocks/Rock Pile 2.prefab
  artifactKey: Guid(d2f665b7036709b4ea1c58074942c454) Importer(815301076,1909f56bfc062723c751e8b465ee728b)
Start importing Assets/Low Poly Environment Starter Kit/Prefabs/Standard/Rocks/Rock Pile 2.prefab using Guid(d2f665b7036709b4ea1c58074942c454) Importer(815301076,1909f56bfc062723c751e8b465ee728b) (PreviewImporter) -> (artifact id: '628c18f5595cc96118d208deea77d60e') in 0.0141588 seconds
Number of updated asset objects reloaded before import = 0Number of asset objects unloaded after import = 18

========================================================================
Received Import Request.
  Time since last request: 0.000021 seconds.
  path: Assets/Low Poly Environment Starter Kit/Prefabs/Standard/Rocks/Rock 10.prefab
  artifactKey: Guid(920c086aa0351304aad78c77cfbc1461) Importer(815301076,1909f56bfc062723c751e8b465ee728b)
Start importing Assets/Low Poly Environment Starter Kit/Prefabs/Standard/Rocks/Rock 10.prefab using Guid(920c086aa0351304aad78c77cfbc1461) Importer(815301076,1909f56bfc062723c751e8b465ee728b) (PreviewImporter) -> (artifact id: '15acb451b9418b927852bc0e4f757b8e') in 0.0125611 seconds
Number of updated asset objects reloaded before import = 0Number of asset objects unloaded after import = 18

========================================================================
Received Import Request.
  Time since last request: 7.238892 seconds.
  path: Assets/Low Poly Environment Starter Kit/Prefabs/URP
  artifactKey: Guid(42f2984dff8024046b250ac5f74a45de) Importer(815301076,1909f56bfc062723c751e8b465ee728b)
Start importing Assets/Low Poly Environment Starter Kit/Prefabs/URP using Guid(42f2984dff8024046b250ac5f74a45de) Importer(815301076,1909f56bfc062723c751e8b465ee728b) (PreviewImporter) -> (artifact id: '90e8effc71de7792d3e6daccc9293961') in 0.0005139 seconds
Number of updated asset objects reloaded before import = 0Number of asset objects unloaded after import = 0

========================================================================
Received Import Request.
  Time since last request: 0.885926 seconds.
  path: Assets/Low Poly Environment Starter Kit/Prefabs/URP/Rocks
  artifactKey: Guid(c8b0512f9826b0048a93d951e8fb2c74) Importer(815301076,1909f56bfc062723c751e8b465ee728b)
Start importing Assets/Low Poly Environment Starter Kit/Prefabs/URP/Rocks using Guid(c8b0512f9826b0048a93d951e8fb2c74) Importer(815301076,1909f56bfc062723c751e8b465ee728b) (PreviewImporter) -> (artifact id: 'f676a611e4bfaa1cfbddd4fe4304ba45') in 0.0005076 seconds
Number of updated asset objects reloaded before import = 0Number of asset objects unloaded after import = 0

========================================================================
Received Import Request.
  Time since last request: 0.047715 seconds.
  path: Assets/Low Poly Environment Starter Kit/Prefabs/URP/Rocks/Rock 1.prefab
  artifactKey: Guid(393271bfdf2255c439d98faf76cf13e0) Importer(815301076,1909f56bfc062723c751e8b465ee728b)
Start importing Assets/Low Poly Environment Starter Kit/Prefabs/URP/Rocks/Rock 1.prefab using Guid(393271bfdf2255c439d98faf76cf13e0) Importer(815301076,1909f56bfc062723c751e8b465ee728b) (PreviewImporter) -> (artifact id: '76d6406755af2672f1e261b59dbc4377') in 3.406966 seconds
Number of updated asset objects reloaded before import = 0Number of asset objects unloaded after import = 23

========================================================================
Received Import Request.
  Time since last request: 0.000025 seconds.
  path: Assets/Low Poly Environment Starter Kit/Prefabs/URP/Rocks/Rock 7.prefab
  artifactKey: Guid(d05325e6996e872419019732762eb178) Importer(815301076,1909f56bfc062723c751e8b465ee728b)
Start importing Assets/Low Poly Environment Starter Kit/Prefabs/URP/Rocks/Rock 7.prefab using Guid(d05325e6996e872419019732762eb178) Importer(815301076,1909f56bfc062723c751e8b465ee728b) (PreviewImporter) -> (artifact id: 'cbdd40a8439112f9027078b1fbf852b7') in 0.0521723 seconds
Number of updated asset objects reloaded before import = 0Number of asset objects unloaded after import = 23

========================================================================
Received Import Request.
  Time since last request: 0.000043 seconds.
  path: Assets/Low Poly Environment Starter Kit/Prefabs/URP/Rocks/Rock Arc.prefab
  artifactKey: Guid(4e9b719611de2f44cb2b84b292279421) Importer(815301076,1909f56bfc062723c751e8b465ee728b)
Start importing Assets/Low Poly Environment Starter Kit/Prefabs/URP/Rocks/Rock Arc.prefab using Guid(4e9b719611de2f44cb2b84b292279421) Importer(815301076,1909f56bfc062723c751e8b465ee728b) (PreviewImporter) -> (artifact id: 'c6ae2bf7bba2787cbf4402b3ba108759') in 0.055511 seconds
Number of updated asset objects reloaded before import = 0Number of asset objects unloaded after import = 23

========================================================================
Received Import Request.
  Time since last request: 10.387887 seconds.
  path: Assets/Low Poly Environment Starter Kit/Prefabs/URP/Other
  artifactKey: Guid(55c35d56145e4fd49bd00bac44d13072) Importer(815301076,1909f56bfc062723c751e8b465ee728b)
Start importing Assets/Low Poly Environment Starter Kit/Prefabs/URP/Other using Guid(55c35d56145e4fd49bd00bac44d13072) Importer(815301076,1909f56bfc062723c751e8b465ee728b) (PreviewImporter) -> (artifact id: '4d8c62801a2232b92ea2d7fe1bffe63f') in 0.0005892 seconds
Number of updated asset objects reloaded before import = 0Number of asset objects unloaded after import = 0

========================================================================
Received Import Request.
  Time since last request: 0.052243 seconds.
  path: Assets/Low Poly Environment Starter Kit/Prefabs/URP/Other/Bush 1.prefab
  artifactKey: Guid(e361bee9715c4aa4980bb005ac60d7e9) Importer(815301076,1909f56bfc062723c751e8b465ee728b)
Start importing Assets/Low Poly Environment Starter Kit/Prefabs/URP/Other/Bush 1.prefab using Guid(e361bee9715c4aa4980bb005ac60d7e9) Importer(815301076,1909f56bfc062723c751e8b465ee728b) (PreviewImporter) -> (artifact id: '9105ee985707d069eb3f38bc1177e88d') in 0.0552675 seconds
Number of updated asset objects reloaded before import = 0Number of asset objects unloaded after import = 22

========================================================================
Received Import Request.
  Time since last request: 0.000017 seconds.
  path: Assets/Low Poly Environment Starter Kit/Prefabs/URP/Other/Grass 3.prefab
  artifactKey: Guid(fe4ddc300bb879c4f860a9a1954689fb) Importer(815301076,1909f56bfc062723c751e8b465ee728b)
Start importing Assets/Low Poly Environment Starter Kit/Prefabs/URP/Other/Grass 3.prefab using Guid(fe4ddc300bb879c4f860a9a1954689fb) Importer(815301076,1909f56bfc062723c751e8b465ee728b) (PreviewImporter) -> (artifact id: '4df0e55db7ca318d78914ceab1142cce') in 0.0536633 seconds
Number of updated asset objects reloaded before import = 0Number of asset objects unloaded after import = 23

========================================================================
Received Import Request.
  Time since last request: 0.000018 seconds.
  path: Assets/Low Poly Environment Starter Kit/Prefabs/URP/Other/Grass 2.prefab
  artifactKey: Guid(6a90fc4f23741bf47b02318b3a4a7aa6) Importer(815301076,1909f56bfc062723c751e8b465ee728b)
Start importing Assets/Low Poly Environment Starter Kit/Prefabs/URP/Other/Grass 2.prefab using Guid(6a90fc4f23741bf47b02318b3a4a7aa6) Importer(815301076,1909f56bfc062723c751e8b465ee728b) (PreviewImporter) -> (artifact id: '7622a844d0735784954cc18c0e323e77') in 0.049495 seconds
Number of updated asset objects reloaded before import = 0Number of asset objects unloaded after import = 23

========================================================================
Received Import Request.
  Time since last request: 4.334667 seconds.
  path: Assets/Low Poly Environment Starter Kit/Prefabs/URP/Terrains
  artifactKey: Guid(2357f786fc75e6044a5fe655a089898d) Importer(815301076,1909f56bfc062723c751e8b465ee728b)
Start importing Assets/Low Poly Environment Starter Kit/Prefabs/URP/Terrains using Guid(2357f786fc75e6044a5fe655a089898d) Importer(815301076,1909f56bfc062723c751e8b465ee728b) (PreviewImporter) -> (artifact id: '66fceca0dac2240f9f0598994a6eeeae') in 0.0007051 seconds
Number of updated asset objects reloaded before import = 0Number of asset objects unloaded after import = 0

========================================================================
Received Import Request.
  Time since last request: 0.052708 seconds.
  path: Assets/Low Poly Environment Starter Kit/Prefabs/URP/Terrains/Canyon.prefab
  artifactKey: Guid(95ff6f57e8fb08e4c9c38b8580fe83c1) Importer(815301076,1909f56bfc062723c751e8b465ee728b)
Start importing Assets/Low Poly Environment Starter Kit/Prefabs/URP/Terrains/Canyon.prefab using Guid(95ff6f57e8fb08e4c9c38b8580fe83c1) Importer(815301076,1909f56bfc062723c751e8b465ee728b) (PreviewImporter) -> (artifact id: 'fb281e2bec1c5af8dfd731f5d8ba7288') in 0.0508717 seconds
Number of updated asset objects reloaded before import = 0Number of asset objects unloaded after import = 23

========================================================================
Received Import Request.
  Time since last request: 0.000018 seconds.
  path: Assets/Low Poly Environment Starter Kit/Prefabs/URP/Terrains/Mountain 2.prefab
  artifactKey: Guid(8528a0df0a1c66c4cbba840cdf73c3c8) Importer(815301076,1909f56bfc062723c751e8b465ee728b)
Start importing Assets/Low Poly Environment Starter Kit/Prefabs/URP/Terrains/Mountain 2.prefab using Guid(8528a0df0a1c66c4cbba840cdf73c3c8) Importer(815301076,1909f56bfc062723c751e8b465ee728b) (PreviewImporter) -> (artifact id: 'f365a3494c7e4ce00fdde36874135512') in 0.0508557 seconds
Number of updated asset objects reloaded before import = 0Number of asset objects unloaded after import = 23

Editor requested this worker to shutdown with reason: Scaling down because of idle timeout
AssetImportWorker is now disconnected from the server
Process exiting
Exiting without the bug reporter. Application will terminate with return code 0