Using pre-set license
Built from '6000.0/staging' branch; Version is '6000.0.33f1 (433b0a79340b) revision 4406026'; Using compiler version '193933523'; Build Type 'Release'
OS: 'Windows 11  (10.0.26100) 64bit Professional' Language: 'en' Physical Memory: 32714 MB
BatchMode: 1, IsHumanControllingUs: 0, StartBugReporterOnCrash: 0, Is64bit: 1, IsPro: 1

COMMAND LINE ARGUMENTS:
C:\Program Files\Unity\Hub\Editor\6000.0.33f1\Editor\Unity.exe
-adb2
-batchMode
-noUpm
-name
AssetImportWorker9
-projectPath
C:/Users/chris/My project
-logFile
Logs/AssetImportWorker9.log
-srvPort
53775
-job-worker-count
5
-background-job-worker-count
8
-gc-helper-count
1
Successfully changed project path to: C:/Users/chris/My project
C:/Users/chris/My project
[UnityMemory] Configuration Parameters - Can be set up in boot.config
    "memorysetup-bucket-allocator-granularity=16"
    "memorysetup-bucket-allocator-bucket-count=8"
    "memorysetup-bucket-allocator-block-size=33554432"
    "memorysetup-bucket-allocator-block-count=8"
    "memorysetup-main-allocator-block-size=16777216"
    "memorysetup-thread-allocator-block-size=16777216"
    "memorysetup-gfx-main-allocator-block-size=16777216"
    "memorysetup-gfx-thread-allocator-block-size=16777216"
    "memorysetup-cache-allocator-block-size=4194304"
    "memorysetup-typetree-allocator-block-size=2097152"
    "memorysetup-profiler-bucket-allocator-granularity=16"
    "memorysetup-profiler-bucket-allocator-bucket-count=8"
    "memorysetup-profiler-bucket-allocator-block-size=33554432"
    "memorysetup-profiler-bucket-allocator-block-count=8"
    "memorysetup-profiler-allocator-block-size=16777216"
    "memorysetup-profiler-editor-allocator-block-size=1048576"
    "memorysetup-temp-allocator-size-main=16777216"
    "memorysetup-job-temp-allocator-block-size=2097152"
    "memorysetup-job-temp-allocator-block-size-background=1048576"
    "memorysetup-job-temp-allocator-reduction-small-platforms=262144"
    "memorysetup-allocator-temp-initial-block-size-main=262144"
    "memorysetup-allocator-temp-initial-block-size-worker=262144"
    "memorysetup-temp-allocator-size-background-worker=32768"
    "memorysetup-temp-allocator-size-job-worker=262144"
    "memorysetup-temp-allocator-size-preload-manager=33554432"
    "memorysetup-temp-allocator-size-nav-mesh-worker=65536"
    "memorysetup-temp-allocator-size-audio-worker=65536"
    "memorysetup-temp-allocator-size-cloud-worker=32768"
    "memorysetup-temp-allocator-size-gi-baking-worker=262144"
    "memorysetup-temp-allocator-size-gi-baking-worker=262144"
    "memorysetup-temp-allocator-size-gi-baking-worker=262144"
    "memorysetup-temp-allocator-size-gi-baking-worker=262144"
    "memorysetup-temp-allocator-size-gi-baking-worker=262144"
    "memorysetup-temp-allocator-size-gfx=262144"
Player connection [35056]  Target information:

Player connection [35056]  * "[IP] 192.168.254.100 [Port] 0 [Flags] 2 [Guid] 3598159552 [EditorId] 3598159552 [Version] 1048832 [Id] WindowsEditor(7,Picar) [Debug] 1 [PackageName] WindowsEditor [ProjectName] Editor" 

Player connection [35056] Host joined multi-casting on [225.0.0.222:54997]...
Player connection [35056] Host joined alternative multi-casting on [225.0.0.222:34997]...
JobSystem: Creating JobQueue using job-worker-count value 5
[Physics::Module] Initialized fallback backend.
[Physics::Module] Id: 0xdecafbad
Library Redirect Path: Library/
[Physics::Module] Selected backend.
[Physics::Module] Name: PhysX
[Physics::Module] Id: 0xf2b8ea05
[Physics::Module] SDK Version: 4.1.2
[Physics::Module] Integration Version: 1.0.0
[Physics::Module] Threading Mode: Multi-Threaded
Refreshing native plugins compatible for Editor in 2.81 ms, found 4 plugins.
Preloading 0 native plugins for Editor in 0.00 ms.
Initialize engine version: 6000.0.33f1 (433b0a79340b)
[Subsystems] Discovering subsystems at path C:/Program Files/Unity/Hub/Editor/6000.0.33f1/Editor/Data/Resources/UnitySubsystems
[Subsystems] Discovering subsystems at path C:/Users/chris/My project/Assets
GfxDevice: creating device client; kGfxThreadingModeNonThreaded
Direct3D:
    Version:  Direct3D 11.0 [level 11.1]
    Renderer: NVIDIA GeForce RTX 3070 (ID=0x2484)
    Vendor:   NVIDIA
    VRAM:     8018 MB
    Driver:   32.0.15.7628
Initialize mono
Mono path[0] = 'C:/Program Files/Unity/Hub/Editor/6000.0.33f1/Editor/Data/Managed'
Mono path[1] = 'C:/Program Files/Unity/Hub/Editor/6000.0.33f1/Editor/Data/MonoBleedingEdge/lib/mono/unityjit-win32'
Mono config path = 'C:/Program Files/Unity/Hub/Editor/6000.0.33f1/Editor/Data/MonoBleedingEdge/etc'
Using monoOptions --debugger-agent=transport=dt_socket,embedding=1,server=y,suspend=n,address=127.0.0.1:56092
Begin MonoManager ReloadAssembly
Registering precompiled unity dll's ...
Register platform support module: C:/Program Files/Unity/Hub/Editor/6000.0.33f1/Editor/Data/PlaybackEngines/WindowsStandaloneSupport/UnityEditor.WindowsStandalone.Extensions.dll
Registered in 0.003305 seconds.
- Loaded All Assemblies, in  0.422 seconds
Native extension for WindowsStandalone target not found
Mono: successfully reloaded assembly
- Finished resetting the current domain, in  0.334 seconds
Domain Reload Profiling: 754ms
	BeginReloadAssembly (148ms)
		ExecutionOrderSort (0ms)
		DisableScriptedObjects (0ms)
		BackupInstance (0ms)
		ReleaseScriptingObjects (0ms)
		CreateAndSetChildDomain (1ms)
	RebuildCommonClasses (41ms)
	RebuildNativeTypeToScriptingClass (16ms)
	initialDomainReloadingComplete (52ms)
	LoadAllAssembliesAndSetupDomain (163ms)
		LoadAssemblies (145ms)
		RebuildTransferFunctionScriptingTraits (0ms)
		AnalyzeDomain (159ms)
			TypeCache.Refresh (157ms)
				TypeCache.ScanAssembly (146ms)
			BuildScriptInfoCaches (0ms)
			ResolveRequiredComponents (0ms)
	FinalizeReload (335ms)
		ReleaseScriptCaches (0ms)
		RebuildScriptCaches (0ms)
		SetupLoadedEditorAssemblies (284ms)
			LogAssemblyErrors (0ms)
			InitializePlatformSupportModulesInManaged (22ms)
			SetLoadedEditorAssemblies (4ms)
			BeforeProcessingInitializeOnLoad (57ms)
			ProcessInitializeOnLoadAttributes (148ms)
			ProcessInitializeOnLoadMethodAttributes (53ms)
			AfterProcessingInitializeOnLoad (0ms)
			EditorAssembliesLoaded (0ms)
		ExecutionOrderSort2 (0ms)
		AwakeInstancesAfterBackupRestoration (0ms)
========================================================================
Worker process is ready to serve import requests
Import Worker Mode flag is 0x00
Begin MonoManager ReloadAssembly
- Loaded All Assemblies, in  0.789 seconds
Refreshing native plugins compatible for Editor in 1.13 ms, found 4 plugins.
Native extension for WindowsStandalone target not found
Refreshing native plugins compatible for Editor in 1.61 ms, found 4 plugins.
Mono: successfully reloaded assembly
- Finished resetting the current domain, in  0.889 seconds
Domain Reload Profiling: 1675ms
	BeginReloadAssembly (170ms)
		ExecutionOrderSort (0ms)
		DisableScriptedObjects (6ms)
		BackupInstance (0ms)
		ReleaseScriptingObjects (0ms)
		CreateAndSetChildDomain (36ms)
	RebuildCommonClasses (45ms)
	RebuildNativeTypeToScriptingClass (12ms)
	initialDomainReloadingComplete (39ms)
	LoadAllAssembliesAndSetupDomain (519ms)
		LoadAssemblies (327ms)
		RebuildTransferFunctionScriptingTraits (0ms)
		AnalyzeDomain (290ms)
			TypeCache.Refresh (211ms)
				TypeCache.ScanAssembly (195ms)
			BuildScriptInfoCaches (63ms)
			ResolveRequiredComponents (12ms)
	FinalizeReload (890ms)
		ReleaseScriptCaches (0ms)
		RebuildScriptCaches (0ms)
		SetupLoadedEditorAssemblies (733ms)
			LogAssemblyErrors (0ms)
			InitializePlatformSupportModulesInManaged (3ms)
			SetLoadedEditorAssemblies (5ms)
			BeforeProcessingInitializeOnLoad (104ms)
			ProcessInitializeOnLoadAttributes (516ms)
			ProcessInitializeOnLoadMethodAttributes (100ms)
			AfterProcessingInitializeOnLoad (5ms)
			EditorAssembliesLoaded (0ms)
		ExecutionOrderSort2 (0ms)
		AwakeInstancesAfterBackupRestoration (7ms)
Launched and connected shader compiler UnityShaderCompiler.exe after 0.01 seconds
Refreshing native plugins compatible for Editor in 2.07 ms, found 4 plugins.
Preloading 0 native plugins for Editor in 0.00 ms.
Unloading 205 Unused Serialized files (Serialized files now loaded: 0)
Unloading 5987 unused Assets / (3.8 MB). Loaded Objects now: 6631.
Memory consumption went from 159.2 MB to 155.4 MB.
Total: 15.868900 ms (FindLiveObjects: 1.160000 ms CreateObjectMapping: 1.417800 ms MarkObjects: 8.321900 ms  DeleteObjects: 4.958800 ms)

========================================================================
Received Import Request.
  Time since last request: 31803.844811 seconds.
  path: Assets/Low Poly Environment Starter Kit/Prefabs/HDRP/Terrains/Mountain 1.prefab
  artifactKey: Guid(efddb74e82fe03e40a2517c897b0652f) Importer(2089858483,192608db42251d675da83286b1cce702)
Start importing Assets/Low Poly Environment Starter Kit/Prefabs/HDRP/Terrains/Mountain 1.prefab using Guid(efddb74e82fe03e40a2517c897b0652f) Importer(2089858483,192608db42251d675da83286b1cce702) (ScriptedImporter) -> (artifact id: 'e23e50bc5a8fdbb71f0d502fcf259d9c') in 0.3558324 seconds
Number of updated asset objects reloaded before import = 0Number of asset objects unloaded after import = 10

========================================================================
Received Import Request.
  Time since last request: 0.000015 seconds.
  path: Assets/Low Poly Environment Starter Kit/Prefabs/Standard/Rocks/Rock 7.prefab
  artifactKey: Guid(a4c18e0159dc62f47ac6306b8a6b17bf) Importer(2089858483,192608db42251d675da83286b1cce702)
Start importing Assets/Low Poly Environment Starter Kit/Prefabs/Standard/Rocks/Rock 7.prefab using Guid(a4c18e0159dc62f47ac6306b8a6b17bf) Importer(2089858483,192608db42251d675da83286b1cce702) (ScriptedImporter) -> (artifact id: '67d8e8b3e255f40078c19fa71cbdc1b1') in 0.0135208 seconds
Number of updated asset objects reloaded before import = 0Number of asset objects unloaded after import = 10

========================================================================
Received Import Request.
  Time since last request: 0.000022 seconds.
  path: Assets/Low Poly Environment Starter Kit/Prefabs/Standard/Rocks/Rock 11.prefab
  artifactKey: Guid(95243de08a950c64d9638230601e7e15) Importer(2089858483,192608db42251d675da83286b1cce702)
Start importing Assets/Low Poly Environment Starter Kit/Prefabs/Standard/Rocks/Rock 11.prefab using Guid(95243de08a950c64d9638230601e7e15) Importer(2089858483,192608db42251d675da83286b1cce702) (ScriptedImporter) -> (artifact id: '8765d4bdb3e3dca9c1491f05eee56817') in 0.0117598 seconds
Number of updated asset objects reloaded before import = 0Number of asset objects unloaded after import = 10

========================================================================
Received Import Request.
  Time since last request: 0.000012 seconds.
  path: Assets/Low Poly Environment Starter Kit/Prefabs/HDRP/Terrains/Mountain 3.prefab
  artifactKey: Guid(c4b312cc1794e9446a754737f9dc6e34) Importer(2089858483,192608db42251d675da83286b1cce702)
Start importing Assets/Low Poly Environment Starter Kit/Prefabs/HDRP/Terrains/Mountain 3.prefab using Guid(c4b312cc1794e9446a754737f9dc6e34) Importer(2089858483,192608db42251d675da83286b1cce702) (ScriptedImporter) -> (artifact id: 'd1fe6d343d16931b1c442dc2c48ef486') in 0.0131584 seconds
Number of updated asset objects reloaded before import = 0Number of asset objects unloaded after import = 10

========================================================================
Received Import Request.
  Time since last request: 0.000011 seconds.
  path: Assets/Low Poly Environment Starter Kit/Prefabs/HDRP/Rocks/Rock 5.prefab
  artifactKey: Guid(69b4467e5f101614bb3bdeba2d78e579) Importer(2089858483,192608db42251d675da83286b1cce702)
Start importing Assets/Low Poly Environment Starter Kit/Prefabs/HDRP/Rocks/Rock 5.prefab using Guid(69b4467e5f101614bb3bdeba2d78e579) Importer(2089858483,192608db42251d675da83286b1cce702) (ScriptedImporter) -> (artifact id: '0a2349e03011ea0cf567a52e123c115f') in 0.0126684 seconds
Number of updated asset objects reloaded before import = 0Number of asset objects unloaded after import = 10

========================================================================
Received Import Request.
  Time since last request: 0.000011 seconds.
  path: Assets/Low Poly Environment Starter Kit/Prefabs/HDRP/Other/Bush 1.prefab
  artifactKey: Guid(18ae834b5172a8445b8ad87d7362cc8f) Importer(2089858483,192608db42251d675da83286b1cce702)
Start importing Assets/Low Poly Environment Starter Kit/Prefabs/HDRP/Other/Bush 1.prefab using Guid(18ae834b5172a8445b8ad87d7362cc8f) Importer(2089858483,192608db42251d675da83286b1cce702) (ScriptedImporter) -> (artifact id: 'b554f0bc19d3e92c6d02eae28e163cd6') in 0.0126392 seconds
Number of updated asset objects reloaded before import = 0Number of asset objects unloaded after import = 10

========================================================================
Received Import Request.
  Time since last request: 0.000016 seconds.
  path: Assets/Low Poly Environment Starter Kit/Prefabs/HDRP/Other/Grass 2.prefab
  artifactKey: Guid(363b89744c7d8b642a2acdfb132c2775) Importer(2089858483,192608db42251d675da83286b1cce702)
Start importing Assets/Low Poly Environment Starter Kit/Prefabs/HDRP/Other/Grass 2.prefab using Guid(363b89744c7d8b642a2acdfb132c2775) Importer(2089858483,192608db42251d675da83286b1cce702) (ScriptedImporter) -> (artifact id: '93ff52d4d77decc63c2f6d1aefe79145') in 0.011871 seconds
Number of updated asset objects reloaded before import = 0Number of asset objects unloaded after import = 10

========================================================================
Received Import Request.
  Time since last request: 0.000015 seconds.
  path: Assets/Bitgem/StylisedWater/URP/Shaders/WaterVolume-URP.shadergraph
  artifactKey: Guid(2cddf2ee6a74aca44af00f5a49bd2cf1) Importer(2089858483,192608db42251d675da83286b1cce702)
Start importing Assets/Bitgem/StylisedWater/URP/Shaders/WaterVolume-URP.shadergraph using Guid(2cddf2ee6a74aca44af00f5a49bd2cf1) Importer(2089858483,192608db42251d675da83286b1cce702) (ScriptedImporter) -> (artifact id: '3a23f3c1b53c916b18f918fa0d4210a8') in 0.0391534 seconds
Number of updated asset objects reloaded before import = 0Number of asset objects unloaded after import = 5

========================================================================
Received Import Request.
  Time since last request: 0.000021 seconds.
  path: Assets/ERP/Editor/Plugins/DiscordSDK/LobbyManager.cs
  artifactKey: Guid(d033386aa12b5434890ecd02dfb2486d) Importer(2089858483,192608db42251d675da83286b1cce702)
Start importing Assets/ERP/Editor/Plugins/DiscordSDK/LobbyManager.cs using Guid(d033386aa12b5434890ecd02dfb2486d) Importer(2089858483,192608db42251d675da83286b1cce702) (ScriptedImporter) -> (artifact id: '45954ef75cdc48819cfba14bee984656') in 0.0112581 seconds
Number of updated asset objects reloaded before import = 0Number of asset objects unloaded after import = 0

========================================================================
Received Import Request.
  Time since last request: 0.000022 seconds.
  path: Assets/Low Poly Environment Starter Kit/Prefabs/HDRP/Rocks/Rock Pile 1.prefab
  artifactKey: Guid(4bac1fb2510336345b46d088ec78919f) Importer(2089858483,192608db42251d675da83286b1cce702)
Start importing Assets/Low Poly Environment Starter Kit/Prefabs/HDRP/Rocks/Rock Pile 1.prefab using Guid(4bac1fb2510336345b46d088ec78919f) Importer(2089858483,192608db42251d675da83286b1cce702) (ScriptedImporter) -> (artifact id: 'e7bd54ef007751cc63e6437c772c2256') in 0.0127484 seconds
Number of updated asset objects reloaded before import = 0Number of asset objects unloaded after import = 10

========================================================================
Received Import Request.
  Time since last request: 0.000013 seconds.
  path: Assets/Low Poly Environment Starter Kit/Prefabs/Standard/Other/Water.prefab
  artifactKey: Guid(60f5b5985e1f295418a14e3e3ee9934a) Importer(2089858483,192608db42251d675da83286b1cce702)
Start importing Assets/Low Poly Environment Starter Kit/Prefabs/Standard/Other/Water.prefab using Guid(60f5b5985e1f295418a14e3e3ee9934a) Importer(2089858483,192608db42251d675da83286b1cce702) (ScriptedImporter) -> (artifact id: '21aab9403e0feb90e5f375767bf6f426') in 0.0145564 seconds
Number of updated asset objects reloaded before import = 0Number of asset objects unloaded after import = 10

========================================================================
Received Import Request.
  Time since last request: 0.000016 seconds.
  path: Assets/Fantasy house/Textures/Lamp.001_Metallic.png
  artifactKey: Guid(72130a8710aa3ce48b138f1153a47e7f) Importer(2089858483,192608db42251d675da83286b1cce702)
Start importing Assets/Fantasy house/Textures/Lamp.001_Metallic.png using Guid(72130a8710aa3ce48b138f1153a47e7f) Importer(2089858483,192608db42251d675da83286b1cce702) (ScriptedImporter) -> (artifact id: '6150432b281fa207ae569464387f0322') in 0.0476143 seconds
Number of updated asset objects reloaded before import = 0Number of asset objects unloaded after import = 1

========================================================================
Received Import Request.
  Time since last request: 0.000019 seconds.
  path: Assets/Low Poly Environment Starter Kit/Prefabs/Standard/Trees/Pine 3.prefab
  artifactKey: Guid(96ba1b93b84bf1747bf34efceee42e5e) Importer(2089858483,192608db42251d675da83286b1cce702)
Start importing Assets/Low Poly Environment Starter Kit/Prefabs/Standard/Trees/Pine 3.prefab using Guid(96ba1b93b84bf1747bf34efceee42e5e) Importer(2089858483,192608db42251d675da83286b1cce702) (ScriptedImporter) -> (artifact id: 'a0b1462d85a9e27b29137a76eeeb383c') in 0.013845 seconds
Number of updated asset objects reloaded before import = 0Number of asset objects unloaded after import = 17

========================================================================
Received Import Request.
  Time since last request: 0.000015 seconds.
  path: Assets/Low Poly Environment Starter Kit/Prefabs/Standard/Trees/Pine 2.prefab
  artifactKey: Guid(8f9ba795b7b2cc447a11bc8f5d525f38) Importer(2089858483,192608db42251d675da83286b1cce702)
Start importing Assets/Low Poly Environment Starter Kit/Prefabs/Standard/Trees/Pine 2.prefab using Guid(8f9ba795b7b2cc447a11bc8f5d525f38) Importer(2089858483,192608db42251d675da83286b1cce702) (ScriptedImporter) -> (artifact id: '7e1454bc8b4800f699c41b07e771c366') in 0.0127772 seconds
Number of updated asset objects reloaded before import = 0Number of asset objects unloaded after import = 17

========================================================================
Received Import Request.
  Time since last request: 0.000026 seconds.
  path: Assets/Low Poly Environment Starter Kit/Prefabs/Standard/Trees/Tree 1.prefab
  artifactKey: Guid(abd7bfb0d3fd5a348a745a6585dc01a9) Importer(2089858483,192608db42251d675da83286b1cce702)
Start importing Assets/Low Poly Environment Starter Kit/Prefabs/Standard/Trees/Tree 1.prefab using Guid(abd7bfb0d3fd5a348a745a6585dc01a9) Importer(2089858483,192608db42251d675da83286b1cce702) (ScriptedImporter) -> (artifact id: 'd99e93a0a1cad0d366b99305ec4ae788') in 0.0140481 seconds
Number of updated asset objects reloaded before import = 0Number of asset objects unloaded after import = 17

========================================================================
Received Import Request.
  Time since last request: 0.000013 seconds.
  path: Assets/Low Poly Environment Starter Kit/Prefabs/Standard/Trees/Pine 5.prefab
  artifactKey: Guid(d2c01e12643106a429a67af5d844dc1b) Importer(2089858483,192608db42251d675da83286b1cce702)
Start importing Assets/Low Poly Environment Starter Kit/Prefabs/Standard/Trees/Pine 5.prefab using Guid(d2c01e12643106a429a67af5d844dc1b) Importer(2089858483,192608db42251d675da83286b1cce702) (ScriptedImporter) -> (artifact id: 'e70e65cb6fe5e8b036d4d01c9d65709b') in 0.0127279 seconds
Number of updated asset objects reloaded before import = 0Number of asset objects unloaded after import = 17

========================================================================
Received Import Request.
  Time since last request: 0.000012 seconds.
  path: Assets/Low Poly Environment Starter Kit/Prefabs/URP/Other/Grass 2.prefab
  artifactKey: Guid(6a90fc4f23741bf47b02318b3a4a7aa6) Importer(2089858483,192608db42251d675da83286b1cce702)
Start importing Assets/Low Poly Environment Starter Kit/Prefabs/URP/Other/Grass 2.prefab using Guid(6a90fc4f23741bf47b02318b3a4a7aa6) Importer(2089858483,192608db42251d675da83286b1cce702) (ScriptedImporter) -> (artifact id: 'c83c9d31406c44a3fdbdc42c27c1d95a') in 0.0133433 seconds
Number of updated asset objects reloaded before import = 0Number of asset objects unloaded after import = 10

========================================================================
Received Import Request.
  Time since last request: 0.000015 seconds.
  path: Assets/Low Poly Environment Starter Kit/Prefabs/URP/Other/Bush 3.prefab
  artifactKey: Guid(b1819af2bf9a9d14a935d8e7fd7b7cbc) Importer(2089858483,192608db42251d675da83286b1cce702)
Start importing Assets/Low Poly Environment Starter Kit/Prefabs/URP/Other/Bush 3.prefab using Guid(b1819af2bf9a9d14a935d8e7fd7b7cbc) Importer(2089858483,192608db42251d675da83286b1cce702) (ScriptedImporter) -> (artifact id: '06fd554a14132471846534c5828699da') in 0.0140586 seconds
Number of updated asset objects reloaded before import = 0Number of asset objects unloaded after import = 10

========================================================================
Received Import Request.
  Time since last request: 0.000019 seconds.
  path: Assets/Low Poly Environment Starter Kit/Prefabs/URP/Other/Grass 4.prefab
  artifactKey: Guid(150cf7551d9b9ce40aaa3d5b7c355fcb) Importer(2089858483,192608db42251d675da83286b1cce702)
Start importing Assets/Low Poly Environment Starter Kit/Prefabs/URP/Other/Grass 4.prefab using Guid(150cf7551d9b9ce40aaa3d5b7c355fcb) Importer(2089858483,192608db42251d675da83286b1cce702) (ScriptedImporter) -> (artifact id: '2c6ead16d644a219402785f268155776') in 0.01439 seconds
Number of updated asset objects reloaded before import = 0Number of asset objects unloaded after import = 10

========================================================================
Received Import Request.
  Time since last request: 0.000014 seconds.
  path: Assets/Low Poly Environment Starter Kit/Prefabs/Standard/Trees/Tree 5.prefab
  artifactKey: Guid(7a91bca74e8b8574dbb2ef5d02bd82c3) Importer(2089858483,192608db42251d675da83286b1cce702)
Start importing Assets/Low Poly Environment Starter Kit/Prefabs/Standard/Trees/Tree 5.prefab using Guid(7a91bca74e8b8574dbb2ef5d02bd82c3) Importer(2089858483,192608db42251d675da83286b1cce702) (ScriptedImporter) -> (artifact id: 'a0bf410eb9c37a7ef90649e3d503c6fb') in 0.0127493 seconds
Number of updated asset objects reloaded before import = 0Number of asset objects unloaded after import = 17

========================================================================
Received Import Request.
  Time since last request: 0.000022 seconds.
  path: Assets/Low Poly Environment Starter Kit/Prefabs/Standard/Trees/Tree 3.prefab
  artifactKey: Guid(5d7fbebcbe27e29468ebe80336195016) Importer(2089858483,192608db42251d675da83286b1cce702)
Start importing Assets/Low Poly Environment Starter Kit/Prefabs/Standard/Trees/Tree 3.prefab using Guid(5d7fbebcbe27e29468ebe80336195016) Importer(2089858483,192608db42251d675da83286b1cce702) (ScriptedImporter) -> (artifact id: '5c35904ecc9d6c7edc590a6e78286998') in 0.01845 seconds
Number of updated asset objects reloaded before import = 0Number of asset objects unloaded after import = 17

========================================================================
Received Import Request.
  Time since last request: 0.000025 seconds.
  path: Assets/Low Poly Environment Starter Kit/Documentation.pdf
  artifactKey: Guid(a510258327dcbeb4c84162ebd208a82c) Importer(2089858483,192608db42251d675da83286b1cce702)
Start importing Assets/Low Poly Environment Starter Kit/Documentation.pdf using Guid(a510258327dcbeb4c84162ebd208a82c) Importer(2089858483,192608db42251d675da83286b1cce702) (ScriptedImporter) -> (artifact id: '031e9a5a8fcec97dadbc8cfe24039e3b') in 0.0126696 seconds
Number of updated asset objects reloaded before import = 0Number of asset objects unloaded after import = 1

========================================================================
Received Import Request.
  Time since last request: 0.000019 seconds.
  path: Assets/Alstra Infinite/Boats LowPoly/Models/1.2 Version/Wood_BoatV1.fbx
  artifactKey: Guid(fbb5dcac895ea8f48baac0a05c571227) Importer(2089858483,192608db42251d675da83286b1cce702)
Start importing Assets/Alstra Infinite/Boats LowPoly/Models/1.2 Version/Wood_BoatV1.fbx using Guid(fbb5dcac895ea8f48baac0a05c571227) Importer(2089858483,192608db42251d675da83286b1cce702) (ScriptedImporter) -> (artifact id: 'f5a893a6d8fc1e973b35e148873d154b') in 0.0544304 seconds
Number of updated asset objects reloaded before import = 0Number of asset objects unloaded after import = 9

========================================================================
Received Import Request.
  Time since last request: 0.000014 seconds.
  path: Assets/Low Poly Environment Starter Kit/Prefabs/URP/Rocks/Rock Pile 1.prefab
  artifactKey: Guid(9fd89c45bf7e1304088137c6ba34dbb0) Importer(2089858483,192608db42251d675da83286b1cce702)
Start importing Assets/Low Poly Environment Starter Kit/Prefabs/URP/Rocks/Rock Pile 1.prefab using Guid(9fd89c45bf7e1304088137c6ba34dbb0) Importer(2089858483,192608db42251d675da83286b1cce702) (ScriptedImporter) -> (artifact id: '8c3432ef3b3f36c0b8a2c64901678e5e') in 0.0142661 seconds
Number of updated asset objects reloaded before import = 0Number of asset objects unloaded after import = 10

========================================================================
Received Import Request.
  Time since last request: 0.000017 seconds.
  path: Assets/Low Poly Environment Starter Kit/Prefabs/URP/Trees/Pine 1.prefab
  artifactKey: Guid(cae27e3850d0c804290a044c9e70d6f0) Importer(2089858483,192608db42251d675da83286b1cce702)
Start importing Assets/Low Poly Environment Starter Kit/Prefabs/URP/Trees/Pine 1.prefab using Guid(cae27e3850d0c804290a044c9e70d6f0) Importer(2089858483,192608db42251d675da83286b1cce702) (ScriptedImporter) -> (artifact id: '91111e013ddf1abb0533b2479c20ecfe') in 0.0128762 seconds
Number of updated asset objects reloaded before import = 0Number of asset objects unloaded after import = 18

========================================================================
Received Import Request.
  Time since last request: 0.000016 seconds.
  path: Assets/Low Poly Environment Starter Kit/Prefabs/URP/Rocks/Rock 4.prefab
  artifactKey: Guid(c033eb3bc0a9def44baaffe74145799b) Importer(2089858483,192608db42251d675da83286b1cce702)
Start importing Assets/Low Poly Environment Starter Kit/Prefabs/URP/Rocks/Rock 4.prefab using Guid(c033eb3bc0a9def44baaffe74145799b) Importer(2089858483,192608db42251d675da83286b1cce702) (ScriptedImporter) -> (artifact id: '55cd4df1a3cf95fd5f6299da1dbb3784') in 0.0121924 seconds
Number of updated asset objects reloaded before import = 0Number of asset objects unloaded after import = 10

========================================================================
Received Import Request.
  Time since last request: 0.000024 seconds.
  path: Assets/Low Poly Environment Starter Kit/Prefabs/URP/Rocks/Rock 5.prefab
  artifactKey: Guid(b0af5191633fdd346a14b66abe9748f2) Importer(2089858483,192608db42251d675da83286b1cce702)
Start importing Assets/Low Poly Environment Starter Kit/Prefabs/URP/Rocks/Rock 5.prefab using Guid(b0af5191633fdd346a14b66abe9748f2) Importer(2089858483,192608db42251d675da83286b1cce702) (ScriptedImporter) -> (artifact id: '85dbf4553d0feca9565a97f04f2ebf58') in 0.011571 seconds
Number of updated asset objects reloaded before import = 0Number of asset objects unloaded after import = 10

========================================================================
Received Import Request.
  Time since last request: 0.000013 seconds.
  path: Assets/Low Poly Environment Starter Kit/Prefabs/URP/Terrains/Lake.prefab
  artifactKey: Guid(74b914677bbfa914daea0970c81540a5) Importer(2089858483,192608db42251d675da83286b1cce702)
Start importing Assets/Low Poly Environment Starter Kit/Prefabs/URP/Terrains/Lake.prefab using Guid(74b914677bbfa914daea0970c81540a5) Importer(2089858483,192608db42251d675da83286b1cce702) (ScriptedImporter) -> (artifact id: 'a370fa997614c09cc7f697dac7c1f56d') in 0.0270116 seconds
Number of updated asset objects reloaded before import = 0Number of asset objects unloaded after import = 32

========================================================================
Received Import Request.
  Time since last request: 0.000017 seconds.
  path: Assets/Low Poly Environment Starter Kit/Prefabs/URP/Trees/Pine 5.prefab
  artifactKey: Guid(0219044f309a5d94281b70ce19167893) Importer(2089858483,192608db42251d675da83286b1cce702)
Start importing Assets/Low Poly Environment Starter Kit/Prefabs/URP/Trees/Pine 5.prefab using Guid(0219044f309a5d94281b70ce19167893) Importer(2089858483,192608db42251d675da83286b1cce702) (ScriptedImporter) -> (artifact id: 'd20d83f0e1fac4e28503ba07e0830116') in 0.0147848 seconds
Number of updated asset objects reloaded before import = 0Number of asset objects unloaded after import = 17

========================================================================
Received Import Request.
  Time since last request: 0.000015 seconds.
  path: Assets/Low Poly Environment Starter Kit/Prefabs/URP/Terrains/Canyon.prefab
  artifactKey: Guid(95ff6f57e8fb08e4c9c38b8580fe83c1) Importer(2089858483,192608db42251d675da83286b1cce702)
Start importing Assets/Low Poly Environment Starter Kit/Prefabs/URP/Terrains/Canyon.prefab using Guid(95ff6f57e8fb08e4c9c38b8580fe83c1) Importer(2089858483,192608db42251d675da83286b1cce702) (ScriptedImporter) -> (artifact id: '0a7a5b4e7b61e5d9fec9413e12262413') in 0.0140086 seconds
Number of updated asset objects reloaded before import = 0Number of asset objects unloaded after import = 10

========================================================================
Received Import Request.
  Time since last request: 0.000013 seconds.
  path: Assets/Low Poly Environment Starter Kit/Prefabs/URP/Trees/Tree 8.prefab
  artifactKey: Guid(e37205432e512c841ae7a9bddaefe239) Importer(2089858483,192608db42251d675da83286b1cce702)
Start importing Assets/Low Poly Environment Starter Kit/Prefabs/URP/Trees/Tree 8.prefab using Guid(e37205432e512c841ae7a9bddaefe239) Importer(2089858483,192608db42251d675da83286b1cce702) (ScriptedImporter) -> (artifact id: '447d315886584b3dd6b2137b8e35f80b') in 0.0150447 seconds
Number of updated asset objects reloaded before import = 0Number of asset objects unloaded after import = 17

========================================================================
Received Import Request.
  Time since last request: 0.000014 seconds.
  path: Assets/Alstra Infinite/Boats LowPoly/Models/1.2 Version/JetskiV1.fbx
  artifactKey: Guid(bb4e271d4c3affa45bd027ab7d1b1e51) Importer(2089858483,192608db42251d675da83286b1cce702)
Start importing Assets/Alstra Infinite/Boats LowPoly/Models/1.2 Version/JetskiV1.fbx using Guid(bb4e271d4c3affa45bd027ab7d1b1e51) Importer(2089858483,192608db42251d675da83286b1cce702) (ScriptedImporter) -> (artifact id: '083ecf50b629ff38c033e542b1530715') in 0.0208451 seconds
Number of updated asset objects reloaded before import = 0Number of asset objects unloaded after import = 9

========================================================================
Received Import Request.
  Time since last request: 0.000022 seconds.
  path: Assets/Scenes/Yawa.unity
  artifactKey: Guid(99c9720ab356a0642a771bea13969a05) Importer(2089858483,192608db42251d675da83286b1cce702)
Start importing Assets/Scenes/Yawa.unity using Guid(99c9720ab356a0642a771bea13969a05) Importer(2089858483,192608db42251d675da83286b1cce702) (ScriptedImporter) -> (artifact id: '30cbb34d8a7e48345b97e8f294de0e8c') in 0.0134625 seconds
Number of updated asset objects reloaded before import = 0Number of asset objects unloaded after import = 1

========================================================================
Received Import Request.
  Time since last request: 0.000097 seconds.
  path: Assets/TutorialInfo/Layout.wlt
  artifactKey: Guid(eabc9546105bf4accac1fd62a63e88e6) Importer(2089858483,192608db42251d675da83286b1cce702)
Start importing Assets/TutorialInfo/Layout.wlt using Guid(eabc9546105bf4accac1fd62a63e88e6) Importer(2089858483,192608db42251d675da83286b1cce702) (ScriptedImporter) -> (artifact id: '2beae7666cac3b9b33f066d2a34ab2ec') in 0.0107636 seconds
Number of updated asset objects reloaded before import = 0Number of asset objects unloaded after import = 1

========================================================================
Received Import Request.
  Time since last request: 0.000017 seconds.
  path: Assets/Low Poly Environment Starter Kit/Source/Material/URP/Grass.mat
  artifactKey: Guid(ad42f0920d7a11445b0e8373db3fe46e) Importer(2089858483,192608db42251d675da83286b1cce702)
Start importing Assets/Low Poly Environment Starter Kit/Source/Material/URP/Grass.mat using Guid(ad42f0920d7a11445b0e8373db3fe46e) Importer(2089858483,192608db42251d675da83286b1cce702) (ScriptedImporter) -> (artifact id: '75e9266f1629b94a2fb4af35e2e91edf') in 0.0139199 seconds
Number of updated asset objects reloaded before import = 0Number of asset objects unloaded after import = 6

========================================================================
Received Import Request.
  Time since last request: 0.000014 seconds.
  path: Assets/Low Poly Environment Starter Kit/Source/Material/HDRP/Leaves 3.mat
  artifactKey: Guid(87125f9d77ed7de46b787a54e93086fc) Importer(2089858483,192608db42251d675da83286b1cce702)
Start importing Assets/Low Poly Environment Starter Kit/Source/Material/HDRP/Leaves 3.mat using Guid(87125f9d77ed7de46b787a54e93086fc) Importer(2089858483,192608db42251d675da83286b1cce702) (ScriptedImporter) -> (artifact id: '92d8e1ada41b09588dc0f2cc6d8718de') in 0.0143272 seconds
Number of updated asset objects reloaded before import = 0Number of asset objects unloaded after import = 5

========================================================================
Received Import Request.
  Time since last request: 0.000020 seconds.
  path: Assets/Low Poly Environment Starter Kit/Source/Material/Standard/Grass.mat
  artifactKey: Guid(b8a28887cdc261940beb9dde5135f816) Importer(2089858483,192608db42251d675da83286b1cce702)
Start importing Assets/Low Poly Environment Starter Kit/Source/Material/Standard/Grass.mat using Guid(b8a28887cdc261940beb9dde5135f816) Importer(2089858483,192608db42251d675da83286b1cce702) (ScriptedImporter) -> (artifact id: 'fb631ea13d3a8e5839877b698ae29791') in 0.0134638 seconds
Number of updated asset objects reloaded before import = 0Number of asset objects unloaded after import = 1

========================================================================
Received Import Request.
  Time since last request: 0.000013 seconds.
  path: Assets/Low Poly Environment Starter Kit/Source/Material/HDRP/Water Material.mat
  artifactKey: Guid(eb8eeeb56dbc7d34f9708b9545d6d83a) Importer(2089858483,192608db42251d675da83286b1cce702)
Start importing Assets/Low Poly Environment Starter Kit/Source/Material/HDRP/Water Material.mat using Guid(eb8eeeb56dbc7d34f9708b9545d6d83a) Importer(2089858483,192608db42251d675da83286b1cce702) (ScriptedImporter) -> (artifact id: 'f022ab25312a70372aad460cf6486c93') in 0.0137589 seconds
Number of updated asset objects reloaded before import = 0Number of asset objects unloaded after import = 7

========================================================================
Received Import Request.
  Time since last request: 0.000021 seconds.
  path: Assets/Low Poly Environment Starter Kit/Source/Material/URP/Snow.mat
  artifactKey: Guid(94507a5dde644bc4f9f6ea0e77e329e8) Importer(2089858483,192608db42251d675da83286b1cce702)
Start importing Assets/Low Poly Environment Starter Kit/Source/Material/URP/Snow.mat using Guid(94507a5dde644bc4f9f6ea0e77e329e8) Importer(2089858483,192608db42251d675da83286b1cce702) (ScriptedImporter) -> (artifact id: '8bcaacdf56f23b4bf05cd67ebe4bed80') in 0.0111565 seconds
Number of updated asset objects reloaded before import = 0Number of asset objects unloaded after import = 1

========================================================================
Received Import Request.
  Time since last request: 0.000021 seconds.
  path: Assets/Low Poly Environment Starter Kit/Source/Material/Standard/Ground.mat
  artifactKey: Guid(8e85fad1e3c5ae8408a36a756fae14de) Importer(2089858483,192608db42251d675da83286b1cce702)
Start importing Assets/Low Poly Environment Starter Kit/Source/Material/Standard/Ground.mat using Guid(8e85fad1e3c5ae8408a36a756fae14de) Importer(2089858483,192608db42251d675da83286b1cce702) (ScriptedImporter) -> (artifact id: '2b54e33d149b6f90e8f074a63e0d0ed5') in 0.0135725 seconds
Number of updated asset objects reloaded before import = 0Number of asset objects unloaded after import = 1

========================================================================
Received Import Request.
  Time since last request: 0.000015 seconds.
  path: Assets/Low Poly Environment Starter Kit/Source/Material/URP/Rock.mat
  artifactKey: Guid(6ff9ff16112422349b2b8c7871d4eb8c) Importer(2089858483,192608db42251d675da83286b1cce702)
Start importing Assets/Low Poly Environment Starter Kit/Source/Material/URP/Rock.mat using Guid(6ff9ff16112422349b2b8c7871d4eb8c) Importer(2089858483,192608db42251d675da83286b1cce702) (ScriptedImporter) -> (artifact id: 'ee82d2be32a8a66f5d340b721fe0409e') in 0.014603 seconds
Number of updated asset objects reloaded before import = 0Number of asset objects unloaded after import = 5

========================================================================
Received Import Request.
  Time since last request: 0.000019 seconds.
  path: Assets/Low Poly Environment Starter Kit/Source/Material/HDRP/Leaves 2.mat
  artifactKey: Guid(28195f6f4f5ca414dbf3f5b4cbe1ebc3) Importer(2089858483,192608db42251d675da83286b1cce702)
Start importing Assets/Low Poly Environment Starter Kit/Source/Material/HDRP/Leaves 2.mat using Guid(28195f6f4f5ca414dbf3f5b4cbe1ebc3) Importer(2089858483,192608db42251d675da83286b1cce702) (ScriptedImporter) -> (artifact id: '54d1b3394fb1e5525153fe1e7bdc8030') in 0.0138708 seconds
Number of updated asset objects reloaded before import = 0Number of asset objects unloaded after import = 5

========================================================================
Received Import Request.
  Time since last request: 0.000017 seconds.
  path: Assets/Low Poly Environment Starter Kit/Source/Material/URP/Leaves 3.mat
  artifactKey: Guid(8459dda93f918784dbf091c320ca00d9) Importer(2089858483,192608db42251d675da83286b1cce702)
Start importing Assets/Low Poly Environment Starter Kit/Source/Material/URP/Leaves 3.mat using Guid(8459dda93f918784dbf091c320ca00d9) Importer(2089858483,192608db42251d675da83286b1cce702) (ScriptedImporter) -> (artifact id: '9861b09148bec1838b087c5f8a7600f8') in 0.0147331 seconds
Number of updated asset objects reloaded before import = 0Number of asset objects unloaded after import = 5

========================================================================
Received Import Request.
  Time since last request: 0.000013 seconds.
  path: Assets/Low Poly Environment Starter Kit/Source/Material/URP/Bush.mat
  artifactKey: Guid(abff9a0e7b711f545838fe6043bc2006) Importer(2089858483,192608db42251d675da83286b1cce702)
Start importing Assets/Low Poly Environment Starter Kit/Source/Material/URP/Bush.mat using Guid(abff9a0e7b711f545838fe6043bc2006) Importer(2089858483,192608db42251d675da83286b1cce702) (ScriptedImporter) -> (artifact id: 'c87d4a1cc45145b82934ca15ded81396') in 0.0127849 seconds
Number of updated asset objects reloaded before import = 0Number of asset objects unloaded after import = 5

========================================================================
Received Import Request.
  Time since last request: 0.000022 seconds.
  path: Assets/Low Poly Environment Starter Kit/Source/Material/HDRP/Bush.mat
  artifactKey: Guid(26e0b4c2644d4ba45bf57a2638224795) Importer(2089858483,192608db42251d675da83286b1cce702)
Start importing Assets/Low Poly Environment Starter Kit/Source/Material/HDRP/Bush.mat using Guid(26e0b4c2644d4ba45bf57a2638224795) Importer(2089858483,192608db42251d675da83286b1cce702) (ScriptedImporter) -> (artifact id: 'ee0887a17f3d87ad79b2ac6a87df785a') in 0.0162983 seconds
Number of updated asset objects reloaded before import = 0Number of asset objects unloaded after import = 5

========================================================================
Received Import Request.
  Time since last request: 0.000028 seconds.
  path: Assets/PolyOne/Rocks Stylized/Prefabs/SM_Rocks_02.prefab
  artifactKey: Guid(8b2f7789077f69f458e3919626d6ea22) Importer(2089858483,192608db42251d675da83286b1cce702)
Start importing Assets/PolyOne/Rocks Stylized/Prefabs/SM_Rocks_02.prefab using Guid(8b2f7789077f69f458e3919626d6ea22) Importer(2089858483,192608db42251d675da83286b1cce702) (ScriptedImporter) -> (artifact id: '52516114b3ab3209d01af0b241036287') in 0.0178297 seconds
Number of updated asset objects reloaded before import = 0Number of asset objects unloaded after import = 8

========================================================================
Received Import Request.
  Time since last request: 0.000017 seconds.
  path: Assets/Low Poly Environment Starter Kit/Source/Meshes/Other/Bush_3.fbx
  artifactKey: Guid(2bd57b0b74f27c54d93ff39f7f98809d) Importer(2089858483,192608db42251d675da83286b1cce702)
Start importing Assets/Low Poly Environment Starter Kit/Source/Meshes/Other/Bush_3.fbx using Guid(2bd57b0b74f27c54d93ff39f7f98809d) Importer(2089858483,192608db42251d675da83286b1cce702) (ScriptedImporter) -> (artifact id: '67288bb8daf6600e69d8d1cc6c5d1255') in 0.0163423 seconds
Number of updated asset objects reloaded before import = 0Number of asset objects unloaded after import = 7

========================================================================
Received Import Request.
  Time since last request: 0.000015 seconds.
  path: Assets/Low Poly Environment Starter Kit/Source/Material/URP/Water Material.mat
  artifactKey: Guid(06cc72b556f222641a3b01967b597084) Importer(2089858483,192608db42251d675da83286b1cce702)
Start importing Assets/Low Poly Environment Starter Kit/Source/Material/URP/Water Material.mat using Guid(06cc72b556f222641a3b01967b597084) Importer(2089858483,192608db42251d675da83286b1cce702) (ScriptedImporter) -> (artifact id: '1d5d961843c9f3438a35dce7a934944b') in 0.0152366 seconds
Number of updated asset objects reloaded before import = 0Number of asset objects unloaded after import = 7

========================================================================
Received Import Request.
  Time since last request: 0.000016 seconds.
  path: Assets/Low Poly Environment Starter Kit/Source/Material/URP/Tree Bark.mat
  artifactKey: Guid(a96f652dead598643b543f4d3df988c1) Importer(2089858483,192608db42251d675da83286b1cce702)
Start importing Assets/Low Poly Environment Starter Kit/Source/Material/URP/Tree Bark.mat using Guid(a96f652dead598643b543f4d3df988c1) Importer(2089858483,192608db42251d675da83286b1cce702) (ScriptedImporter) -> (artifact id: '4a675c27c8171031d2783fbea151d6c3') in 0.0131706 seconds
Number of updated asset objects reloaded before import = 0Number of asset objects unloaded after import = 5

========================================================================
Received Import Request.
  Time since last request: 0.000024 seconds.
  path: Assets/Low Poly Environment Starter Kit/Source/Meshes/Rocks/Stone_12.fbx
  artifactKey: Guid(78de95d676c519d42ae191386e4bb2cb) Importer(2089858483,192608db42251d675da83286b1cce702)
Start importing Assets/Low Poly Environment Starter Kit/Source/Meshes/Rocks/Stone_12.fbx using Guid(78de95d676c519d42ae191386e4bb2cb) Importer(2089858483,192608db42251d675da83286b1cce702) (ScriptedImporter) -> (artifact id: 'd956ee3dea1935017a558433d15eb926') in 0.0159721 seconds
Number of updated asset objects reloaded before import = 0Number of asset objects unloaded after import = 7

========================================================================
Received Import Request.
  Time since last request: 0.000015 seconds.
  path: Assets/Low Poly Environment Starter Kit/Source/Meshes/Rocks/Rock_Pile_1.fbx
  artifactKey: Guid(7b6d364608a8b544d8da278812e75ff0) Importer(2089858483,192608db42251d675da83286b1cce702)
Start importing Assets/Low Poly Environment Starter Kit/Source/Meshes/Rocks/Rock_Pile_1.fbx using Guid(7b6d364608a8b544d8da278812e75ff0) Importer(2089858483,192608db42251d675da83286b1cce702) (ScriptedImporter) -> (artifact id: '280baf204e59443575e670555c087b2b') in 0.0178014 seconds
Number of updated asset objects reloaded before import = 0Number of asset objects unloaded after import = 8

========================================================================
Received Import Request.
  Time since last request: 0.000021 seconds.
  path: Assets/Low Poly Environment Starter Kit/Source/Meshes/Rocks/Stone_10.fbx
  artifactKey: Guid(110f2fa6038aaa44d8bfcdf03c83ad50) Importer(2089858483,192608db42251d675da83286b1cce702)
Start importing Assets/Low Poly Environment Starter Kit/Source/Meshes/Rocks/Stone_10.fbx using Guid(110f2fa6038aaa44d8bfcdf03c83ad50) Importer(2089858483,192608db42251d675da83286b1cce702) (ScriptedImporter) -> (artifact id: 'dd1b771bcd8606858571c1f3bbf08e0e') in 0.0223058 seconds
Number of updated asset objects reloaded before import = 0Number of asset objects unloaded after import = 8

========================================================================
Received Import Request.
  Time since last request: 0.000017 seconds.
  path: Assets/Low Poly Environment Starter Kit/Source/Meshes/Rocks/Rock_Arc.fbx
  artifactKey: Guid(0da8f8778a88d1f4fa0d1af91c73c874) Importer(2089858483,192608db42251d675da83286b1cce702)
Start importing Assets/Low Poly Environment Starter Kit/Source/Meshes/Rocks/Rock_Arc.fbx using Guid(0da8f8778a88d1f4fa0d1af91c73c874) Importer(2089858483,192608db42251d675da83286b1cce702) (ScriptedImporter) -> (artifact id: 'e2ebed4e940c490c2ad602499aaf5949') in 0.0145166 seconds
Number of updated asset objects reloaded before import = 0Number of asset objects unloaded after import = 8

========================================================================
Received Import Request.
  Time since last request: 0.000014 seconds.
  path: Assets/Low Poly Environment Starter Kit/Source/Meshes/Rocks/Stone_1.fbx
  artifactKey: Guid(6699c158e91959d4db9c9fc2b00315f3) Importer(2089858483,192608db42251d675da83286b1cce702)
Start importing Assets/Low Poly Environment Starter Kit/Source/Meshes/Rocks/Stone_1.fbx using Guid(6699c158e91959d4db9c9fc2b00315f3) Importer(2089858483,192608db42251d675da83286b1cce702) (ScriptedImporter) -> (artifact id: 'bef928eb419bce37d39bfc2a8902f31d') in 0.0184192 seconds
Number of updated asset objects reloaded before import = 0Number of asset objects unloaded after import = 8

========================================================================
Received Import Request.
  Time since last request: 0.000013 seconds.
  path: Assets/Low Poly Environment Starter Kit/Source/Meshes/Other/Grass_2.fbx
  artifactKey: Guid(de4828c7966a28f48b6765d2f717a41b) Importer(2089858483,192608db42251d675da83286b1cce702)
Start importing Assets/Low Poly Environment Starter Kit/Source/Meshes/Other/Grass_2.fbx using Guid(de4828c7966a28f48b6765d2f717a41b) Importer(2089858483,192608db42251d675da83286b1cce702) (ScriptedImporter) -> (artifact id: 'd78eacb4ce463b360a858ebb79f91bff') in 0.0184214 seconds
Number of updated asset objects reloaded before import = 0Number of asset objects unloaded after import = 7

========================================================================
Received Import Request.
  Time since last request: 0.000010 seconds.
  path: Assets/Low Poly Environment Starter Kit/Source/Meshes/Other/Grass_1.fbx
  artifactKey: Guid(c94f21dd6e4a6ee499bc51f46c915e14) Importer(2089858483,192608db42251d675da83286b1cce702)
Start importing Assets/Low Poly Environment Starter Kit/Source/Meshes/Other/Grass_1.fbx using Guid(c94f21dd6e4a6ee499bc51f46c915e14) Importer(2089858483,192608db42251d675da83286b1cce702) (ScriptedImporter) -> (artifact id: '29b217870d65eb27ebd97cd7713c98ea') in 0.0161819 seconds
Number of updated asset objects reloaded before import = 0Number of asset objects unloaded after import = 7

========================================================================
Received Import Request.
  Time since last request: 0.000013 seconds.
  path: Assets/Low Poly Environment Starter Kit/Prefabs/Standard/Terrains/Canyon.prefab
  artifactKey: Guid(985c3c522ee33b741aab32c7e218ad76) Importer(2089858483,192608db42251d675da83286b1cce702)
Start importing Assets/Low Poly Environment Starter Kit/Prefabs/Standard/Terrains/Canyon.prefab using Guid(985c3c522ee33b741aab32c7e218ad76) Importer(2089858483,192608db42251d675da83286b1cce702) (ScriptedImporter) -> (artifact id: '062c73035fd9eb9ea785c0e5297d5970') in 0.0131367 seconds
Number of updated asset objects reloaded before import = 0Number of asset objects unloaded after import = 10

========================================================================
Received Import Request.
  Time since last request: 0.000021 seconds.
  path: Assets/Alstra Infinite/Boats LowPoly/Prefabs/Fishing_Rod.prefab
  artifactKey: Guid(f2cfc7cd690e6fe4f9678427228e5322) Importer(2089858483,192608db42251d675da83286b1cce702)
Start importing Assets/Alstra Infinite/Boats LowPoly/Prefabs/Fishing_Rod.prefab using Guid(f2cfc7cd690e6fe4f9678427228e5322) Importer(2089858483,192608db42251d675da83286b1cce702) (ScriptedImporter) -> (artifact id: '9021dc73770e6069b1790c6239591705') in 0.0141951 seconds
Number of updated asset objects reloaded before import = 0Number of asset objects unloaded after import = 9

========================================================================
Received Import Request.
  Time since last request: 0.000016 seconds.
  path: Assets/Bitgem/StylisedWater/URP/Scripts/Bitgem/Editor/FlagEnumAttributeDrawer.cs
  artifactKey: Guid(d359930cbabfcc7448e9f0e56039b644) Importer(2089858483,192608db42251d675da83286b1cce702)
Start importing Assets/Bitgem/StylisedWater/URP/Scripts/Bitgem/Editor/FlagEnumAttributeDrawer.cs using Guid(d359930cbabfcc7448e9f0e56039b644) Importer(2089858483,192608db42251d675da83286b1cce702) (ScriptedImporter) -> (artifact id: '873dd3fc577608c7246d4aa76f172cdd') in 0.0106947 seconds
Number of updated asset objects reloaded before import = 0Number of asset objects unloaded after import = 0

========================================================================
Received Import Request.
  Time since last request: 0.000017 seconds.
  path: Assets/Low Poly Environment Starter Kit/Source/Meshes/Trees/Pine3.fbx
  artifactKey: Guid(24aed17ebf0551f45b2468cfa926d28a) Importer(2089858483,192608db42251d675da83286b1cce702)
Start importing Assets/Low Poly Environment Starter Kit/Source/Meshes/Trees/Pine3.fbx using Guid(24aed17ebf0551f45b2468cfa926d28a) Importer(2089858483,192608db42251d675da83286b1cce702) (ScriptedImporter) -> (artifact id: 'e84e66112fdacee75eaaa067e7ae9e04') in 0.0247169 seconds
Number of updated asset objects reloaded before import = 0Number of asset objects unloaded after import = 14

========================================================================
Received Import Request.
  Time since last request: 0.000013 seconds.
  path: Assets/Bitgem/StylisedWater/URP/Scripts/Bitgem/VFX/StylisedWater/WateverVolumeFloater.cs
  artifactKey: Guid(36aa02d38bb10b548bc7b8879596b15c) Importer(2089858483,192608db42251d675da83286b1cce702)
Start importing Assets/Bitgem/StylisedWater/URP/Scripts/Bitgem/VFX/StylisedWater/WateverVolumeFloater.cs using Guid(36aa02d38bb10b548bc7b8879596b15c) Importer(2089858483,192608db42251d675da83286b1cce702) (ScriptedImporter) -> (artifact id: 'bdb7cecf0aa85dff2cbb0098f7ec5c16') in 0.0134406 seconds
Number of updated asset objects reloaded before import = 0Number of asset objects unloaded after import = 0

========================================================================
Received Import Request.
  Time since last request: 0.000016 seconds.
  path: Assets/Low Poly Environment Starter Kit/Source/Meshes/Trees/Pine5.fbx
  artifactKey: Guid(ebdf8a63c4c10294b9d9adb53d34eade) Importer(2089858483,192608db42251d675da83286b1cce702)
Start importing Assets/Low Poly Environment Starter Kit/Source/Meshes/Trees/Pine5.fbx using Guid(ebdf8a63c4c10294b9d9adb53d34eade) Importer(2089858483,192608db42251d675da83286b1cce702) (ScriptedImporter) -> (artifact id: '67bb7211c81d48c4c36d86efbd8aaba4') in 0.0171259 seconds
Number of updated asset objects reloaded before import = 0Number of asset objects unloaded after import = 14

========================================================================
Received Import Request.
  Time since last request: 0.000016 seconds.
  path: Assets/Scenes/Models/Bagel Seal/Textures/Bagel_Diffuse.png
  artifactKey: Guid(b2bf5fc5b35280a46b9e4609f9026516) Importer(2089858483,192608db42251d675da83286b1cce702)
Start importing Assets/Scenes/Models/Bagel Seal/Textures/Bagel_Diffuse.png using Guid(b2bf5fc5b35280a46b9e4609f9026516) Importer(2089858483,192608db42251d675da83286b1cce702) (ScriptedImporter) -> (artifact id: '67c77233e23351b73be880f73ff7c255') in 0.0149848 seconds
Number of updated asset objects reloaded before import = 0Number of asset objects unloaded after import = 1

========================================================================
Received Import Request.
  Time since last request: 0.000032 seconds.
  path: Assets/Bitgem/StylisedWater/URP/Scripts/Bitgem/VFX/StylisedWater/WaterVolumeHelper.cs
  artifactKey: Guid(cf39edffa406b4d4c8db438c744f592a) Importer(2089858483,192608db42251d675da83286b1cce702)
Start importing Assets/Bitgem/StylisedWater/URP/Scripts/Bitgem/VFX/StylisedWater/WaterVolumeHelper.cs using Guid(cf39edffa406b4d4c8db438c744f592a) Importer(2089858483,192608db42251d675da83286b1cce702) (ScriptedImporter) -> (artifact id: '309c6115f1431e44d65993e4612b6cba') in 0.010708 seconds
Number of updated asset objects reloaded before import = 0Number of asset objects unloaded after import = 0

========================================================================
Received Import Request.
  Time since last request: 0.000012 seconds.
  path: Assets/Low Poly Environment Starter Kit/Source/Meshes/Trees/Tree_7.fbx
  artifactKey: Guid(9a617e929d4c120498605b8a988fdefa) Importer(2089858483,192608db42251d675da83286b1cce702)
Start importing Assets/Low Poly Environment Starter Kit/Source/Meshes/Trees/Tree_7.fbx using Guid(9a617e929d4c120498605b8a988fdefa) Importer(2089858483,192608db42251d675da83286b1cce702) (ScriptedImporter) -> (artifact id: 'ff7809eaf40724daabfc531653719149') in 0.0165413 seconds
Number of updated asset objects reloaded before import = 0Number of asset objects unloaded after import = 14

========================================================================
Received Import Request.
  Time since last request: 0.000017 seconds.
  path: Assets/Scenes/Models/Bagel Seal/Textures/Bagel_Normal.png
  artifactKey: Guid(3bee7b25e6b460d4ea6e8c08e40bc163) Importer(2089858483,192608db42251d675da83286b1cce702)
Start importing Assets/Scenes/Models/Bagel Seal/Textures/Bagel_Normal.png using Guid(3bee7b25e6b460d4ea6e8c08e40bc163) Importer(2089858483,192608db42251d675da83286b1cce702) (ScriptedImporter) -> (artifact id: 'e703db08c3904b98e4e11f9be3730975') in 0.0171612 seconds
Number of updated asset objects reloaded before import = 0Number of asset objects unloaded after import = 1

========================================================================
Received Import Request.
  Time since last request: 0.000016 seconds.
  path: Assets/Low Poly Environment Starter Kit/Source/Meshes/Trees/Tree_3.fbx
  artifactKey: Guid(c4167db5b13ec5f49995855c426f638d) Importer(2089858483,192608db42251d675da83286b1cce702)
Start importing Assets/Low Poly Environment Starter Kit/Source/Meshes/Trees/Tree_3.fbx using Guid(c4167db5b13ec5f49995855c426f638d) Importer(2089858483,192608db42251d675da83286b1cce702) (ScriptedImporter) -> (artifact id: '026eb7f483ae2571cd183fff4023153a') in 0.0207279 seconds
Number of updated asset objects reloaded before import = 0Number of asset objects unloaded after import = 14

========================================================================
Received Import Request.
  Time since last request: 0.000018 seconds.
  path: Assets/Bitgem/StylisedWater/URP/Textures/waves_n.png
  artifactKey: Guid(f87d53fcaf34530488b706ee35d9b519) Importer(2089858483,192608db42251d675da83286b1cce702)
Start importing Assets/Bitgem/StylisedWater/URP/Textures/waves_n.png using Guid(f87d53fcaf34530488b706ee35d9b519) Importer(2089858483,192608db42251d675da83286b1cce702) (ScriptedImporter) -> (artifact id: '1ec8c069655e111459438f1894fa4d11') in 0.0166157 seconds
Number of updated asset objects reloaded before import = 0Number of asset objects unloaded after import = 1

========================================================================
Received Import Request.
  Time since last request: 0.000016 seconds.
  path: Assets/Low Poly Environment Starter Kit/Prefabs/Standard/Terrains/Mountain 1.prefab
  artifactKey: Guid(87b1a4ec87dd8eb4fb00818956f8c7bf) Importer(2089858483,192608db42251d675da83286b1cce702)
Start importing Assets/Low Poly Environment Starter Kit/Prefabs/Standard/Terrains/Mountain 1.prefab using Guid(87b1a4ec87dd8eb4fb00818956f8c7bf) Importer(2089858483,192608db42251d675da83286b1cce702) (ScriptedImporter) -> (artifact id: 'b4303af8a26dc7aa5e873bbcb9e8a5df') in 0.0128827 seconds
Number of updated asset objects reloaded before import = 0Number of asset objects unloaded after import = 10

========================================================================
Received Import Request.
  Time since last request: 0.000021 seconds.
  path: Assets/Low Poly Environment Starter Kit/Source/Material/Standard/Stone.mat
  artifactKey: Guid(fba2869b4b1ab82448fb748decad77ee) Importer(2089858483,192608db42251d675da83286b1cce702)
Start importing Assets/Low Poly Environment Starter Kit/Source/Material/Standard/Stone.mat using Guid(fba2869b4b1ab82448fb748decad77ee) Importer(2089858483,192608db42251d675da83286b1cce702) (ScriptedImporter) -> (artifact id: '0dffa5c6c990f34fc6bc89178d3d5d14') in 0.0111852 seconds
Number of updated asset objects reloaded before import = 0Number of asset objects unloaded after import = 1

========================================================================
Received Import Request.
  Time since last request: 0.000013 seconds.
  path: Assets/Low Poly Environment Starter Kit/Prefabs/URP/Trees/Pine 3.prefab
  artifactKey: Guid(a934d038c1a20354a856529f1f7ec805) Importer(2089858483,192608db42251d675da83286b1cce702)
Start importing Assets/Low Poly Environment Starter Kit/Prefabs/URP/Trees/Pine 3.prefab using Guid(a934d038c1a20354a856529f1f7ec805) Importer(2089858483,192608db42251d675da83286b1cce702) (ScriptedImporter) -> (artifact id: '2bf7bf8c52ba03a08ebc4137f87246da') in 0.010661 seconds
Number of updated asset objects reloaded before import = 0Number of asset objects unloaded after import = 17

========================================================================
Received Import Request.
  Time since last request: 0.000012 seconds.
  path: Assets/Low Poly Environment Starter Kit/Prefabs/URP/Rocks/Rock 6.prefab
  artifactKey: Guid(873df5bb50a2df04c9c3d7abfe84c10a) Importer(2089858483,192608db42251d675da83286b1cce702)
Start importing Assets/Low Poly Environment Starter Kit/Prefabs/URP/Rocks/Rock 6.prefab using Guid(873df5bb50a2df04c9c3d7abfe84c10a) Importer(2089858483,192608db42251d675da83286b1cce702) (ScriptedImporter) -> (artifact id: '613eaa572bc6b20f0dbb15cc5ae2ddf6') in 0.011559 seconds
Number of updated asset objects reloaded before import = 0Number of asset objects unloaded after import = 10

========================================================================
Received Import Request.
  Time since last request: 0.000011 seconds.
  path: Assets/PolyOne/Rocks Stylized/Materials/Rocks Stylized_M.mat
  artifactKey: Guid(76a5c01805e5cb24cbc1bb6535f6fec7) Importer(2089858483,192608db42251d675da83286b1cce702)
Start importing Assets/PolyOne/Rocks Stylized/Materials/Rocks Stylized_M.mat using Guid(76a5c01805e5cb24cbc1bb6535f6fec7) Importer(2089858483,192608db42251d675da83286b1cce702) (ScriptedImporter) -> (artifact id: 'ef781891455565827f82242df2361e4f') in 0.0142255 seconds
Number of updated asset objects reloaded before import = 0Number of asset objects unloaded after import = 2

========================================================================
Received Import Request.
  Time since last request: 0.000013 seconds.
  path: Assets/Fantasy house/Textures/Lamp.002_Mixed_AO.png
  artifactKey: Guid(b651eb917a6afaf43a482a70415f5c48) Importer(2089858483,192608db42251d675da83286b1cce702)
Start importing Assets/Fantasy house/Textures/Lamp.002_Mixed_AO.png using Guid(b651eb917a6afaf43a482a70415f5c48) Importer(2089858483,192608db42251d675da83286b1cce702) (ScriptedImporter) -> (artifact id: 'd9479ac17fe75400087fae3450daf503') in 0.0155553 seconds
Number of updated asset objects reloaded before import = 0Number of asset objects unloaded after import = 1

========================================================================
Received Import Request.
  Time since last request: 0.000012 seconds.
  path: Assets/Alstra Infinite/Boats LowPoly/Models/1.2 Version/Fisher_Boat.fbx
  artifactKey: Guid(17fba420b298c554a9c20e1a8f31e827) Importer(2089858483,192608db42251d675da83286b1cce702)
Start importing Assets/Alstra Infinite/Boats LowPoly/Models/1.2 Version/Fisher_Boat.fbx using Guid(17fba420b298c554a9c20e1a8f31e827) Importer(2089858483,192608db42251d675da83286b1cce702) (ScriptedImporter) -> (artifact id: 'c67d7c1d3060a01ebf3dae0df63685df') in 0.0153337 seconds
Number of updated asset objects reloaded before import = 0Number of asset objects unloaded after import = 9

========================================================================
Received Import Request.
  Time since last request: 0.000013 seconds.
  path: Assets/Low Poly Environment Starter Kit/Prefabs/URP/Trees/Tree 7.prefab
  artifactKey: Guid(317cef7c4ec02cb4685127dd7da56834) Importer(2089858483,192608db42251d675da83286b1cce702)
Start importing Assets/Low Poly Environment Starter Kit/Prefabs/URP/Trees/Tree 7.prefab using Guid(317cef7c4ec02cb4685127dd7da56834) Importer(2089858483,192608db42251d675da83286b1cce702) (ScriptedImporter) -> (artifact id: '5f4214c186b3b75dec174d480a76ec5f') in 0.0121264 seconds
Number of updated asset objects reloaded before import = 0Number of asset objects unloaded after import = 17

========================================================================
Received Import Request.
  Time since last request: 0.000022 seconds.
  path: Assets/Low Poly Environment Starter Kit/Prefabs/Standard/Other/Grass 4.prefab
  artifactKey: Guid(ddf0bcc44bc76c14b9b14523db2beb88) Importer(2089858483,192608db42251d675da83286b1cce702)
Start importing Assets/Low Poly Environment Starter Kit/Prefabs/Standard/Other/Grass 4.prefab using Guid(ddf0bcc44bc76c14b9b14523db2beb88) Importer(2089858483,192608db42251d675da83286b1cce702) (ScriptedImporter) -> (artifact id: 'e4f2553e9600bb6604c1fd43c41a1915') in 0.0139397 seconds
Number of updated asset objects reloaded before import = 0Number of asset objects unloaded after import = 10

========================================================================
Received Import Request.
  Time since last request: 0.000012 seconds.
  path: Assets/Low Poly Environment Starter Kit/Prefabs/URP/Other/Bush 2.prefab
  artifactKey: Guid(de3083097e7467e428a2dc805624b4b0) Importer(2089858483,192608db42251d675da83286b1cce702)
Start importing Assets/Low Poly Environment Starter Kit/Prefabs/URP/Other/Bush 2.prefab using Guid(de3083097e7467e428a2dc805624b4b0) Importer(2089858483,192608db42251d675da83286b1cce702) (ScriptedImporter) -> (artifact id: 'fbafc5ab295b02cb6c19cff9c5be8e6c') in 0.0137324 seconds
Number of updated asset objects reloaded before import = 0Number of asset objects unloaded after import = 10

========================================================================
Received Import Request.
  Time since last request: 0.000014 seconds.
  path: Assets/Low Poly Environment Starter Kit/Prefabs/URP/Trees/Tree 3.prefab
  artifactKey: Guid(9fe8f4ee2f072ef48b225626a9556d6b) Importer(2089858483,192608db42251d675da83286b1cce702)
Start importing Assets/Low Poly Environment Starter Kit/Prefabs/URP/Trees/Tree 3.prefab using Guid(9fe8f4ee2f072ef48b225626a9556d6b) Importer(2089858483,192608db42251d675da83286b1cce702) (ScriptedImporter) -> (artifact id: '0b0f20cac7345cd839847052dce3fea3') in 0.012885 seconds
Number of updated asset objects reloaded before import = 0Number of asset objects unloaded after import = 17

========================================================================
Received Import Request.
  Time since last request: 0.000013 seconds.
  path: Assets/Low Poly Environment Starter Kit/Prefabs/HDRP/Terrains/Mountain 2.prefab
  artifactKey: Guid(e22c4e3d6b5c63b408d516ca348a5e97) Importer(2089858483,192608db42251d675da83286b1cce702)
Start importing Assets/Low Poly Environment Starter Kit/Prefabs/HDRP/Terrains/Mountain 2.prefab using Guid(e22c4e3d6b5c63b408d516ca348a5e97) Importer(2089858483,192608db42251d675da83286b1cce702) (ScriptedImporter) -> (artifact id: '2a04344ef5aa53b60128e6a02c0cfdfe') in 0.0125315 seconds
Number of updated asset objects reloaded before import = 0Number of asset objects unloaded after import = 10

========================================================================
Received Import Request.
  Time since last request: 0.000018 seconds.
  path: Assets/Low Poly Environment Starter Kit/Prefabs/Standard/Rocks/Rock 5.prefab
  artifactKey: Guid(0809901cc7328194c9e48b6df1696026) Importer(2089858483,192608db42251d675da83286b1cce702)
Start importing Assets/Low Poly Environment Starter Kit/Prefabs/Standard/Rocks/Rock 5.prefab using Guid(0809901cc7328194c9e48b6df1696026) Importer(2089858483,192608db42251d675da83286b1cce702) (ScriptedImporter) -> (artifact id: '824af6ab1e0fcefbf120b866476ac884') in 0.0113108 seconds
Number of updated asset objects reloaded before import = 0Number of asset objects unloaded after import = 10

========================================================================
Received Import Request.
  Time since last request: 0.000014 seconds.
  path: Assets/Low Poly Environment Starter Kit/Source/Meshes/Other/Bush_2.fbx
  artifactKey: Guid(45aa7baacf3cc6442be13c43f5a6349e) Importer(2089858483,192608db42251d675da83286b1cce702)
Start importing Assets/Low Poly Environment Starter Kit/Source/Meshes/Other/Bush_2.fbx using Guid(45aa7baacf3cc6442be13c43f5a6349e) Importer(2089858483,192608db42251d675da83286b1cce702) (ScriptedImporter) -> (artifact id: 'ca88d591ae6f18bd7364ce907969ed2a') in 0.0162323 seconds
Number of updated asset objects reloaded before import = 0Number of asset objects unloaded after import = 7

========================================================================
Received Import Request.
  Time since last request: 0.000021 seconds.
  path: Assets/Fantasy house/Textures/Ground.001_Roughness.png
  artifactKey: Guid(a2f174633d696f2438bd3389f70d6b65) Importer(2089858483,192608db42251d675da83286b1cce702)
Start importing Assets/Fantasy house/Textures/Ground.001_Roughness.png using Guid(a2f174633d696f2438bd3389f70d6b65) Importer(2089858483,192608db42251d675da83286b1cce702) (ScriptedImporter) -> (artifact id: '6822630c42eb36183e150e8e9dffde5b') in 0.0131757 seconds
Number of updated asset objects reloaded before import = 0Number of asset objects unloaded after import = 1

========================================================================
Received Import Request.
  Time since last request: 0.000015 seconds.
  path: Assets/Fantasy house/Textures/Woods.001_Normal_OpenGL.png
  artifactKey: Guid(011d1139ee066ec4fab5443a25fbecd7) Importer(2089858483,192608db42251d675da83286b1cce702)
Start importing Assets/Fantasy house/Textures/Woods.001_Normal_OpenGL.png using Guid(011d1139ee066ec4fab5443a25fbecd7) Importer(2089858483,192608db42251d675da83286b1cce702) (ScriptedImporter) -> (artifact id: '4fb7eaeb345c1726ace0177b4f456717') in 0.0140667 seconds
Number of updated asset objects reloaded before import = 0Number of asset objects unloaded after import = 1

========================================================================
Received Import Request.
  Time since last request: 0.000013 seconds.
  path: Assets/ERP/Editor/Plugins/DiscordSDK/ActivityManager.cs
  artifactKey: Guid(1bbf7726d48d669488894791799286e0) Importer(2089858483,192608db42251d675da83286b1cce702)
Start importing Assets/ERP/Editor/Plugins/DiscordSDK/ActivityManager.cs using Guid(1bbf7726d48d669488894791799286e0) Importer(2089858483,192608db42251d675da83286b1cce702) (ScriptedImporter) -> (artifact id: 'c7e915eed0f33e0b463ba407a52ed93e') in 0.010092 seconds
Number of updated asset objects reloaded before import = 0Number of asset objects unloaded after import = 0

========================================================================
Received Import Request.
  Time since last request: 0.000012 seconds.
  path: Assets/Fantasy house/Materials/Lamp.001.mat
  artifactKey: Guid(96790797416e5044984aaf9ed37cd516) Importer(2089858483,192608db42251d675da83286b1cce702)
Start importing Assets/Fantasy house/Materials/Lamp.001.mat using Guid(96790797416e5044984aaf9ed37cd516) Importer(2089858483,192608db42251d675da83286b1cce702) (ScriptedImporter) -> (artifact id: '33101fa216b85a6e48503f641c0149f9') in 0.0131882 seconds
Number of updated asset objects reloaded before import = 0Number of asset objects unloaded after import = 5

========================================================================
Received Import Request.
  Time since last request: 0.000012 seconds.
  path: Assets/Low Poly Environment Starter Kit/Prefabs/HDRP/Trees/Pine 3.prefab
  artifactKey: Guid(4374d14af8f426242a48e292525a6748) Importer(2089858483,192608db42251d675da83286b1cce702)
Start importing Assets/Low Poly Environment Starter Kit/Prefabs/HDRP/Trees/Pine 3.prefab using Guid(4374d14af8f426242a48e292525a6748) Importer(2089858483,192608db42251d675da83286b1cce702) (ScriptedImporter) -> (artifact id: '319605aa907432199be307d00779a6f6') in 0.0112049 seconds
Number of updated asset objects reloaded before import = 0Number of asset objects unloaded after import = 17

========================================================================
Received Import Request.
  Time since last request: 0.000016 seconds.
  path: Assets/Fantasy house/Textures/Tree.001_Base_Color.png
  artifactKey: Guid(5c942c651c7c91347bf77b1740637b04) Importer(2089858483,192608db42251d675da83286b1cce702)
Start importing Assets/Fantasy house/Textures/Tree.001_Base_Color.png using Guid(5c942c651c7c91347bf77b1740637b04) Importer(2089858483,192608db42251d675da83286b1cce702) (ScriptedImporter) -> (artifact id: 'a044864b8ffbb1e8a08a559654a6e176') in 0.0137556 seconds
Number of updated asset objects reloaded before import = 0Number of asset objects unloaded after import = 1

========================================================================
Received Import Request.
  Time since last request: 0.000014 seconds.
  path: Assets/PolyOne/Rocks Stylized/Model/SM_Rocks_04.fbx
  artifactKey: Guid(2767b4c56e91d1e4695c7429b1d379b9) Importer(2089858483,192608db42251d675da83286b1cce702)
Start importing Assets/PolyOne/Rocks Stylized/Model/SM_Rocks_04.fbx using Guid(2767b4c56e91d1e4695c7429b1d379b9) Importer(2089858483,192608db42251d675da83286b1cce702) (ScriptedImporter) -> (artifact id: 'da2f0065cc3adabf19b0c1d7f3d9436b') in 0.0190342 seconds
Number of updated asset objects reloaded before import = 0Number of asset objects unloaded after import = 8

========================================================================
Received Prepare
Begin MonoManager ReloadAssembly
- Loaded All Assemblies, in  0.645 seconds
Refreshing native plugins compatible for Editor in 1.56 ms, found 4 plugins.
Native extension for WindowsStandalone target not found
Mono: successfully reloaded assembly
- Finished resetting the current domain, in  0.787 seconds
Domain Reload Profiling: 1432ms
	BeginReloadAssembly (203ms)
		ExecutionOrderSort (0ms)
		DisableScriptedObjects (6ms)
		BackupInstance (0ms)
		ReleaseScriptingObjects (0ms)
		CreateAndSetChildDomain (64ms)
	RebuildCommonClasses (36ms)
	RebuildNativeTypeToScriptingClass (11ms)
	initialDomainReloadingComplete (23ms)
	LoadAllAssembliesAndSetupDomain (371ms)
		LoadAssemblies (276ms)
		RebuildTransferFunctionScriptingTraits (0ms)
		AnalyzeDomain (186ms)
			TypeCache.Refresh (5ms)
				TypeCache.ScanAssembly (0ms)
			BuildScriptInfoCaches (165ms)
			ResolveRequiredComponents (12ms)
	FinalizeReload (788ms)
		ReleaseScriptCaches (0ms)
		RebuildScriptCaches (0ms)
		SetupLoadedEditorAssemblies (603ms)
			LogAssemblyErrors (0ms)
			InitializePlatformSupportModulesInManaged (2ms)
			SetLoadedEditorAssemblies (4ms)
			BeforeProcessingInitializeOnLoad (93ms)
			ProcessInitializeOnLoadAttributes (437ms)
			ProcessInitializeOnLoadMethodAttributes (60ms)
			AfterProcessingInitializeOnLoad (5ms)
			EditorAssembliesLoaded (0ms)
		ExecutionOrderSort2 (0ms)
		AwakeInstancesAfterBackupRestoration (15ms)
Refreshing native plugins compatible for Editor in 1.90 ms, found 4 plugins.
Preloading 0 native plugins for Editor in 0.00 ms.
Unloading 47 Unused Serialized files (Serialized files now loaded: 0)
Unloading 5984 unused Assets / (3.5 MB). Loaded Objects now: 6648.
Memory consumption went from 147.3 MB to 143.8 MB.
Total: 25.852200 ms (FindLiveObjects: 1.203400 ms CreateObjectMapping: 1.241800 ms MarkObjects: 14.620200 ms  DeleteObjects: 8.785600 ms)

Prepare: number of updated asset objects reloaded= 0
========================================================================
Received Prepare
Begin MonoManager ReloadAssembly
- Loaded All Assemblies, in  0.639 seconds
Refreshing native plugins compatible for Editor in 1.29 ms, found 4 plugins.
Native extension for WindowsStandalone target not found
Mono: successfully reloaded assembly
- Finished resetting the current domain, in  0.876 seconds
Domain Reload Profiling: 1516ms
	BeginReloadAssembly (174ms)
		ExecutionOrderSort (0ms)
		DisableScriptedObjects (5ms)
		BackupInstance (0ms)
		ReleaseScriptingObjects (0ms)
		CreateAndSetChildDomain (47ms)
	RebuildCommonClasses (34ms)
	RebuildNativeTypeToScriptingClass (13ms)
	initialDomainReloadingComplete (29ms)
	LoadAllAssembliesAndSetupDomain (389ms)
		LoadAssemblies (284ms)
		RebuildTransferFunctionScriptingTraits (0ms)
		AnalyzeDomain (190ms)
			TypeCache.Refresh (6ms)
				TypeCache.ScanAssembly (0ms)
			BuildScriptInfoCaches (167ms)
			ResolveRequiredComponents (13ms)
	FinalizeReload (877ms)
		ReleaseScriptCaches (0ms)
		RebuildScriptCaches (0ms)
		SetupLoadedEditorAssemblies (681ms)
			LogAssemblyErrors (0ms)
			InitializePlatformSupportModulesInManaged (3ms)
			SetLoadedEditorAssemblies (4ms)
			BeforeProcessingInitializeOnLoad (99ms)
			ProcessInitializeOnLoadAttributes (506ms)
			ProcessInitializeOnLoadMethodAttributes (63ms)
			AfterProcessingInitializeOnLoad (6ms)
			EditorAssembliesLoaded (0ms)
		ExecutionOrderSort2 (0ms)
		AwakeInstancesAfterBackupRestoration (15ms)
Refreshing native plugins compatible for Editor in 2.65 ms, found 4 plugins.
Preloading 0 native plugins for Editor in 0.00 ms.
Unloading 37 Unused Serialized files (Serialized files now loaded: 0)
Unloading 5983 unused Assets / (7.3 MB). Loaded Objects now: 6650.
Memory consumption went from 145.5 MB to 138.3 MB.
Total: 17.050600 ms (FindLiveObjects: 1.131400 ms CreateObjectMapping: 1.116300 ms MarkObjects: 8.575500 ms  DeleteObjects: 6.226100 ms)

Prepare: number of updated asset objects reloaded= 0
Editor requested this worker to shutdown with reason: Scaling down because of idle timeout
AssetImportWorker is now disconnected from the server
Process exiting
Exiting without the bug reporter. Application will terminate with return code 0