Using pre-set license
Built from '6000.0/staging' branch; Version is '6000.0.33f1 (433b0a79340b) revision 4406026'; Using compiler version '193933523'; Build Type 'Release'
OS: 'Windows 11  (10.0.26100) 64bit Professional' Language: 'en' Physical Memory: 32714 MB
BatchMode: 1, IsHumanControllingUs: 0, StartBugReporterOnCrash: 0, Is64bit: 1, IsPro: 1

COMMAND LINE ARGUMENTS:
C:\Program Files\Unity\Hub\Editor\6000.0.33f1\Editor\Unity.exe
-adb2
-batchMode
-noUpm
-name
AssetImportWorker0
-projectPath
C:/Users/chris/My project
-logFile
Logs/AssetImportWorker0.log
-srvPort
53775
-job-worker-count
5
-background-job-worker-count
8
-gc-helper-count
1
Successfully changed project path to: C:/Users/chris/My project
C:/Users/chris/My project
[UnityMemory] Configuration Parameters - Can be set up in boot.config
    "memorysetup-bucket-allocator-granularity=16"
    "memorysetup-bucket-allocator-bucket-count=8"
    "memorysetup-bucket-allocator-block-size=33554432"
    "memorysetup-bucket-allocator-block-count=8"
    "memorysetup-main-allocator-block-size=16777216"
    "memorysetup-thread-allocator-block-size=16777216"
    "memorysetup-gfx-main-allocator-block-size=16777216"
    "memorysetup-gfx-thread-allocator-block-size=16777216"
    "memorysetup-cache-allocator-block-size=4194304"
    "memorysetup-typetree-allocator-block-size=2097152"
    "memorysetup-profiler-bucket-allocator-granularity=16"
    "memorysetup-profiler-bucket-allocator-bucket-count=8"
    "memorysetup-profiler-bucket-allocator-block-size=33554432"
    "memorysetup-profiler-bucket-allocator-block-count=8"
    "memorysetup-profiler-allocator-block-size=16777216"
    "memorysetup-profiler-editor-allocator-block-size=1048576"
    "memorysetup-temp-allocator-size-main=16777216"
    "memorysetup-job-temp-allocator-block-size=2097152"
    "memorysetup-job-temp-allocator-block-size-background=1048576"
    "memorysetup-job-temp-allocator-reduction-small-platforms=262144"
    "memorysetup-allocator-temp-initial-block-size-main=262144"
    "memorysetup-allocator-temp-initial-block-size-worker=262144"
    "memorysetup-temp-allocator-size-background-worker=32768"
    "memorysetup-temp-allocator-size-job-worker=262144"
    "memorysetup-temp-allocator-size-preload-manager=33554432"
    "memorysetup-temp-allocator-size-nav-mesh-worker=65536"
    "memorysetup-temp-allocator-size-audio-worker=65536"
    "memorysetup-temp-allocator-size-cloud-worker=32768"
    "memorysetup-temp-allocator-size-gi-baking-worker=262144"
    "memorysetup-temp-allocator-size-gi-baking-worker=262144"
    "memorysetup-temp-allocator-size-gi-baking-worker=262144"
    "memorysetup-temp-allocator-size-gi-baking-worker=262144"
    "memorysetup-temp-allocator-size-gi-baking-worker=262144"
    "memorysetup-temp-allocator-size-gfx=262144"
Player connection [16140]  Target information:

Player connection [16140]  * "[IP] 192.168.254.100 [Port] 0 [Flags] 2 [Guid] 4219225647 [EditorId] 4219225647 [Version] 1048832 [Id] WindowsEditor(7,Picar) [Debug] 1 [PackageName] WindowsEditor [ProjectName] Editor" 

Player connection [16140] Host joined multi-casting on [225.0.0.222:54997]...
Player connection [16140] Host joined alternative multi-casting on [225.0.0.222:34997]...
JobSystem: Creating JobQueue using job-worker-count value 5
[Physics::Module] Initialized fallback backend.
[Physics::Module] Id: 0xdecafbad
Library Redirect Path: Library/
[Physics::Module] Selected backend.
[Physics::Module] Name: PhysX
[Physics::Module] Id: 0xf2b8ea05
[Physics::Module] SDK Version: 4.1.2
[Physics::Module] Integration Version: 1.0.0
[Physics::Module] Threading Mode: Multi-Threaded
Refreshing native plugins compatible for Editor in 2.37 ms, found 4 plugins.
Preloading 0 native plugins for Editor in 0.00 ms.
Initialize engine version: 6000.0.33f1 (433b0a79340b)
[Subsystems] Discovering subsystems at path C:/Program Files/Unity/Hub/Editor/6000.0.33f1/Editor/Data/Resources/UnitySubsystems
[Subsystems] Discovering subsystems at path C:/Users/chris/My project/Assets
GfxDevice: creating device client; kGfxThreadingModeNonThreaded
Direct3D:
    Version:  Direct3D 11.0 [level 11.1]
    Renderer: NVIDIA GeForce RTX 3070 (ID=0x2484)
    Vendor:   NVIDIA
    VRAM:     8018 MB
    Driver:   32.0.15.7628
Initialize mono
Mono path[0] = 'C:/Program Files/Unity/Hub/Editor/6000.0.33f1/Editor/Data/Managed'
Mono path[1] = 'C:/Program Files/Unity/Hub/Editor/6000.0.33f1/Editor/Data/MonoBleedingEdge/lib/mono/unityjit-win32'
Mono config path = 'C:/Program Files/Unity/Hub/Editor/6000.0.33f1/Editor/Data/MonoBleedingEdge/etc'
Using monoOptions --debugger-agent=transport=dt_socket,embedding=1,server=y,suspend=n,address=127.0.0.1:56356
Begin MonoManager ReloadAssembly
Registering precompiled unity dll's ...
Register platform support module: C:/Program Files/Unity/Hub/Editor/6000.0.33f1/Editor/Data/PlaybackEngines/WindowsStandaloneSupport/UnityEditor.WindowsStandalone.Extensions.dll
Registered in 0.002675 seconds.
- Loaded All Assemblies, in  0.339 seconds
Native extension for WindowsStandalone target not found
Mono: successfully reloaded assembly
- Finished resetting the current domain, in  0.300 seconds
Domain Reload Profiling: 638ms
	BeginReloadAssembly (117ms)
		ExecutionOrderSort (0ms)
		DisableScriptedObjects (0ms)
		BackupInstance (0ms)
		ReleaseScriptingObjects (0ms)
		CreateAndSetChildDomain (1ms)
	RebuildCommonClasses (32ms)
	RebuildNativeTypeToScriptingClass (10ms)
	initialDomainReloadingComplete (40ms)
	LoadAllAssembliesAndSetupDomain (138ms)
		LoadAssemblies (115ms)
		RebuildTransferFunctionScriptingTraits (0ms)
		AnalyzeDomain (135ms)
			TypeCache.Refresh (133ms)
				TypeCache.ScanAssembly (123ms)
			BuildScriptInfoCaches (0ms)
			ResolveRequiredComponents (0ms)
	FinalizeReload (300ms)
		ReleaseScriptCaches (0ms)
		RebuildScriptCaches (0ms)
		SetupLoadedEditorAssemblies (261ms)
			LogAssemblyErrors (0ms)
			InitializePlatformSupportModulesInManaged (20ms)
			SetLoadedEditorAssemblies (4ms)
			BeforeProcessingInitializeOnLoad (49ms)
			ProcessInitializeOnLoadAttributes (140ms)
			ProcessInitializeOnLoadMethodAttributes (49ms)
			AfterProcessingInitializeOnLoad (0ms)
			EditorAssembliesLoaded (0ms)
		ExecutionOrderSort2 (0ms)
		AwakeInstancesAfterBackupRestoration (0ms)
========================================================================
Worker process is ready to serve import requests
Import Worker Mode flag is 0x00
Begin MonoManager ReloadAssembly
- Loaded All Assemblies, in  0.651 seconds
Refreshing native plugins compatible for Editor in 1.33 ms, found 4 plugins.
Native extension for WindowsStandalone target not found
Refreshing native plugins compatible for Editor in 1.57 ms, found 4 plugins.
Mono: successfully reloaded assembly
- Finished resetting the current domain, in  0.769 seconds
Domain Reload Profiling: 1417ms
	BeginReloadAssembly (142ms)
		ExecutionOrderSort (0ms)
		DisableScriptedObjects (6ms)
		BackupInstance (0ms)
		ReleaseScriptingObjects (0ms)
		CreateAndSetChildDomain (25ms)
	RebuildCommonClasses (30ms)
	RebuildNativeTypeToScriptingClass (10ms)
	initialDomainReloadingComplete (35ms)
	LoadAllAssembliesAndSetupDomain (430ms)
		LoadAssemblies (290ms)
		RebuildTransferFunctionScriptingTraits (0ms)
		AnalyzeDomain (223ms)
			TypeCache.Refresh (162ms)
				TypeCache.ScanAssembly (149ms)
			BuildScriptInfoCaches (50ms)
			ResolveRequiredComponents (9ms)
	FinalizeReload (770ms)
		ReleaseScriptCaches (0ms)
		RebuildScriptCaches (0ms)
		SetupLoadedEditorAssemblies (615ms)
			LogAssemblyErrors (0ms)
			InitializePlatformSupportModulesInManaged (2ms)
			SetLoadedEditorAssemblies (5ms)
			BeforeProcessingInitializeOnLoad (100ms)
			ProcessInitializeOnLoadAttributes (420ms)
			ProcessInitializeOnLoadMethodAttributes (86ms)
			AfterProcessingInitializeOnLoad (3ms)
			EditorAssembliesLoaded (0ms)
		ExecutionOrderSort2 (0ms)
		AwakeInstancesAfterBackupRestoration (6ms)
Launched and connected shader compiler UnityShaderCompiler.exe after 0.01 seconds
Refreshing native plugins compatible for Editor in 2.02 ms, found 4 plugins.
Preloading 0 native plugins for Editor in 0.00 ms.
Unloading 198 Unused Serialized files (Serialized files now loaded: 0)
Unloading 5980 unused Assets / (6.3 MB). Loaded Objects now: 6615.
Memory consumption went from 153.5 MB to 147.1 MB.
Total: 16.061100 ms (FindLiveObjects: 0.918500 ms CreateObjectMapping: 1.554100 ms MarkObjects: 8.509000 ms  DeleteObjects: 5.078200 ms)

========================================================================
Received Import Request.
  Time since last request: 24041.872042 seconds.
  path: Assets/PolyOne/Rocks Stylized/Materials
  artifactKey: Guid(611ded08a5f6e8543bec082f8d8825f5) Importer(815301076,1909f56bfc062723c751e8b465ee728b)
Start importing Assets/PolyOne/Rocks Stylized/Materials using Guid(611ded08a5f6e8543bec082f8d8825f5) Importer(815301076,1909f56bfc062723c751e8b465ee728b) (PreviewImporter) -> (artifact id: '49b3c5a3b5e96d3480f91ad6dd308a56') in 0.0068267 seconds
Number of updated asset objects reloaded before import = 0Number of asset objects unloaded after import = 0

========================================================================
Received Import Request.
  Time since last request: 0.000020 seconds.
  path: Assets/PolyOne/Rocks Stylized/Materials/Plane_M.mat
  artifactKey: Guid(9f568ba3b52517d4e9cce6422a608655) Importer(815301076,1909f56bfc062723c751e8b465ee728b)
Start importing Assets/PolyOne/Rocks Stylized/Materials/Plane_M.mat using Guid(9f568ba3b52517d4e9cce6422a608655) Importer(815301076,1909f56bfc062723c751e8b465ee728b) (PreviewImporter) -> (artifact id: '4a719f211a744d30818eb0dfb45f56c9') in 1.9861781 seconds
Number of updated asset objects reloaded before import = 0Number of asset objects unloaded after import = 4

========================================================================
Received Import Request.
  Time since last request: 8.860681 seconds.
  path: Assets/PolyOne/Rocks Stylized/Model/SM_Rocks_01.fbx
  artifactKey: Guid(3a36df0c3c359b44598ca9d9cfe55bd4) Importer(815301076,1909f56bfc062723c751e8b465ee728b)
Start importing Assets/PolyOne/Rocks Stylized/Model/SM_Rocks_01.fbx using Guid(3a36df0c3c359b44598ca9d9cfe55bd4) Importer(815301076,1909f56bfc062723c751e8b465ee728b) (PreviewImporter) -> (artifact id: '05e9e50335579f90a4d3eda43e7ddacd') in 0.0792755 seconds
Number of updated asset objects reloaded before import = 0Number of asset objects unloaded after import = 8

========================================================================
Received Import Request.
  Time since last request: 0.000046 seconds.
  path: Assets/PolyOne/Rocks Stylized/Model/SM_Rocks_03.fbx
  artifactKey: Guid(0e7903d1f997cc645bad3674ffab5d1b) Importer(815301076,1909f56bfc062723c751e8b465ee728b)
Start importing Assets/PolyOne/Rocks Stylized/Model/SM_Rocks_03.fbx using Guid(0e7903d1f997cc645bad3674ffab5d1b) Importer(815301076,1909f56bfc062723c751e8b465ee728b) (PreviewImporter) -> (artifact id: 'c915d65365fc12dc54cc7197768b840c') in 0.0240801 seconds
Number of updated asset objects reloaded before import = 0Number of asset objects unloaded after import = 8

========================================================================
Received Import Request.
  Time since last request: 0.000026 seconds.
  path: Assets/PolyOne/Rocks Stylized/Model/SM_Rocks_10.fbx
  artifactKey: Guid(0f6dbbacfdd641b43ac1e4ef6fa19ead) Importer(815301076,1909f56bfc062723c751e8b465ee728b)
Start importing Assets/PolyOne/Rocks Stylized/Model/SM_Rocks_10.fbx using Guid(0f6dbbacfdd641b43ac1e4ef6fa19ead) Importer(815301076,1909f56bfc062723c751e8b465ee728b) (PreviewImporter) -> (artifact id: '89f5cbda6de78bf0bffba74910257147') in 0.024714 seconds
Number of updated asset objects reloaded before import = 0Number of asset objects unloaded after import = 8

========================================================================
Received Import Request.
  Time since last request: 0.000035 seconds.
  path: Assets/PolyOne/Rocks Stylized/Model/SM_Rocks_05.fbx
  artifactKey: Guid(9452232cc6ad8fa40aca80b7e5efc95d) Importer(815301076,1909f56bfc062723c751e8b465ee728b)
Start importing Assets/PolyOne/Rocks Stylized/Model/SM_Rocks_05.fbx using Guid(9452232cc6ad8fa40aca80b7e5efc95d) Importer(815301076,1909f56bfc062723c751e8b465ee728b) (PreviewImporter) -> (artifact id: '72f7e9db76180748cb6f385ede5f9928') in 0.0246343 seconds
Number of updated asset objects reloaded before import = 0Number of asset objects unloaded after import = 8

========================================================================
Received Import Request.
  Time since last request: 0.000017 seconds.
  path: Assets/PolyOne/Rocks Stylized/Model/SM_Rocks_11.fbx
  artifactKey: Guid(79f6fa4e7402ab3409139a02eaf6ff7e) Importer(815301076,1909f56bfc062723c751e8b465ee728b)
Start importing Assets/PolyOne/Rocks Stylized/Model/SM_Rocks_11.fbx using Guid(79f6fa4e7402ab3409139a02eaf6ff7e) Importer(815301076,1909f56bfc062723c751e8b465ee728b) (PreviewImporter) -> (artifact id: 'a48990b2b466d8778898c353b50c1d67') in 0.0229995 seconds
Number of updated asset objects reloaded before import = 0Number of asset objects unloaded after import = 8

========================================================================
Received Import Request.
  Time since last request: 0.000019 seconds.
  path: Assets/PolyOne/Rocks Stylized/Model/SM_Rocks_08.fbx
  artifactKey: Guid(72265316621dece4681e00919261da6e) Importer(815301076,1909f56bfc062723c751e8b465ee728b)
Start importing Assets/PolyOne/Rocks Stylized/Model/SM_Rocks_08.fbx using Guid(72265316621dece4681e00919261da6e) Importer(815301076,1909f56bfc062723c751e8b465ee728b) (PreviewImporter) -> (artifact id: '2094f3da85af2ecda632baae0c6be191') in 0.0207127 seconds
Number of updated asset objects reloaded before import = 0Number of asset objects unloaded after import = 8

========================================================================
Received Import Request.
  Time since last request: 1.185514 seconds.
  path: Assets/PolyOne/Rocks Stylized/Prefabs/SM_Rocks_01.prefab
  artifactKey: Guid(0b7c39db641be5044ab85ba9f56a629a) Importer(815301076,1909f56bfc062723c751e8b465ee728b)
Start importing Assets/PolyOne/Rocks Stylized/Prefabs/SM_Rocks_01.prefab using Guid(0b7c39db641be5044ab85ba9f56a629a) Importer(815301076,1909f56bfc062723c751e8b465ee728b) (PreviewImporter) -> (artifact id: 'f8a60a8d488b8c045b7fb683186723a4') in 0.0175964 seconds
Number of updated asset objects reloaded before import = 0Number of asset objects unloaded after import = 9

========================================================================
Received Import Request.
  Time since last request: 0.000022 seconds.
  path: Assets/PolyOne/Rocks Stylized/Prefabs/SM_Rocks_09.prefab
  artifactKey: Guid(967b6a4dedfb5424f8c3a056595dab0e) Importer(815301076,1909f56bfc062723c751e8b465ee728b)
Start importing Assets/PolyOne/Rocks Stylized/Prefabs/SM_Rocks_09.prefab using Guid(967b6a4dedfb5424f8c3a056595dab0e) Importer(815301076,1909f56bfc062723c751e8b465ee728b) (PreviewImporter) -> (artifact id: 'ccd44787371d9181d1f2d321651117dd') in 0.0164493 seconds
Number of updated asset objects reloaded before import = 0Number of asset objects unloaded after import = 9

========================================================================
Received Import Request.
  Time since last request: 0.000022 seconds.
  path: Assets/PolyOne/Rocks Stylized/Prefabs/SM_Rocks_04.prefab
  artifactKey: Guid(7cb1a6b5b01d08b449d57dfddf54dd44) Importer(815301076,1909f56bfc062723c751e8b465ee728b)
Start importing Assets/PolyOne/Rocks Stylized/Prefabs/SM_Rocks_04.prefab using Guid(7cb1a6b5b01d08b449d57dfddf54dd44) Importer(815301076,1909f56bfc062723c751e8b465ee728b) (PreviewImporter) -> (artifact id: 'd91042b99a64bb72099c217b5354dbdc') in 0.0180209 seconds
Number of updated asset objects reloaded before import = 0Number of asset objects unloaded after import = 9

========================================================================
Received Import Request.
  Time since last request: 0.000019 seconds.
  path: Assets/PolyOne/Rocks Stylized/Prefabs/SM_Rocks_03.prefab
  artifactKey: Guid(c65625e040ac42e46ba4222b69c41558) Importer(815301076,1909f56bfc062723c751e8b465ee728b)
Start importing Assets/PolyOne/Rocks Stylized/Prefabs/SM_Rocks_03.prefab using Guid(c65625e040ac42e46ba4222b69c41558) Importer(815301076,1909f56bfc062723c751e8b465ee728b) (PreviewImporter) -> (artifact id: '35784ffa13e9d613af074b9bb72c0f61') in 0.0232251 seconds
Number of updated asset objects reloaded before import = 0Number of asset objects unloaded after import = 9

========================================================================
Received Import Request.
  Time since last request: 0.000031 seconds.
  path: Assets/PolyOne/Rocks Stylized/Prefabs/SM_Rocks_05.prefab
  artifactKey: Guid(87123ac33e4f0f04bacc28c3d2dcb0f6) Importer(815301076,1909f56bfc062723c751e8b465ee728b)
Start importing Assets/PolyOne/Rocks Stylized/Prefabs/SM_Rocks_05.prefab using Guid(87123ac33e4f0f04bacc28c3d2dcb0f6) Importer(815301076,1909f56bfc062723c751e8b465ee728b) (PreviewImporter) -> (artifact id: 'ce1069ac62be35bac5dd6a0ee969d46b') in 0.0178953 seconds
Number of updated asset objects reloaded before import = 0Number of asset objects unloaded after import = 9

========================================================================
Received Import Request.
  Time since last request: 0.000023 seconds.
  path: Assets/PolyOne/Rocks Stylized/Prefabs/SM_Rocks_10.prefab
  artifactKey: Guid(f4bf1f00267b19b4a8174c9b9a311b21) Importer(815301076,1909f56bfc062723c751e8b465ee728b)
Start importing Assets/PolyOne/Rocks Stylized/Prefabs/SM_Rocks_10.prefab using Guid(f4bf1f00267b19b4a8174c9b9a311b21) Importer(815301076,1909f56bfc062723c751e8b465ee728b) (PreviewImporter) -> (artifact id: '8cb2edad4b5957340a728722090ac094') in 0.0148066 seconds
Number of updated asset objects reloaded before import = 0Number of asset objects unloaded after import = 9

========================================================================
Received Prepare
Begin MonoManager ReloadAssembly
- Loaded All Assemblies, in  0.652 seconds
Refreshing native plugins compatible for Editor in 1.11 ms, found 4 plugins.
Native extension for WindowsStandalone target not found
Mono: successfully reloaded assembly
- Finished resetting the current domain, in  0.717 seconds
Domain Reload Profiling: 1368ms
	BeginReloadAssembly (204ms)
		ExecutionOrderSort (0ms)
		DisableScriptedObjects (19ms)
		BackupInstance (0ms)
		ReleaseScriptingObjects (0ms)
		CreateAndSetChildDomain (59ms)
	RebuildCommonClasses (43ms)
	RebuildNativeTypeToScriptingClass (12ms)
	initialDomainReloadingComplete (27ms)
	LoadAllAssembliesAndSetupDomain (363ms)
		LoadAssemblies (276ms)
		RebuildTransferFunctionScriptingTraits (0ms)
		AnalyzeDomain (173ms)
			TypeCache.Refresh (7ms)
				TypeCache.ScanAssembly (0ms)
			BuildScriptInfoCaches (154ms)
			ResolveRequiredComponents (10ms)
	FinalizeReload (717ms)
		ReleaseScriptCaches (0ms)
		RebuildScriptCaches (0ms)
		SetupLoadedEditorAssemblies (530ms)
			LogAssemblyErrors (0ms)
			InitializePlatformSupportModulesInManaged (2ms)
			SetLoadedEditorAssemblies (4ms)
			BeforeProcessingInitializeOnLoad (96ms)
			ProcessInitializeOnLoadAttributes (371ms)
			ProcessInitializeOnLoadMethodAttributes (53ms)
			AfterProcessingInitializeOnLoad (4ms)
			EditorAssembliesLoaded (0ms)
		ExecutionOrderSort2 (0ms)
		AwakeInstancesAfterBackupRestoration (14ms)
Refreshing native plugins compatible for Editor in 1.84 ms, found 4 plugins.
Preloading 0 native plugins for Editor in 0.00 ms.
Unloading 48 Unused Serialized files (Serialized files now loaded: 0)
Unloading 5983 unused Assets / (5.4 MB). Loaded Objects now: 6707.
Memory consumption went from 154.8 MB to 149.4 MB.
Total: 14.026200 ms (FindLiveObjects: 1.178700 ms CreateObjectMapping: 1.071400 ms MarkObjects: 7.632100 ms  DeleteObjects: 4.142900 ms)

Prepare: number of updated asset objects reloaded= 0
========================================================================
Received Import Request.
  Time since last request: 950.126463 seconds.
  path: Assets/Bitgem/StylisedWater/URP/Materials/example-water-02.mat
  artifactKey: Guid(fb659c98d6ac4db41b88596ff2c4e2e1) Importer(815301076,1909f56bfc062723c751e8b465ee728b)
Start importing Assets/Bitgem/StylisedWater/URP/Materials/example-water-02.mat using Guid(fb659c98d6ac4db41b88596ff2c4e2e1) Importer(815301076,1909f56bfc062723c751e8b465ee728b) (PreviewImporter) -> (artifact id: '8f1512a577abc32a213075dac329a2db') in 3.2216852 seconds
Number of updated asset objects reloaded before import = 0Number of asset objects unloaded after import = 9

========================================================================
Received Import Request.
  Time since last request: 0.000029 seconds.
  path: Assets/Bitgem/StylisedWater/URP/Materials/greyboxing.mat
  artifactKey: Guid(daf55c765d391c942b306a6a1483d9e7) Importer(815301076,1909f56bfc062723c751e8b465ee728b)
Start importing Assets/Bitgem/StylisedWater/URP/Materials/greyboxing.mat using Guid(daf55c765d391c942b306a6a1483d9e7) Importer(815301076,1909f56bfc062723c751e8b465ee728b) (PreviewImporter) -> (artifact id: '74716d7439638e195191551e2202fcb0') in 2.2577499 seconds
Number of updated asset objects reloaded before import = 0Number of asset objects unloaded after import = 7

========================================================================
Received Import Request.
  Time since last request: 26.658026 seconds.
  path: Assets/Bitgem/StylisedWater/URP/Shaders/Triplanar.shadergraph
  artifactKey: Guid(bd3cfc66251d1db41bc93e3d21170477) Importer(815301076,1909f56bfc062723c751e8b465ee728b)
Start importing Assets/Bitgem/StylisedWater/URP/Shaders/Triplanar.shadergraph using Guid(bd3cfc66251d1db41bc93e3d21170477) Importer(815301076,1909f56bfc062723c751e8b465ee728b) (PreviewImporter) -> (artifact id: '5ed5ea65292b3bbf9b3ce1baa7a0afb5') in 0.0481579 seconds
Number of updated asset objects reloaded before import = 0Number of asset objects unloaded after import = 5

========================================================================
Received Prepare
Begin MonoManager ReloadAssembly
- Loaded All Assemblies, in  0.695 seconds
Refreshing native plugins compatible for Editor in 1.68 ms, found 4 plugins.
Native extension for WindowsStandalone target not found
Mono: successfully reloaded assembly
- Finished resetting the current domain, in  0.930 seconds
Domain Reload Profiling: 1626ms
	BeginReloadAssembly (249ms)
		ExecutionOrderSort (0ms)
		DisableScriptedObjects (25ms)
		BackupInstance (0ms)
		ReleaseScriptingObjects (1ms)
		CreateAndSetChildDomain (82ms)
	RebuildCommonClasses (32ms)
	RebuildNativeTypeToScriptingClass (11ms)
	initialDomainReloadingComplete (26ms)
	LoadAllAssembliesAndSetupDomain (379ms)
		LoadAssemblies (304ms)
		RebuildTransferFunctionScriptingTraits (0ms)
		AnalyzeDomain (170ms)
			TypeCache.Refresh (6ms)
				TypeCache.ScanAssembly (0ms)
			BuildScriptInfoCaches (152ms)
			ResolveRequiredComponents (9ms)
	FinalizeReload (930ms)
		ReleaseScriptCaches (0ms)
		RebuildScriptCaches (0ms)
		SetupLoadedEditorAssemblies (735ms)
			LogAssemblyErrors (0ms)
			InitializePlatformSupportModulesInManaged (2ms)
			SetLoadedEditorAssemblies (4ms)
			BeforeProcessingInitializeOnLoad (122ms)
			ProcessInitializeOnLoadAttributes (538ms)
			ProcessInitializeOnLoadMethodAttributes (62ms)
			AfterProcessingInitializeOnLoad (7ms)
			EditorAssembliesLoaded (0ms)
		ExecutionOrderSort2 (0ms)
		AwakeInstancesAfterBackupRestoration (17ms)
Refreshing native plugins compatible for Editor in 1.98 ms, found 4 plugins.
Preloading 0 native plugins for Editor in 0.00 ms.
Unloading 39 Unused Serialized files (Serialized files now loaded: 0)
Unloading 5983 unused Assets / (6.5 MB). Loaded Objects now: 6731.
Memory consumption went from 158.5 MB to 152.0 MB.
Total: 16.589800 ms (FindLiveObjects: 1.079300 ms CreateObjectMapping: 1.722500 ms MarkObjects: 8.422500 ms  DeleteObjects: 5.364300 ms)

Prepare: number of updated asset objects reloaded= 0
========================================================================
Received Import Request.
  Time since last request: 3773.452057 seconds.
  path: Assets/Fantasy house/Materials/House.001.mat
  artifactKey: Guid(df47ffcd047c70c45b0df4752be010e5) Importer(815301076,1909f56bfc062723c751e8b465ee728b)
Start importing Assets/Fantasy house/Materials/House.001.mat using Guid(df47ffcd047c70c45b0df4752be010e5) Importer(815301076,1909f56bfc062723c751e8b465ee728b) (PreviewImporter) -> (artifact id: 'ebdda4ed3a74722bd95760ed0aa0b56a') in 2.8376588 seconds
Number of updated asset objects reloaded before import = 0Number of asset objects unloaded after import = 8

========================================================================
Received Import Request.
  Time since last request: 0.000024 seconds.
  path: Assets/Fantasy house/Materials/Lamp.001.mat
  artifactKey: Guid(96790797416e5044984aaf9ed37cd516) Importer(815301076,1909f56bfc062723c751e8b465ee728b)
Start importing Assets/Fantasy house/Materials/Lamp.001.mat using Guid(96790797416e5044984aaf9ed37cd516) Importer(815301076,1909f56bfc062723c751e8b465ee728b) (PreviewImporter) -> (artifact id: '11eb7b54781607ed6523ac12f69474b9') in 2.3148259 seconds
Number of updated asset objects reloaded before import = 0Number of asset objects unloaded after import = 5

========================================================================
Received Import Request.
  Time since last request: 26.041852 seconds.
  path: Assets/Fantasy house/Textures/Ground.001_Metallic.png
  artifactKey: Guid(60b74774478f7964f8d2fe4337fa7aa1) Importer(815301076,1909f56bfc062723c751e8b465ee728b)
Start importing Assets/Fantasy house/Textures/Ground.001_Metallic.png using Guid(60b74774478f7964f8d2fe4337fa7aa1) Importer(815301076,1909f56bfc062723c751e8b465ee728b) (PreviewImporter) -> (artifact id: '9a414471d8ef8c7baea63a467b0d7b25') in 0.0180475 seconds
Number of updated asset objects reloaded before import = 0Number of asset objects unloaded after import = 2

========================================================================
Received Import Request.
  Time since last request: 0.000027 seconds.
  path: Assets/Fantasy house/Textures/Stuff.002_Metallic.png
  artifactKey: Guid(c395beda3d9ab2d45820b6a175bf25e9) Importer(815301076,1909f56bfc062723c751e8b465ee728b)
Start importing Assets/Fantasy house/Textures/Stuff.002_Metallic.png using Guid(c395beda3d9ab2d45820b6a175bf25e9) Importer(815301076,1909f56bfc062723c751e8b465ee728b) (PreviewImporter) -> (artifact id: '7e77af23871d8a3c2a9294380833ffd7') in 0.0077662 seconds
Number of updated asset objects reloaded before import = 0Number of asset objects unloaded after import = 2

========================================================================
Received Import Request.
  Time since last request: 0.000034 seconds.
  path: Assets/Fantasy house/Textures/Stuff.002_Mixed_AO.png
  artifactKey: Guid(ac9b26bba5cedef43ad56e7faa991425) Importer(815301076,1909f56bfc062723c751e8b465ee728b)
Start importing Assets/Fantasy house/Textures/Stuff.002_Mixed_AO.png using Guid(ac9b26bba5cedef43ad56e7faa991425) Importer(815301076,1909f56bfc062723c751e8b465ee728b) (PreviewImporter) -> (artifact id: 'e3cd42dd607d74b63e9282c66d4b5543') in 0.014877 seconds
Number of updated asset objects reloaded before import = 0Number of asset objects unloaded after import = 2

========================================================================
Received Import Request.
  Time since last request: 0.000019 seconds.
  path: Assets/Fantasy house/Textures/House.001_Metallic.png
  artifactKey: Guid(86844b85ab7a900448417deaf3a9f82f) Importer(815301076,1909f56bfc062723c751e8b465ee728b)
Start importing Assets/Fantasy house/Textures/House.001_Metallic.png using Guid(86844b85ab7a900448417deaf3a9f82f) Importer(815301076,1909f56bfc062723c751e8b465ee728b) (PreviewImporter) -> (artifact id: '83e3c329afc4084cf2cd48ee1c3f4614') in 0.006316 seconds
Number of updated asset objects reloaded before import = 0Number of asset objects unloaded after import = 2

========================================================================
Received Import Request.
  Time since last request: 0.000030 seconds.
  path: Assets/Fantasy house/Textures/Tower.001_Mixed_AO.png
  artifactKey: Guid(353361c61ab95f24688d2e51a1475c81) Importer(815301076,1909f56bfc062723c751e8b465ee728b)
Start importing Assets/Fantasy house/Textures/Tower.001_Mixed_AO.png using Guid(353361c61ab95f24688d2e51a1475c81) Importer(815301076,1909f56bfc062723c751e8b465ee728b) (PreviewImporter) -> (artifact id: 'f1110d092cd390e1951d2c29e8a2d3f4') in 0.0135675 seconds
Number of updated asset objects reloaded before import = 0Number of asset objects unloaded after import = 2

========================================================================
Received Import Request.
  Time since last request: 0.000019 seconds.
  path: Assets/Fantasy house/Textures/Lamp.002_Base_Color.png
  artifactKey: Guid(efcef0921515b3e49a4a892a460f34e6) Importer(815301076,1909f56bfc062723c751e8b465ee728b)
Start importing Assets/Fantasy house/Textures/Lamp.002_Base_Color.png using Guid(efcef0921515b3e49a4a892a460f34e6) Importer(815301076,1909f56bfc062723c751e8b465ee728b) (PreviewImporter) -> (artifact id: 'b696b30875d1a8b5a04f632f8725f12e') in 0.0142554 seconds
Number of updated asset objects reloaded before import = 0Number of asset objects unloaded after import = 2

========================================================================
Received Import Request.
  Time since last request: 0.000025 seconds.
  path: Assets/Fantasy house/Textures/Lamp.001_Roughness.png
  artifactKey: Guid(3bab9723f67486d4599983ca36dc168d) Importer(815301076,1909f56bfc062723c751e8b465ee728b)
Start importing Assets/Fantasy house/Textures/Lamp.001_Roughness.png using Guid(3bab9723f67486d4599983ca36dc168d) Importer(815301076,1909f56bfc062723c751e8b465ee728b) (PreviewImporter) -> (artifact id: 'd177846d19fa26afb39ddc343ed22f55') in 0.012607 seconds
Number of updated asset objects reloaded before import = 0Number of asset objects unloaded after import = 2

========================================================================
Received Import Request.
  Time since last request: 0.000021 seconds.
  path: Assets/Fantasy house/Textures/Tower.001_Height.png
  artifactKey: Guid(83b0596ba094bb241bd4bbb415951d64) Importer(815301076,1909f56bfc062723c751e8b465ee728b)
Start importing Assets/Fantasy house/Textures/Tower.001_Height.png using Guid(83b0596ba094bb241bd4bbb415951d64) Importer(815301076,1909f56bfc062723c751e8b465ee728b) (PreviewImporter) -> (artifact id: '4633eba4ab84905745e45896485a632a') in 0.0078096 seconds
Number of updated asset objects reloaded before import = 0Number of asset objects unloaded after import = 2

========================================================================
Received Import Request.
  Time since last request: 0.000021 seconds.
  path: Assets/Fantasy house/Textures/Stuff.002_Normal_OpenGL.png
  artifactKey: Guid(d35aeb4685a326344a06e4d53523ab38) Importer(815301076,1909f56bfc062723c751e8b465ee728b)
Start importing Assets/Fantasy house/Textures/Stuff.002_Normal_OpenGL.png using Guid(d35aeb4685a326344a06e4d53523ab38) Importer(815301076,1909f56bfc062723c751e8b465ee728b) (PreviewImporter) -> (artifact id: '980c7fab61464b5e0bf65ac92812c4d1') in 0.0066349 seconds
Number of updated asset objects reloaded before import = 0Number of asset objects unloaded after import = 2

========================================================================
Received Import Request.
  Time since last request: 0.000037 seconds.
  path: Assets/Fantasy house/Textures/House.001_Roughness.png
  artifactKey: Guid(9db042aaf43b7b8429baf3eea5c1d95f) Importer(815301076,1909f56bfc062723c751e8b465ee728b)
Start importing Assets/Fantasy house/Textures/House.001_Roughness.png using Guid(9db042aaf43b7b8429baf3eea5c1d95f) Importer(815301076,1909f56bfc062723c751e8b465ee728b) (PreviewImporter) -> (artifact id: '3c7457b68fb065a00a4b3825e47e2089') in 0.0137485 seconds
Number of updated asset objects reloaded before import = 0Number of asset objects unloaded after import = 2

========================================================================
Received Import Request.
  Time since last request: 0.000029 seconds.
  path: Assets/Fantasy house/Textures/Tree.001_Roughness.png
  artifactKey: Guid(647a4071cd222c84086265b901d22285) Importer(815301076,1909f56bfc062723c751e8b465ee728b)
Start importing Assets/Fantasy house/Textures/Tree.001_Roughness.png using Guid(647a4071cd222c84086265b901d22285) Importer(815301076,1909f56bfc062723c751e8b465ee728b) (PreviewImporter) -> (artifact id: 'e488ec0dc8494bc51b1d089628f334d2') in 0.0152993 seconds
Number of updated asset objects reloaded before import = 0Number of asset objects unloaded after import = 2

========================================================================
Received Import Request.
  Time since last request: 0.000017 seconds.
  path: Assets/Fantasy house/Textures/Ground.001_Mixed_AO.png
  artifactKey: Guid(9a4e1b693b1e4e9488a2dc0ca74151a4) Importer(815301076,1909f56bfc062723c751e8b465ee728b)
Start importing Assets/Fantasy house/Textures/Ground.001_Mixed_AO.png using Guid(9a4e1b693b1e4e9488a2dc0ca74151a4) Importer(815301076,1909f56bfc062723c751e8b465ee728b) (PreviewImporter) -> (artifact id: '6f3d1ddd961300af5a8d97c87624baaf') in 0.0131878 seconds
Number of updated asset objects reloaded before import = 0Number of asset objects unloaded after import = 2

========================================================================
Received Import Request.
  Time since last request: 0.000028 seconds.
  path: Assets/Fantasy house/Textures/House.001_Height.png
  artifactKey: Guid(a48d08e927334764887fd2a84639f9f3) Importer(815301076,1909f56bfc062723c751e8b465ee728b)
Start importing Assets/Fantasy house/Textures/House.001_Height.png using Guid(a48d08e927334764887fd2a84639f9f3) Importer(815301076,1909f56bfc062723c751e8b465ee728b) (PreviewImporter) -> (artifact id: 'b632d8034c8ef570b4e429f3697991dc') in 0.005934 seconds
Number of updated asset objects reloaded before import = 0Number of asset objects unloaded after import = 2

========================================================================
Received Import Request.
  Time since last request: 0.000019 seconds.
  path: Assets/Fantasy house/Textures/Tree.001_Normal.png
  artifactKey: Guid(ffceb8e692eefc546a027fee1f82db23) Importer(815301076,1909f56bfc062723c751e8b465ee728b)
Start importing Assets/Fantasy house/Textures/Tree.001_Normal.png using Guid(ffceb8e692eefc546a027fee1f82db23) Importer(815301076,1909f56bfc062723c751e8b465ee728b) (PreviewImporter) -> (artifact id: 'c798fa5db5d98d9f04e2f4162e89a660') in 0.0158083 seconds
Number of updated asset objects reloaded before import = 0Number of asset objects unloaded after import = 2

========================================================================
Received Import Request.
  Time since last request: 0.000024 seconds.
  path: Assets/Fantasy house/Textures/Woods.001_Height.png
  artifactKey: Guid(88a7591519f725b4f82ccf4482e4c012) Importer(815301076,1909f56bfc062723c751e8b465ee728b)
Start importing Assets/Fantasy house/Textures/Woods.001_Height.png using Guid(88a7591519f725b4f82ccf4482e4c012) Importer(815301076,1909f56bfc062723c751e8b465ee728b) (PreviewImporter) -> (artifact id: 'a04df511a6b80d8af004ac35c5ff1226') in 0.0084612 seconds
Number of updated asset objects reloaded before import = 0Number of asset objects unloaded after import = 2

========================================================================
Received Import Request.
  Time since last request: 0.000031 seconds.
  path: Assets/Fantasy house/Textures/Woods.001_Normal.png
  artifactKey: Guid(1d485b9dfc633264f8d798d4b56851ce) Importer(815301076,1909f56bfc062723c751e8b465ee728b)
Start importing Assets/Fantasy house/Textures/Woods.001_Normal.png using Guid(1d485b9dfc633264f8d798d4b56851ce) Importer(815301076,1909f56bfc062723c751e8b465ee728b) (PreviewImporter) -> (artifact id: '31ba58632f87ad6e332fa10db5e12d1e') in 0.0092537 seconds
Number of updated asset objects reloaded before import = 0Number of asset objects unloaded after import = 2

========================================================================
Received Import Request.
  Time since last request: 0.000032 seconds.
  path: Assets/Fantasy house/Textures/Lamp.001_Mixed_AO.png
  artifactKey: Guid(65bbe1a1265e1a541983505cd7c2b89e) Importer(815301076,1909f56bfc062723c751e8b465ee728b)
Start importing Assets/Fantasy house/Textures/Lamp.001_Mixed_AO.png using Guid(65bbe1a1265e1a541983505cd7c2b89e) Importer(815301076,1909f56bfc062723c751e8b465ee728b) (PreviewImporter) -> (artifact id: 'e340a6f6b2d7db37f8d2502d3b1322ea') in 0.0161911 seconds
Number of updated asset objects reloaded before import = 0Number of asset objects unloaded after import = 2

========================================================================
Received Import Request.
  Time since last request: 0.000019 seconds.
  path: Assets/Fantasy house/Textures/House.001_Normal_OpenGL.png
  artifactKey: Guid(23c3307be396e9a4c8f61ad86c6864d7) Importer(815301076,1909f56bfc062723c751e8b465ee728b)
Start importing Assets/Fantasy house/Textures/House.001_Normal_OpenGL.png using Guid(23c3307be396e9a4c8f61ad86c6864d7) Importer(815301076,1909f56bfc062723c751e8b465ee728b) (PreviewImporter) -> (artifact id: 'a1e5202a30267ceed6a92dc693a8b9c5') in 0.0060898 seconds
Number of updated asset objects reloaded before import = 0Number of asset objects unloaded after import = 2

========================================================================
Received Import Request.
  Time since last request: 0.000029 seconds.
  path: Assets/Fantasy house/Textures/Lamp.002_Metallic.png
  artifactKey: Guid(88f88b25245c842459904b22a9f38050) Importer(815301076,1909f56bfc062723c751e8b465ee728b)
Start importing Assets/Fantasy house/Textures/Lamp.002_Metallic.png using Guid(88f88b25245c842459904b22a9f38050) Importer(815301076,1909f56bfc062723c751e8b465ee728b) (PreviewImporter) -> (artifact id: 'cc2a93a57c5b6afd5b36e5252e5ad728') in 0.0064021 seconds
Number of updated asset objects reloaded before import = 0Number of asset objects unloaded after import = 2

Editor requested this worker to shutdown with reason: Scaling down because of idle timeout
AssetImportWorker is now disconnected from the server
Process exiting
Exiting without the bug reporter. Application will terminate with return code 0