Using pre-set license
Built from '6000.0/staging' branch; Version is '6000.0.33f1 (433b0a79340b) revision 4406026'; Using compiler version '193933523'; Build Type 'Release'
OS: 'Windows 11  (10.0.26100) 64bit Professional' Language: 'en' Physical Memory: 32714 MB
BatchMode: 1, IsHumanControllingUs: 0, StartBugReporterOnCrash: 0, Is64bit: 1, IsPro: 1

COMMAND LINE ARGUMENTS:
C:\Program Files\Unity\Hub\Editor\6000.0.33f1\Editor\Unity.exe
-adb2
-batchMode
-noUpm
-name
AssetImportWorker2
-projectPath
C:/Users/chris/My project
-logFile
Logs/AssetImportWorker2.log
-srvPort
53775
-job-worker-count
5
-background-job-worker-count
8
-gc-helper-count
1
Successfully changed project path to: C:/Users/chris/My project
C:/Users/chris/My project
[UnityMemory] Configuration Parameters - Can be set up in boot.config
    "memorysetup-bucket-allocator-granularity=16"
    "memorysetup-bucket-allocator-bucket-count=8"
    "memorysetup-bucket-allocator-block-size=33554432"
    "memorysetup-bucket-allocator-block-count=8"
    "memorysetup-main-allocator-block-size=16777216"
    "memorysetup-thread-allocator-block-size=16777216"
    "memorysetup-gfx-main-allocator-block-size=16777216"
    "memorysetup-gfx-thread-allocator-block-size=16777216"
    "memorysetup-cache-allocator-block-size=4194304"
    "memorysetup-typetree-allocator-block-size=2097152"
    "memorysetup-profiler-bucket-allocator-granularity=16"
    "memorysetup-profiler-bucket-allocator-bucket-count=8"
    "memorysetup-profiler-bucket-allocator-block-size=33554432"
    "memorysetup-profiler-bucket-allocator-block-count=8"
    "memorysetup-profiler-allocator-block-size=16777216"
    "memorysetup-profiler-editor-allocator-block-size=1048576"
    "memorysetup-temp-allocator-size-main=16777216"
    "memorysetup-job-temp-allocator-block-size=2097152"
    "memorysetup-job-temp-allocator-block-size-background=1048576"
    "memorysetup-job-temp-allocator-reduction-small-platforms=262144"
    "memorysetup-allocator-temp-initial-block-size-main=262144"
    "memorysetup-allocator-temp-initial-block-size-worker=262144"
    "memorysetup-temp-allocator-size-background-worker=32768"
    "memorysetup-temp-allocator-size-job-worker=262144"
    "memorysetup-temp-allocator-size-preload-manager=33554432"
    "memorysetup-temp-allocator-size-nav-mesh-worker=65536"
    "memorysetup-temp-allocator-size-audio-worker=65536"
    "memorysetup-temp-allocator-size-cloud-worker=32768"
    "memorysetup-temp-allocator-size-gi-baking-worker=262144"
    "memorysetup-temp-allocator-size-gi-baking-worker=262144"
    "memorysetup-temp-allocator-size-gi-baking-worker=262144"
    "memorysetup-temp-allocator-size-gi-baking-worker=262144"
    "memorysetup-temp-allocator-size-gi-baking-worker=262144"
    "memorysetup-temp-allocator-size-gfx=262144"
Player connection [4816]  Target information:

Player connection [4816]  * "[IP] 192.168.254.100 [Port] 0 [Flags] 2 [Guid] 3011652625 [EditorId] 3011652625 [Version] 1048832 [Id] WindowsEditor(7,Picar) [Debug] 1 [PackageName] WindowsEditor [ProjectName] Editor" 

Player connection [4816] Host joined multi-casting on [225.0.0.222:54997]...
Player connection [4816] Host joined alternative multi-casting on [225.0.0.222:34997]...
JobSystem: Creating JobQueue using job-worker-count value 5
[Physics::Module] Initialized fallback backend.
[Physics::Module] Id: 0xdecafbad
Library Redirect Path: Library/
[Physics::Module] Selected backend.
[Physics::Module] Name: PhysX
[Physics::Module] Id: 0xf2b8ea05
[Physics::Module] SDK Version: 4.1.2
[Physics::Module] Integration Version: 1.0.0
[Physics::Module] Threading Mode: Multi-Threaded
Refreshing native plugins compatible for Editor in 2.66 ms, found 4 plugins.
Preloading 0 native plugins for Editor in 0.00 ms.
Initialize engine version: 6000.0.33f1 (433b0a79340b)
[Subsystems] Discovering subsystems at path C:/Program Files/Unity/Hub/Editor/6000.0.33f1/Editor/Data/Resources/UnitySubsystems
[Subsystems] Discovering subsystems at path C:/Users/chris/My project/Assets
GfxDevice: creating device client; kGfxThreadingModeNonThreaded
Direct3D:
    Version:  Direct3D 11.0 [level 11.1]
    Renderer: NVIDIA GeForce RTX 3070 (ID=0x2484)
    Vendor:   NVIDIA
    VRAM:     8018 MB
    Driver:   32.0.15.7628
Initialize mono
Mono path[0] = 'C:/Program Files/Unity/Hub/Editor/6000.0.33f1/Editor/Data/Managed'
Mono path[1] = 'C:/Program Files/Unity/Hub/Editor/6000.0.33f1/Editor/Data/MonoBleedingEdge/lib/mono/unityjit-win32'
Mono config path = 'C:/Program Files/Unity/Hub/Editor/6000.0.33f1/Editor/Data/MonoBleedingEdge/etc'
Using monoOptions --debugger-agent=transport=dt_socket,embedding=1,server=y,suspend=n,address=127.0.0.1:56224
Begin MonoManager ReloadAssembly
Registering precompiled unity dll's ...
Register platform support module: C:/Program Files/Unity/Hub/Editor/6000.0.33f1/Editor/Data/PlaybackEngines/WindowsStandaloneSupport/UnityEditor.WindowsStandalone.Extensions.dll
Registered in 0.002134 seconds.
- Loaded All Assemblies, in  0.319 seconds
Native extension for WindowsStandalone target not found
Mono: successfully reloaded assembly
- Finished resetting the current domain, in  0.271 seconds
Domain Reload Profiling: 589ms
	BeginReloadAssembly (109ms)
		ExecutionOrderSort (0ms)
		DisableScriptedObjects (0ms)
		BackupInstance (0ms)
		ReleaseScriptingObjects (0ms)
		CreateAndSetChildDomain (1ms)
	RebuildCommonClasses (32ms)
	RebuildNativeTypeToScriptingClass (10ms)
	initialDomainReloadingComplete (39ms)
	LoadAllAssembliesAndSetupDomain (127ms)
		LoadAssemblies (107ms)
		RebuildTransferFunctionScriptingTraits (0ms)
		AnalyzeDomain (124ms)
			TypeCache.Refresh (123ms)
				TypeCache.ScanAssembly (113ms)
			BuildScriptInfoCaches (0ms)
			ResolveRequiredComponents (0ms)
	FinalizeReload (271ms)
		ReleaseScriptCaches (0ms)
		RebuildScriptCaches (0ms)
		SetupLoadedEditorAssemblies (234ms)
			LogAssemblyErrors (0ms)
			InitializePlatformSupportModulesInManaged (19ms)
			SetLoadedEditorAssemblies (3ms)
			BeforeProcessingInitializeOnLoad (45ms)
			ProcessInitializeOnLoadAttributes (121ms)
			ProcessInitializeOnLoadMethodAttributes (46ms)
			AfterProcessingInitializeOnLoad (0ms)
			EditorAssembliesLoaded (0ms)
		ExecutionOrderSort2 (0ms)
		AwakeInstancesAfterBackupRestoration (0ms)
========================================================================
Worker process is ready to serve import requests
Import Worker Mode flag is 0x00
Begin MonoManager ReloadAssembly
- Loaded All Assemblies, in  0.645 seconds
Refreshing native plugins compatible for Editor in 0.99 ms, found 4 plugins.
Native extension for WindowsStandalone target not found
Refreshing native plugins compatible for Editor in 1.09 ms, found 4 plugins.
Mono: successfully reloaded assembly
- Finished resetting the current domain, in  0.683 seconds
Domain Reload Profiling: 1326ms
	BeginReloadAssembly (135ms)
		ExecutionOrderSort (0ms)
		DisableScriptedObjects (5ms)
		BackupInstance (0ms)
		ReleaseScriptingObjects (0ms)
		CreateAndSetChildDomain (25ms)
	RebuildCommonClasses (30ms)
	RebuildNativeTypeToScriptingClass (10ms)
	initialDomainReloadingComplete (31ms)
	LoadAllAssembliesAndSetupDomain (437ms)
		LoadAssemblies (310ms)
		RebuildTransferFunctionScriptingTraits (0ms)
		AnalyzeDomain (206ms)
			TypeCache.Refresh (148ms)
				TypeCache.ScanAssembly (135ms)
			BuildScriptInfoCaches (47ms)
			ResolveRequiredComponents (9ms)
	FinalizeReload (683ms)
		ReleaseScriptCaches (0ms)
		RebuildScriptCaches (0ms)
		SetupLoadedEditorAssemblies (548ms)
			LogAssemblyErrors (0ms)
			InitializePlatformSupportModulesInManaged (2ms)
			SetLoadedEditorAssemblies (4ms)
			BeforeProcessingInitializeOnLoad (85ms)
			ProcessInitializeOnLoadAttributes (383ms)
			ProcessInitializeOnLoadMethodAttributes (71ms)
			AfterProcessingInitializeOnLoad (3ms)
			EditorAssembliesLoaded (0ms)
		ExecutionOrderSort2 (0ms)
		AwakeInstancesAfterBackupRestoration (7ms)
Launched and connected shader compiler UnityShaderCompiler.exe after 0.01 seconds
Refreshing native plugins compatible for Editor in 2.12 ms, found 4 plugins.
Preloading 0 native plugins for Editor in 0.00 ms.
Unloading 198 Unused Serialized files (Serialized files now loaded: 0)
Unloading 5980 unused Assets / (6.5 MB). Loaded Objects now: 6615.
Memory consumption went from 155.5 MB to 149.0 MB.
Total: 13.778600 ms (FindLiveObjects: 0.923400 ms CreateObjectMapping: 1.169200 ms MarkObjects: 7.391800 ms  DeleteObjects: 4.293400 ms)

========================================================================
Received Import Request.
  Time since last request: 24059.991372 seconds.
  path: Assets/PolyOne/Rocks Stylized/Texture/Rocks_Stylized_Color.png
  artifactKey: Guid(4b1123766a5343d4a83555e9975055a2) Importer(815301076,1909f56bfc062723c751e8b465ee728b)
Start importing Assets/PolyOne/Rocks Stylized/Texture/Rocks_Stylized_Color.png using Guid(4b1123766a5343d4a83555e9975055a2) Importer(815301076,1909f56bfc062723c751e8b465ee728b) (PreviewImporter) -> (artifact id: 'f35453cafa665dfd2705d0d33c499294') in 0.0652211 seconds
Number of updated asset objects reloaded before import = 0Number of asset objects unloaded after import = 2

========================================================================
Received Prepare
Begin MonoManager ReloadAssembly
- Loaded All Assemblies, in  0.626 seconds
Refreshing native plugins compatible for Editor in 1.47 ms, found 4 plugins.
Native extension for WindowsStandalone target not found
Mono: successfully reloaded assembly
- Finished resetting the current domain, in  0.712 seconds
Domain Reload Profiling: 1339ms
	BeginReloadAssembly (180ms)
		ExecutionOrderSort (0ms)
		DisableScriptedObjects (6ms)
		BackupInstance (0ms)
		ReleaseScriptingObjects (0ms)
		CreateAndSetChildDomain (49ms)
	RebuildCommonClasses (39ms)
	RebuildNativeTypeToScriptingClass (17ms)
	initialDomainReloadingComplete (31ms)
	LoadAllAssembliesAndSetupDomain (360ms)
		LoadAssemblies (275ms)
		RebuildTransferFunctionScriptingTraits (0ms)
		AnalyzeDomain (172ms)
			TypeCache.Refresh (8ms)
				TypeCache.ScanAssembly (0ms)
			BuildScriptInfoCaches (150ms)
			ResolveRequiredComponents (10ms)
	FinalizeReload (713ms)
		ReleaseScriptCaches (0ms)
		RebuildScriptCaches (0ms)
		SetupLoadedEditorAssemblies (521ms)
			LogAssemblyErrors (0ms)
			InitializePlatformSupportModulesInManaged (2ms)
			SetLoadedEditorAssemblies (4ms)
			BeforeProcessingInitializeOnLoad (93ms)
			ProcessInitializeOnLoadAttributes (372ms)
			ProcessInitializeOnLoadMethodAttributes (47ms)
			AfterProcessingInitializeOnLoad (3ms)
			EditorAssembliesLoaded (0ms)
		ExecutionOrderSort2 (0ms)
		AwakeInstancesAfterBackupRestoration (13ms)
Refreshing native plugins compatible for Editor in 2.01 ms, found 4 plugins.
Preloading 0 native plugins for Editor in 0.00 ms.
Unloading 48 Unused Serialized files (Serialized files now loaded: 0)
Unloading 5982 unused Assets / (6.0 MB). Loaded Objects now: 6643.
Memory consumption went from 145.4 MB to 139.4 MB.
Total: 14.959100 ms (FindLiveObjects: 1.000400 ms CreateObjectMapping: 1.601200 ms MarkObjects: 8.127400 ms  DeleteObjects: 4.229100 ms)

Prepare: number of updated asset objects reloaded= 0
========================================================================
Received Import Request.
  Time since last request: 944.639751 seconds.
  path: Assets/Bitgem/StylisedWater/URP/Materials/example-water-01.mat
  artifactKey: Guid(16ca5feb16ef2d744852096378401523) Importer(815301076,1909f56bfc062723c751e8b465ee728b)
Start importing Assets/Bitgem/StylisedWater/URP/Materials/example-water-01.mat using Guid(16ca5feb16ef2d744852096378401523) Importer(815301076,1909f56bfc062723c751e8b465ee728b) (PreviewImporter) -> (artifact id: 'a9c74b24c8018a8ab59b2845f47d5069') in 3.1884749 seconds
Number of updated asset objects reloaded before import = 0Number of asset objects unloaded after import = 9

========================================================================
Received Import Request.
  Time since last request: 0.000027 seconds.
  path: Assets/Bitgem/StylisedWater/URP/Materials/example-water-03.mat
  artifactKey: Guid(008541be8ad8b3f42a5318e1c4a73d1c) Importer(815301076,1909f56bfc062723c751e8b465ee728b)
Start importing Assets/Bitgem/StylisedWater/URP/Materials/example-water-03.mat using Guid(008541be8ad8b3f42a5318e1c4a73d1c) Importer(815301076,1909f56bfc062723c751e8b465ee728b) (PreviewImporter) -> (artifact id: 'a478821a669205cde6d420e33cca9d97') in 0.0659764 seconds
Number of updated asset objects reloaded before import = 0Number of asset objects unloaded after import = 7

========================================================================
Received Import Request.
  Time since last request: 0.000028 seconds.
  path: Assets/Bitgem/StylisedWater/URP/Shaders/WaterVolume-URP.shadergraph
  artifactKey: Guid(2cddf2ee6a74aca44af00f5a49bd2cf1) Importer(815301076,1909f56bfc062723c751e8b465ee728b)
Start importing Assets/Bitgem/StylisedWater/URP/Shaders/WaterVolume-URP.shadergraph using Guid(2cddf2ee6a74aca44af00f5a49bd2cf1) Importer(815301076,1909f56bfc062723c751e8b465ee728b) (PreviewImporter) -> (artifact id: 'a3e7353262d5fb038d35f69458e873a7') in 0.4220128 seconds
Number of updated asset objects reloaded before import = 0Number of asset objects unloaded after import = 6

========================================================================
Received Import Request.
  Time since last request: 28.439463 seconds.
  path: Assets/Bitgem/StylisedWater/URP/Materials/skybox.mat
  artifactKey: Guid(2c569dc78b4a14a66a37c4a7386a4147) Importer(815301076,1909f56bfc062723c751e8b465ee728b)
Start importing Assets/Bitgem/StylisedWater/URP/Materials/skybox.mat using Guid(2c569dc78b4a14a66a37c4a7386a4147) Importer(815301076,1909f56bfc062723c751e8b465ee728b) (PreviewImporter) -> (artifact id: '167c0da25be8f710a71a711ca4e0702b') in 0.0825617 seconds
Number of updated asset objects reloaded before import = 0Number of asset objects unloaded after import = 1

========================================================================
Received Import Request.
  Time since last request: 22.341732 seconds.
  path: Assets/Bitgem/StylisedWater/URP/Textures/waves_n.png
  artifactKey: Guid(f87d53fcaf34530488b706ee35d9b519) Importer(815301076,1909f56bfc062723c751e8b465ee728b)
Start importing Assets/Bitgem/StylisedWater/URP/Textures/waves_n.png using Guid(f87d53fcaf34530488b706ee35d9b519) Importer(815301076,1909f56bfc062723c751e8b465ee728b) (PreviewImporter) -> (artifact id: '94c2a6b56ae18699d46af2dac8c5c8fa') in 0.0240043 seconds
Number of updated asset objects reloaded before import = 0Number of asset objects unloaded after import = 2

========================================================================
Received Import Request.
  Time since last request: 2215.767028 seconds.
  path: Assets/Scenes/Models/Sea_Seal.stl
  artifactKey: Guid(a48bb8998b136c142a78f93d83c16d0d) Importer(815301076,1909f56bfc062723c751e8b465ee728b)
Start importing Assets/Scenes/Models/Sea_Seal.stl using Guid(a48bb8998b136c142a78f93d83c16d0d) Importer(815301076,1909f56bfc062723c751e8b465ee728b) (PreviewImporter) -> (artifact id: '547ae40998618b8d271b25d72373fda5') in 0.0035933 seconds
Number of updated asset objects reloaded before import = 0Number of asset objects unloaded after import = 1

========================================================================
Received Import Request.
  Time since last request: 321.031046 seconds.
  path: Assets/Scenes/Models/Bagel Seal
  artifactKey: Guid(0e074ceb6337e17459b933800275fefd) Importer(815301076,1909f56bfc062723c751e8b465ee728b)
Start importing Assets/Scenes/Models/Bagel Seal using Guid(0e074ceb6337e17459b933800275fefd) Importer(815301076,1909f56bfc062723c751e8b465ee728b) (PreviewImporter) -> (artifact id: '37733b8f72c20ce31e9c147c9f360d13') in 0.0009333 seconds
Number of updated asset objects reloaded before import = 0Number of asset objects unloaded after import = 0

========================================================================
Received Import Request.
  Time since last request: 0.082282 seconds.
  path: Assets/Scenes/Models/Bagel Seal/Bagel_Seal_Jerry_Huang_Sketchfab_Version.blend
  artifactKey: Guid(f2841e1658fd8734b88f83605c3330bc) Importer(815301076,1909f56bfc062723c751e8b465ee728b)
Start importing Assets/Scenes/Models/Bagel Seal/Bagel_Seal_Jerry_Huang_Sketchfab_Version.blend using Guid(f2841e1658fd8734b88f83605c3330bc) Importer(815301076,1909f56bfc062723c751e8b465ee728b) (PreviewImporter) -> (artifact id: '6e326611f5710eadab3e50f7997e9af9') in 2.0433459 seconds
Number of updated asset objects reloaded before import = 0Number of asset objects unloaded after import = 107

========================================================================
Received Prepare
Begin MonoManager ReloadAssembly
- Loaded All Assemblies, in  0.688 seconds
Refreshing native plugins compatible for Editor in 1.00 ms, found 4 plugins.
Native extension for WindowsStandalone target not found
Mono: successfully reloaded assembly
- Finished resetting the current domain, in  0.914 seconds
Domain Reload Profiling: 1602ms
	BeginReloadAssembly (237ms)
		ExecutionOrderSort (0ms)
		DisableScriptedObjects (25ms)
		BackupInstance (0ms)
		ReleaseScriptingObjects (0ms)
		CreateAndSetChildDomain (81ms)
	RebuildCommonClasses (37ms)
	RebuildNativeTypeToScriptingClass (10ms)
	initialDomainReloadingComplete (25ms)
	LoadAllAssembliesAndSetupDomain (379ms)
		LoadAssemblies (296ms)
		RebuildTransferFunctionScriptingTraits (0ms)
		AnalyzeDomain (173ms)
			TypeCache.Refresh (5ms)
				TypeCache.ScanAssembly (0ms)
			BuildScriptInfoCaches (155ms)
			ResolveRequiredComponents (9ms)
	FinalizeReload (915ms)
		ReleaseScriptCaches (0ms)
		RebuildScriptCaches (0ms)
		SetupLoadedEditorAssemblies (720ms)
			LogAssemblyErrors (0ms)
			InitializePlatformSupportModulesInManaged (2ms)
			SetLoadedEditorAssemblies (4ms)
			BeforeProcessingInitializeOnLoad (109ms)
			ProcessInitializeOnLoadAttributes (542ms)
			ProcessInitializeOnLoadMethodAttributes (58ms)
			AfterProcessingInitializeOnLoad (4ms)
			EditorAssembliesLoaded (0ms)
		ExecutionOrderSort2 (0ms)
		AwakeInstancesAfterBackupRestoration (15ms)
Refreshing native plugins compatible for Editor in 2.13 ms, found 4 plugins.
Preloading 0 native plugins for Editor in 0.00 ms.
Unloading 38 Unused Serialized files (Serialized files now loaded: 0)
Unloading 5983 unused Assets / (7.2 MB). Loaded Objects now: 6714.
Memory consumption went from 153.9 MB to 146.7 MB.
Total: 17.264600 ms (FindLiveObjects: 1.168000 ms CreateObjectMapping: 1.275500 ms MarkObjects: 8.265600 ms  DeleteObjects: 6.554000 ms)

Prepare: number of updated asset objects reloaded= 0
========================================================================
Received Import Request.
  Time since last request: 1212.023637 seconds.
  path: Assets/Fantasy house/Materials/Ground.001.mat
  artifactKey: Guid(93f0a7bda4a861145ac4c1138be02509) Importer(815301076,1909f56bfc062723c751e8b465ee728b)
Start importing Assets/Fantasy house/Materials/Ground.001.mat using Guid(93f0a7bda4a861145ac4c1138be02509) Importer(815301076,1909f56bfc062723c751e8b465ee728b) (PreviewImporter) -> (artifact id: '31b8f02efbf8982743560dee131c17bc') in 2.5821828 seconds
Number of updated asset objects reloaded before import = 0Number of asset objects unloaded after import = 7

========================================================================
Received Import Request.
  Time since last request: 0.000028 seconds.
  path: Assets/Fantasy house/Materials/Tower.001.mat
  artifactKey: Guid(c3b10c2a1c0e2cc4296c61e456460d2f) Importer(815301076,1909f56bfc062723c751e8b465ee728b)
Start importing Assets/Fantasy house/Materials/Tower.001.mat using Guid(c3b10c2a1c0e2cc4296c61e456460d2f) Importer(815301076,1909f56bfc062723c751e8b465ee728b) (PreviewImporter) -> (artifact id: '98347c189421d05ba4bb4b964e946318') in 2.2871138 seconds
Number of updated asset objects reloaded before import = 0Number of asset objects unloaded after import = 6

========================================================================
Received Import Request.
  Time since last request: 0.000050 seconds.
  path: Assets/Fantasy house/Materials/Skybox_Night.mat
  artifactKey: Guid(0ffaa0b7117ba8c47a9d05ae701d4b4d) Importer(815301076,1909f56bfc062723c751e8b465ee728b)
Start importing Assets/Fantasy house/Materials/Skybox_Night.mat using Guid(0ffaa0b7117ba8c47a9d05ae701d4b4d) Importer(815301076,1909f56bfc062723c751e8b465ee728b) (PreviewImporter) -> (artifact id: '20f4d37abb7fb8bf1e9190303772417a') in 0.0209243 seconds
Number of updated asset objects reloaded before import = 0Number of asset objects unloaded after import = 1

========================================================================
Received Import Request.
  Time since last request: 0.000027 seconds.
  path: Assets/Fantasy house/Materials/Stuff.002.mat
  artifactKey: Guid(bd7cf55b6fbd8884f9dbe044fb6befc2) Importer(815301076,1909f56bfc062723c751e8b465ee728b)
Start importing Assets/Fantasy house/Materials/Stuff.002.mat using Guid(bd7cf55b6fbd8884f9dbe044fb6befc2) Importer(815301076,1909f56bfc062723c751e8b465ee728b) (PreviewImporter) -> (artifact id: '72d6783a839dd1647caa8e1b433bdb1d') in 0.0210033 seconds
Number of updated asset objects reloaded before import = 0Number of asset objects unloaded after import = 5

========================================================================
Received Import Request.
  Time since last request: 0.000022 seconds.
  path: Assets/Fantasy house/Materials/Tree.001.mat
  artifactKey: Guid(61fd05c783e057042a527d02af30afda) Importer(815301076,1909f56bfc062723c751e8b465ee728b)
Start importing Assets/Fantasy house/Materials/Tree.001.mat using Guid(61fd05c783e057042a527d02af30afda) Importer(815301076,1909f56bfc062723c751e8b465ee728b) (PreviewImporter) -> (artifact id: '481f3cd37fb6f5d22e4ecfbb0237ecc1') in 0.0189723 seconds
Number of updated asset objects reloaded before import = 0Number of asset objects unloaded after import = 5

========================================================================
Received Import Request.
  Time since last request: 0.000024 seconds.
  path: Assets/Fantasy house/Materials/Skybox_Day.mat
  artifactKey: Guid(4d0c9dff2a1b3614e9d193b290f93d3e) Importer(815301076,1909f56bfc062723c751e8b465ee728b)
Start importing Assets/Fantasy house/Materials/Skybox_Day.mat using Guid(4d0c9dff2a1b3614e9d193b290f93d3e) Importer(815301076,1909f56bfc062723c751e8b465ee728b) (PreviewImporter) -> (artifact id: 'ccfe248d213fd8dc77ccc1c683d0706a') in 0.0177555 seconds
Number of updated asset objects reloaded before import = 0Number of asset objects unloaded after import = 1

========================================================================
Received Import Request.
  Time since last request: 26.132037 seconds.
  path: Assets/Fantasy house/Textures/Ground.001_Height.png
  artifactKey: Guid(f1ff51d4708de6d47a27888fe101d8fc) Importer(815301076,1909f56bfc062723c751e8b465ee728b)
Start importing Assets/Fantasy house/Textures/Ground.001_Height.png using Guid(f1ff51d4708de6d47a27888fe101d8fc) Importer(815301076,1909f56bfc062723c751e8b465ee728b) (PreviewImporter) -> (artifact id: '784017e7d0ad5157844d464f5c2c92ad') in 0.0185356 seconds
Number of updated asset objects reloaded before import = 0Number of asset objects unloaded after import = 2

========================================================================
Received Import Request.
  Time since last request: 0.000026 seconds.
  path: Assets/Fantasy house/Textures/Lamp.001_Base_Color.png
  artifactKey: Guid(658b058ff0c2707469761d165a5d4b51) Importer(815301076,1909f56bfc062723c751e8b465ee728b)
Start importing Assets/Fantasy house/Textures/Lamp.001_Base_Color.png using Guid(658b058ff0c2707469761d165a5d4b51) Importer(815301076,1909f56bfc062723c751e8b465ee728b) (PreviewImporter) -> (artifact id: '848fdedc3f6b5de0c6828bcbfda68dfc') in 0.0143072 seconds
Number of updated asset objects reloaded before import = 0Number of asset objects unloaded after import = 2

========================================================================
Received Import Request.
  Time since last request: 0.000017 seconds.
  path: Assets/Fantasy house/Textures/Ground.001_Normal_OpenGL.png
  artifactKey: Guid(3210ca7d396784643b2dce348f3d664f) Importer(815301076,1909f56bfc062723c751e8b465ee728b)
Start importing Assets/Fantasy house/Textures/Ground.001_Normal_OpenGL.png using Guid(3210ca7d396784643b2dce348f3d664f) Importer(815301076,1909f56bfc062723c751e8b465ee728b) (PreviewImporter) -> (artifact id: 'fafe7e92a1531178fbf86477f6a85ad2') in 0.0134546 seconds
Number of updated asset objects reloaded before import = 0Number of asset objects unloaded after import = 2

========================================================================
Received Import Request.
  Time since last request: 0.000020 seconds.
  path: Assets/Fantasy house/Textures/Tower.001_Emissive.png
  artifactKey: Guid(b2d02e452bb7ca34ca3738610bf713f0) Importer(815301076,1909f56bfc062723c751e8b465ee728b)
Start importing Assets/Fantasy house/Textures/Tower.001_Emissive.png using Guid(b2d02e452bb7ca34ca3738610bf713f0) Importer(815301076,1909f56bfc062723c751e8b465ee728b) (PreviewImporter) -> (artifact id: '834b095d5e61df00a23393b04ae11678') in 0.0152727 seconds
Number of updated asset objects reloaded before import = 0Number of asset objects unloaded after import = 2

========================================================================
Received Import Request.
  Time since last request: 0.000020 seconds.
  path: Assets/Fantasy house/Textures/House.001_Normal.png
  artifactKey: Guid(c45e02bdb1fd6274487ccee4f45b05e5) Importer(815301076,1909f56bfc062723c751e8b465ee728b)
Start importing Assets/Fantasy house/Textures/House.001_Normal.png using Guid(c45e02bdb1fd6274487ccee4f45b05e5) Importer(815301076,1909f56bfc062723c751e8b465ee728b) (PreviewImporter) -> (artifact id: 'c20970b0a7ddc25fd73bcf904617839e') in 0.0094498 seconds
Number of updated asset objects reloaded before import = 0Number of asset objects unloaded after import = 2

========================================================================
Received Import Request.
  Time since last request: 0.000042 seconds.
  path: Assets/Fantasy house/Textures/Stuff.002_Base_Color.png
  artifactKey: Guid(278c6e8ab1c87794a9ad5dab9fd75c92) Importer(815301076,1909f56bfc062723c751e8b465ee728b)
Start importing Assets/Fantasy house/Textures/Stuff.002_Base_Color.png using Guid(278c6e8ab1c87794a9ad5dab9fd75c92) Importer(815301076,1909f56bfc062723c751e8b465ee728b) (PreviewImporter) -> (artifact id: '9e7e40c331231cb7c7310ee2c7cf7a7b') in 0.0141361 seconds
Number of updated asset objects reloaded before import = 0Number of asset objects unloaded after import = 2

========================================================================
Received Import Request.
  Time since last request: 0.000019 seconds.
  path: Assets/Fantasy house/Textures/Tower.001_Base_Color.png
  artifactKey: Guid(f48ab357d7b24cf4abad57597ecc944f) Importer(815301076,1909f56bfc062723c751e8b465ee728b)
Start importing Assets/Fantasy house/Textures/Tower.001_Base_Color.png using Guid(f48ab357d7b24cf4abad57597ecc944f) Importer(815301076,1909f56bfc062723c751e8b465ee728b) (PreviewImporter) -> (artifact id: '6d0fa5662c3fda044d829cba03b6be4c') in 0.0131246 seconds
Number of updated asset objects reloaded before import = 0Number of asset objects unloaded after import = 2

========================================================================
Received Import Request.
  Time since last request: 0.000019 seconds.
  path: Assets/Fantasy house/Textures/Lamp.001_Metallic.png
  artifactKey: Guid(72130a8710aa3ce48b138f1153a47e7f) Importer(815301076,1909f56bfc062723c751e8b465ee728b)
Start importing Assets/Fantasy house/Textures/Lamp.001_Metallic.png using Guid(72130a8710aa3ce48b138f1153a47e7f) Importer(815301076,1909f56bfc062723c751e8b465ee728b) (PreviewImporter) -> (artifact id: '367508e6cf1dab47c38a1e62385387ae') in 0.0062577 seconds
Number of updated asset objects reloaded before import = 0Number of asset objects unloaded after import = 2

========================================================================
Received Import Request.
  Time since last request: 0.000019 seconds.
  path: Assets/Fantasy house/Textures/Woods.001_Roughness.png
  artifactKey: Guid(70906c610da44c542af7f26184abdf97) Importer(815301076,1909f56bfc062723c751e8b465ee728b)
Start importing Assets/Fantasy house/Textures/Woods.001_Roughness.png using Guid(70906c610da44c542af7f26184abdf97) Importer(815301076,1909f56bfc062723c751e8b465ee728b) (PreviewImporter) -> (artifact id: '8d5b3ace64e7febf803a3995bb1d15d7') in 0.0158134 seconds
Number of updated asset objects reloaded before import = 0Number of asset objects unloaded after import = 2

========================================================================
Received Import Request.
  Time since last request: 0.000029 seconds.
  path: Assets/Fantasy house/Textures/Stuff.002_Normal.png
  artifactKey: Guid(d43ad7e6662fab54fa1fb2fd1f0e75fc) Importer(815301076,1909f56bfc062723c751e8b465ee728b)
Start importing Assets/Fantasy house/Textures/Stuff.002_Normal.png using Guid(d43ad7e6662fab54fa1fb2fd1f0e75fc) Importer(815301076,1909f56bfc062723c751e8b465ee728b) (PreviewImporter) -> (artifact id: '18eef7b68f7d115f336bd1ed5787785b') in 0.0058203 seconds
Number of updated asset objects reloaded before import = 0Number of asset objects unloaded after import = 2

========================================================================
Received Import Request.
  Time since last request: 0.000019 seconds.
  path: Assets/Fantasy house/Textures/Tower.001_Normal_OpenGL.png
  artifactKey: Guid(5daf7df9506bbfc4a8948f6bee086a79) Importer(815301076,1909f56bfc062723c751e8b465ee728b)
Start importing Assets/Fantasy house/Textures/Tower.001_Normal_OpenGL.png using Guid(5daf7df9506bbfc4a8948f6bee086a79) Importer(815301076,1909f56bfc062723c751e8b465ee728b) (PreviewImporter) -> (artifact id: 'c3c163127ce6148cd978ec70103ff6fe') in 0.0062767 seconds
Number of updated asset objects reloaded before import = 0Number of asset objects unloaded after import = 2

========================================================================
Received Import Request.
  Time since last request: 0.000019 seconds.
  path: Assets/Fantasy house/Textures/House.001_Mixed_AO.png
  artifactKey: Guid(272876cc380fae848856cbdaeb8df224) Importer(815301076,1909f56bfc062723c751e8b465ee728b)
Start importing Assets/Fantasy house/Textures/House.001_Mixed_AO.png using Guid(272876cc380fae848856cbdaeb8df224) Importer(815301076,1909f56bfc062723c751e8b465ee728b) (PreviewImporter) -> (artifact id: '53729d60865e03690a55dcbc58651560') in 0.0148816 seconds
Number of updated asset objects reloaded before import = 0Number of asset objects unloaded after import = 2

========================================================================
Received Import Request.
  Time since last request: 0.000023 seconds.
  path: Assets/Fantasy house/Textures/Lamp.001_Normal_OpenGL.png
  artifactKey: Guid(e7ecbd9d5e395f442a96740b0b6a6af9) Importer(815301076,1909f56bfc062723c751e8b465ee728b)
Start importing Assets/Fantasy house/Textures/Lamp.001_Normal_OpenGL.png using Guid(e7ecbd9d5e395f442a96740b0b6a6af9) Importer(815301076,1909f56bfc062723c751e8b465ee728b) (PreviewImporter) -> (artifact id: '5b37cae8ff0333bee98d1e306c4eb759') in 0.0061514 seconds
Number of updated asset objects reloaded before import = 0Number of asset objects unloaded after import = 2

========================================================================
Received Import Request.
  Time since last request: 0.000037 seconds.
  path: Assets/Fantasy house/Textures/Lamp.002_Roughness.png
  artifactKey: Guid(e9c8607f30607c547af8d97847be3fe7) Importer(815301076,1909f56bfc062723c751e8b465ee728b)
Start importing Assets/Fantasy house/Textures/Lamp.002_Roughness.png using Guid(e9c8607f30607c547af8d97847be3fe7) Importer(815301076,1909f56bfc062723c751e8b465ee728b) (PreviewImporter) -> (artifact id: '50a6f774c2fff8a6ac2e9a027a236651') in 0.0066686 seconds
Number of updated asset objects reloaded before import = 0Number of asset objects unloaded after import = 2

========================================================================
Received Import Request.
  Time since last request: 0.000021 seconds.
  path: Assets/Fantasy house/Textures/Ground.001_Roughness.png
  artifactKey: Guid(a2f174633d696f2438bd3389f70d6b65) Importer(815301076,1909f56bfc062723c751e8b465ee728b)
Start importing Assets/Fantasy house/Textures/Ground.001_Roughness.png using Guid(a2f174633d696f2438bd3389f70d6b65) Importer(815301076,1909f56bfc062723c751e8b465ee728b) (PreviewImporter) -> (artifact id: '6329788cce09679350718f54e159b06b') in 0.0153145 seconds
Number of updated asset objects reloaded before import = 0Number of asset objects unloaded after import = 2

========================================================================
Received Import Request.
  Time since last request: 0.000019 seconds.
  path: Assets/Fantasy house/Textures/Ground.001_Normal.png
  artifactKey: Guid(8a481c0e399a5e4418aa4cf8a95ba4fd) Importer(815301076,1909f56bfc062723c751e8b465ee728b)
Start importing Assets/Fantasy house/Textures/Ground.001_Normal.png using Guid(8a481c0e399a5e4418aa4cf8a95ba4fd) Importer(815301076,1909f56bfc062723c751e8b465ee728b) (PreviewImporter) -> (artifact id: '5cea3f9d48df2b286cc0cb3a0ab439b1') in 0.0070014 seconds
Number of updated asset objects reloaded before import = 0Number of asset objects unloaded after import = 2

========================================================================
Received Import Request.
  Time since last request: 0.000023 seconds.
  path: Assets/Fantasy house/Textures/Woods.001_Normal_OpenGL.png
  artifactKey: Guid(011d1139ee066ec4fab5443a25fbecd7) Importer(815301076,1909f56bfc062723c751e8b465ee728b)
Start importing Assets/Fantasy house/Textures/Woods.001_Normal_OpenGL.png using Guid(011d1139ee066ec4fab5443a25fbecd7) Importer(815301076,1909f56bfc062723c751e8b465ee728b) (PreviewImporter) -> (artifact id: 'd48a0f48d49227efe949fe1db1f77063') in 0.0097765 seconds
Number of updated asset objects reloaded before import = 0Number of asset objects unloaded after import = 2

========================================================================
Received Import Request.
  Time since last request: 0.000025 seconds.
  path: Assets/Fantasy house/Textures/Lamp.002_Normal.png
  artifactKey: Guid(695dda8c150151944bfb32d664a2aced) Importer(815301076,1909f56bfc062723c751e8b465ee728b)
Start importing Assets/Fantasy house/Textures/Lamp.002_Normal.png using Guid(695dda8c150151944bfb32d664a2aced) Importer(815301076,1909f56bfc062723c751e8b465ee728b) (PreviewImporter) -> (artifact id: '5638acaab8769695b7ef3e654b4714fc') in 0.0142952 seconds
Number of updated asset objects reloaded before import = 0Number of asset objects unloaded after import = 2

========================================================================
Received Import Request.
  Time since last request: 0.000020 seconds.
  path: Assets/Fantasy house/Textures/House.001_Emissive.png
  artifactKey: Guid(5a97995e4670bed46a9adc9db020cc08) Importer(815301076,1909f56bfc062723c751e8b465ee728b)
Start importing Assets/Fantasy house/Textures/House.001_Emissive.png using Guid(5a97995e4670bed46a9adc9db020cc08) Importer(815301076,1909f56bfc062723c751e8b465ee728b) (PreviewImporter) -> (artifact id: '714555c66b4ca035d94f7929fc09877c') in 0.0150616 seconds
Number of updated asset objects reloaded before import = 0Number of asset objects unloaded after import = 2

========================================================================
Received Import Request.
  Time since last request: 0.000020 seconds.
  path: Assets/Fantasy house/Textures/Tower.001_Normal.png
  artifactKey: Guid(756c29ca61749b24a8b9d688dec0595e) Importer(815301076,1909f56bfc062723c751e8b465ee728b)
Start importing Assets/Fantasy house/Textures/Tower.001_Normal.png using Guid(756c29ca61749b24a8b9d688dec0595e) Importer(815301076,1909f56bfc062723c751e8b465ee728b) (PreviewImporter) -> (artifact id: '4f3eed74729ddb266d7db744cbf052be') in 0.0071143 seconds
Number of updated asset objects reloaded before import = 0Number of asset objects unloaded after import = 2

========================================================================
Received Import Request.
  Time since last request: 275.279754 seconds.
  path: Assets/Low Poly Environment Starter Kit/Prefabs/Standard/Terrains/Field.prefab
  artifactKey: Guid(de7790c7607a35149a81731896a0405f) Importer(815301076,1909f56bfc062723c751e8b465ee728b)
Start importing Assets/Low Poly Environment Starter Kit/Prefabs/Standard/Terrains/Field.prefab using Guid(de7790c7607a35149a81731896a0405f) Importer(815301076,1909f56bfc062723c751e8b465ee728b) (PreviewImporter) -> (artifact id: '947188180a736e085dbc2bf209b56461') in 0.0718442 seconds
Number of updated asset objects reloaded before import = 0Number of asset objects unloaded after import = 63

========================================================================
Received Import Request.
  Time since last request: 0.000029 seconds.
  path: Assets/Low Poly Environment Starter Kit/Prefabs/Standard/Terrains/Forest.prefab
  artifactKey: Guid(006ebb435a2f4d940b4f350185a1547c) Importer(815301076,1909f56bfc062723c751e8b465ee728b)
Start importing Assets/Low Poly Environment Starter Kit/Prefabs/Standard/Terrains/Forest.prefab using Guid(006ebb435a2f4d940b4f350185a1547c) Importer(815301076,1909f56bfc062723c751e8b465ee728b) (PreviewImporter) -> (artifact id: '4570a7aa580312d3b196add2e283e87c') in 0.023299 seconds
Number of updated asset objects reloaded before import = 0Number of asset objects unloaded after import = 45

========================================================================
Received Import Request.
  Time since last request: 0.000023 seconds.
  path: Assets/Low Poly Environment Starter Kit/Prefabs/Standard/Terrains/Lake.prefab
  artifactKey: Guid(52b913ae760450748b3689351167e95d) Importer(815301076,1909f56bfc062723c751e8b465ee728b)
Start importing Assets/Low Poly Environment Starter Kit/Prefabs/Standard/Terrains/Lake.prefab using Guid(52b913ae760450748b3689351167e95d) Importer(815301076,1909f56bfc062723c751e8b465ee728b) (PreviewImporter) -> (artifact id: 'bebae29267a21f7d27025c9399856974') in 0.0310073 seconds
Number of updated asset objects reloaded before import = 0Number of asset objects unloaded after import = 70

========================================================================
Received Import Request.
  Time since last request: 21.219200 seconds.
  path: Assets/Low Poly Environment Starter Kit/Prefabs/HDRP/Rocks/Rock 2.prefab
  artifactKey: Guid(8679deda0f8f2fe49a00281046f668bb) Importer(815301076,1909f56bfc062723c751e8b465ee728b)
Start importing Assets/Low Poly Environment Starter Kit/Prefabs/HDRP/Rocks/Rock 2.prefab using Guid(8679deda0f8f2fe49a00281046f668bb) Importer(815301076,1909f56bfc062723c751e8b465ee728b) (PreviewImporter) -> (artifact id: 'f3a269e2266023b7c78f2a0378d77e9d') in 3.0064433 seconds
Number of updated asset objects reloaded before import = 0Number of asset objects unloaded after import = 23

========================================================================
Received Import Request.
  Time since last request: 0.000041 seconds.
  path: Assets/Low Poly Environment Starter Kit/Prefabs/HDRP/Rocks/Rock 10.prefab
  artifactKey: Guid(e37afa6393d70ae4babec5feb4bd8f8b) Importer(815301076,1909f56bfc062723c751e8b465ee728b)
Start importing Assets/Low Poly Environment Starter Kit/Prefabs/HDRP/Rocks/Rock 10.prefab using Guid(e37afa6393d70ae4babec5feb4bd8f8b) Importer(815301076,1909f56bfc062723c751e8b465ee728b) (PreviewImporter) -> (artifact id: '7790bf992c17fea6432092ce8aa75b8c') in 0.0640115 seconds
Number of updated asset objects reloaded before import = 0Number of asset objects unloaded after import = 23

========================================================================
Received Import Request.
  Time since last request: 0.000034 seconds.
  path: Assets/Low Poly Environment Starter Kit/Prefabs/HDRP/Rocks/Rock Pile 1.prefab
  artifactKey: Guid(4bac1fb2510336345b46d088ec78919f) Importer(815301076,1909f56bfc062723c751e8b465ee728b)
Start importing Assets/Low Poly Environment Starter Kit/Prefabs/HDRP/Rocks/Rock Pile 1.prefab using Guid(4bac1fb2510336345b46d088ec78919f) Importer(815301076,1909f56bfc062723c751e8b465ee728b) (PreviewImporter) -> (artifact id: '82b853cc89dada31ffc32b09361ee03d') in 0.0615736 seconds
Number of updated asset objects reloaded before import = 0Number of asset objects unloaded after import = 23

========================================================================
Received Import Request.
  Time since last request: 0.000035 seconds.
  path: Assets/Low Poly Environment Starter Kit/Prefabs/HDRP/Rocks/Rock 6.prefab
  artifactKey: Guid(c9c3c4ff93424334ba8734103df52cbb) Importer(815301076,1909f56bfc062723c751e8b465ee728b)
Start importing Assets/Low Poly Environment Starter Kit/Prefabs/HDRP/Rocks/Rock 6.prefab using Guid(c9c3c4ff93424334ba8734103df52cbb) Importer(815301076,1909f56bfc062723c751e8b465ee728b) (PreviewImporter) -> (artifact id: 'eacbb6ebc8a469089fddd9a7720d19e1') in 0.0594659 seconds
Number of updated asset objects reloaded before import = 0Number of asset objects unloaded after import = 23

========================================================================
Received Import Request.
  Time since last request: 0.000033 seconds.
  path: Assets/Low Poly Environment Starter Kit/Prefabs/HDRP/Rocks/Rock 9.prefab
  artifactKey: Guid(2d19a106360d15c4981f0b6ca9b83db3) Importer(815301076,1909f56bfc062723c751e8b465ee728b)
Start importing Assets/Low Poly Environment Starter Kit/Prefabs/HDRP/Rocks/Rock 9.prefab using Guid(2d19a106360d15c4981f0b6ca9b83db3) Importer(815301076,1909f56bfc062723c751e8b465ee728b) (PreviewImporter) -> (artifact id: '9cbfc8a75f8a74c260f841a672b93bdd') in 0.062942 seconds
Number of updated asset objects reloaded before import = 0Number of asset objects unloaded after import = 23

========================================================================
Received Import Request.
  Time since last request: 0.000038 seconds.
  path: Assets/Low Poly Environment Starter Kit/Prefabs/HDRP/Rocks/Rock Pile 2.prefab
  artifactKey: Guid(07b179de58b5a9e4ab38dbf1ddf81795) Importer(815301076,1909f56bfc062723c751e8b465ee728b)
Start importing Assets/Low Poly Environment Starter Kit/Prefabs/HDRP/Rocks/Rock Pile 2.prefab using Guid(07b179de58b5a9e4ab38dbf1ddf81795) Importer(815301076,1909f56bfc062723c751e8b465ee728b) (PreviewImporter) -> (artifact id: 'ff07608d657f1e8f1e8d84022cf0323d') in 0.0643028 seconds
Number of updated asset objects reloaded before import = 0Number of asset objects unloaded after import = 23

========================================================================
Received Import Request.
  Time since last request: 0.000046 seconds.
  path: Assets/Low Poly Environment Starter Kit/Prefabs/HDRP/Rocks/Rock Pile 3.prefab
  artifactKey: Guid(de0280632bc1bc64cba672966e053e51) Importer(815301076,1909f56bfc062723c751e8b465ee728b)
Start importing Assets/Low Poly Environment Starter Kit/Prefabs/HDRP/Rocks/Rock Pile 3.prefab using Guid(de0280632bc1bc64cba672966e053e51) Importer(815301076,1909f56bfc062723c751e8b465ee728b) (PreviewImporter) -> (artifact id: '29f3f451065fe6e310d358f400753f54') in 0.060622 seconds
Number of updated asset objects reloaded before import = 0Number of asset objects unloaded after import = 23

========================================================================
Received Import Request.
  Time since last request: 9.774054 seconds.
  path: Assets/Low Poly Environment Starter Kit/Prefabs/Standard/Rocks/Rock 2.prefab
  artifactKey: Guid(57ed58afc8891834b9b6c7ad9b867e4b) Importer(815301076,1909f56bfc062723c751e8b465ee728b)
Start importing Assets/Low Poly Environment Starter Kit/Prefabs/Standard/Rocks/Rock 2.prefab using Guid(57ed58afc8891834b9b6c7ad9b867e4b) Importer(815301076,1909f56bfc062723c751e8b465ee728b) (PreviewImporter) -> (artifact id: 'e253dd6bccbf8e635c5a3cffd0d69b8a') in 0.0136196 seconds
Number of updated asset objects reloaded before import = 0Number of asset objects unloaded after import = 18

========================================================================
Received Import Request.
  Time since last request: 0.000030 seconds.
  path: Assets/Low Poly Environment Starter Kit/Prefabs/Standard/Rocks/Rock Pile 3.prefab
  artifactKey: Guid(9f3f4f94fd06fb147ae11524a3cc1001) Importer(815301076,1909f56bfc062723c751e8b465ee728b)
Start importing Assets/Low Poly Environment Starter Kit/Prefabs/Standard/Rocks/Rock Pile 3.prefab using Guid(9f3f4f94fd06fb147ae11524a3cc1001) Importer(815301076,1909f56bfc062723c751e8b465ee728b) (PreviewImporter) -> (artifact id: '9b241626c026c4f1cad999520f5690fd') in 0.0168409 seconds
Number of updated asset objects reloaded before import = 0Number of asset objects unloaded after import = 18

========================================================================
Received Import Request.
  Time since last request: 0.000033 seconds.
  path: Assets/Low Poly Environment Starter Kit/Prefabs/Standard/Rocks/Rock Pile 1.prefab
  artifactKey: Guid(c03f07a84af9a4a40b8b9f9aa25a070a) Importer(815301076,1909f56bfc062723c751e8b465ee728b)
Start importing Assets/Low Poly Environment Starter Kit/Prefabs/Standard/Rocks/Rock Pile 1.prefab using Guid(c03f07a84af9a4a40b8b9f9aa25a070a) Importer(815301076,1909f56bfc062723c751e8b465ee728b) (PreviewImporter) -> (artifact id: 'dd4ba39998c1cf38e8e07b8922e7c764') in 0.0125983 seconds
Number of updated asset objects reloaded before import = 0Number of asset objects unloaded after import = 18

========================================================================
Received Import Request.
  Time since last request: 0.000029 seconds.
  path: Assets/Low Poly Environment Starter Kit/Prefabs/Standard/Rocks/Rock 11.prefab
  artifactKey: Guid(95243de08a950c64d9638230601e7e15) Importer(815301076,1909f56bfc062723c751e8b465ee728b)
Start importing Assets/Low Poly Environment Starter Kit/Prefabs/Standard/Rocks/Rock 11.prefab using Guid(95243de08a950c64d9638230601e7e15) Importer(815301076,1909f56bfc062723c751e8b465ee728b) (PreviewImporter) -> (artifact id: '2cda11b37c1ca4fe48e6e652318c14ad') in 0.013701 seconds
Number of updated asset objects reloaded before import = 0Number of asset objects unloaded after import = 18

========================================================================
Received Import Request.
  Time since last request: 0.000026 seconds.
  path: Assets/Low Poly Environment Starter Kit/Prefabs/Standard/Rocks/Rock 9.prefab
  artifactKey: Guid(c9645dcf12b956d42b78864a0b2b4cbc) Importer(815301076,1909f56bfc062723c751e8b465ee728b)
Start importing Assets/Low Poly Environment Starter Kit/Prefabs/Standard/Rocks/Rock 9.prefab using Guid(c9645dcf12b956d42b78864a0b2b4cbc) Importer(815301076,1909f56bfc062723c751e8b465ee728b) (PreviewImporter) -> (artifact id: '7ef5041268dfbb7fdfc6500051f54532') in 0.0137988 seconds
Number of updated asset objects reloaded before import = 0Number of asset objects unloaded after import = 18

========================================================================
Received Import Request.
  Time since last request: 8.260170 seconds.
  path: Assets/Low Poly Environment Starter Kit/Prefabs/URP/Rocks/Rock 2.prefab
  artifactKey: Guid(f1171190d8969d445b0d36f4130e0ec4) Importer(815301076,1909f56bfc062723c751e8b465ee728b)
Start importing Assets/Low Poly Environment Starter Kit/Prefabs/URP/Rocks/Rock 2.prefab using Guid(f1171190d8969d445b0d36f4130e0ec4) Importer(815301076,1909f56bfc062723c751e8b465ee728b) (PreviewImporter) -> (artifact id: '199d1f6c1ea7c5bba38959525c957f79') in 3.3649357 seconds
Number of updated asset objects reloaded before import = 0Number of asset objects unloaded after import = 23

========================================================================
Received Import Request.
  Time since last request: 0.000030 seconds.
  path: Assets/Low Poly Environment Starter Kit/Prefabs/URP/Rocks/Rock 10.prefab
  artifactKey: Guid(2e0ae76798a79ef4990fbd097827b42e) Importer(815301076,1909f56bfc062723c751e8b465ee728b)
Start importing Assets/Low Poly Environment Starter Kit/Prefabs/URP/Rocks/Rock 10.prefab using Guid(2e0ae76798a79ef4990fbd097827b42e) Importer(815301076,1909f56bfc062723c751e8b465ee728b) (PreviewImporter) -> (artifact id: 'b5c707fa4b8c14b1624339edde5338d8') in 0.0482902 seconds
Number of updated asset objects reloaded before import = 0Number of asset objects unloaded after import = 23

========================================================================
Received Import Request.
  Time since last request: 0.000044 seconds.
  path: Assets/Low Poly Environment Starter Kit/Prefabs/URP/Rocks/Rock Pile 1.prefab
  artifactKey: Guid(9fd89c45bf7e1304088137c6ba34dbb0) Importer(815301076,1909f56bfc062723c751e8b465ee728b)
Start importing Assets/Low Poly Environment Starter Kit/Prefabs/URP/Rocks/Rock Pile 1.prefab using Guid(9fd89c45bf7e1304088137c6ba34dbb0) Importer(815301076,1909f56bfc062723c751e8b465ee728b) (PreviewImporter) -> (artifact id: 'd7d17324dcdfd4b8fb598f1a92a52476') in 0.0538092 seconds
Number of updated asset objects reloaded before import = 0Number of asset objects unloaded after import = 23

========================================================================
Received Import Request.
  Time since last request: 0.000022 seconds.
  path: Assets/Low Poly Environment Starter Kit/Prefabs/URP/Rocks/Rock 6.prefab
  artifactKey: Guid(873df5bb50a2df04c9c3d7abfe84c10a) Importer(815301076,1909f56bfc062723c751e8b465ee728b)
Start importing Assets/Low Poly Environment Starter Kit/Prefabs/URP/Rocks/Rock 6.prefab using Guid(873df5bb50a2df04c9c3d7abfe84c10a) Importer(815301076,1909f56bfc062723c751e8b465ee728b) (PreviewImporter) -> (artifact id: 'b0a3c5216beea0d8a442317851cf5270') in 0.0510654 seconds
Number of updated asset objects reloaded before import = 0Number of asset objects unloaded after import = 23

========================================================================
Received Import Request.
  Time since last request: 10.436823 seconds.
  path: Assets/Low Poly Environment Starter Kit/Prefabs/URP/Other/Bush 2.prefab
  artifactKey: Guid(de3083097e7467e428a2dc805624b4b0) Importer(815301076,1909f56bfc062723c751e8b465ee728b)
Start importing Assets/Low Poly Environment Starter Kit/Prefabs/URP/Other/Bush 2.prefab using Guid(de3083097e7467e428a2dc805624b4b0) Importer(815301076,1909f56bfc062723c751e8b465ee728b) (PreviewImporter) -> (artifact id: 'a34646b786a04fb3208719fec6bfd733') in 0.0529703 seconds
Number of updated asset objects reloaded before import = 0Number of asset objects unloaded after import = 22

========================================================================
Received Import Request.
  Time since last request: 0.000020 seconds.
  path: Assets/Low Poly Environment Starter Kit/Prefabs/URP/Other/Grass 4.prefab
  artifactKey: Guid(150cf7551d9b9ce40aaa3d5b7c355fcb) Importer(815301076,1909f56bfc062723c751e8b465ee728b)
Start importing Assets/Low Poly Environment Starter Kit/Prefabs/URP/Other/Grass 4.prefab using Guid(150cf7551d9b9ce40aaa3d5b7c355fcb) Importer(815301076,1909f56bfc062723c751e8b465ee728b) (PreviewImporter) -> (artifact id: 'd83c09d5a41f057b0bab2a1cd473728b') in 0.0525766 seconds
Number of updated asset objects reloaded before import = 0Number of asset objects unloaded after import = 23

========================================================================
Received Import Request.
  Time since last request: 4.494398 seconds.
  path: Assets/Low Poly Environment Starter Kit/Prefabs/URP/Terrains/Field.prefab
  artifactKey: Guid(2910a5ffd7e6fa64bbb7b4a2e255603e) Importer(815301076,1909f56bfc062723c751e8b465ee728b)
Start importing Assets/Low Poly Environment Starter Kit/Prefabs/URP/Terrains/Field.prefab using Guid(2910a5ffd7e6fa64bbb7b4a2e255603e) Importer(815301076,1909f56bfc062723c751e8b465ee728b) (PreviewImporter) -> (artifact id: 'e8bd262b00a8537cac02729810d2c7aa') in 0.0553764 seconds
Number of updated asset objects reloaded before import = 0Number of asset objects unloaded after import = 69

========================================================================
Received Import Request.
  Time since last request: 0.000030 seconds.
  path: Assets/Low Poly Environment Starter Kit/Prefabs/URP/Terrains/Mountain 3.prefab
  artifactKey: Guid(b8e9d2cf1888d9143a2ea575bae4cc8f) Importer(815301076,1909f56bfc062723c751e8b465ee728b)
Start importing Assets/Low Poly Environment Starter Kit/Prefabs/URP/Terrains/Mountain 3.prefab using Guid(b8e9d2cf1888d9143a2ea575bae4cc8f) Importer(815301076,1909f56bfc062723c751e8b465ee728b) (PreviewImporter) -> (artifact id: 'b34e9e27d4e8bbde960161197d6ebc21') in 0.0540008 seconds
Number of updated asset objects reloaded before import = 0Number of asset objects unloaded after import = 23

========================================================================
Received Import Request.
  Time since last request: 99.965777 seconds.
  path: Assets/Scenes/Models/New Material.mat
  artifactKey: Guid(9615580d5a1d1514ab8f7df04d0c674c) Importer(815301076,1909f56bfc062723c751e8b465ee728b)
Start importing Assets/Scenes/Models/New Material.mat using Guid(9615580d5a1d1514ab8f7df04d0c674c) Importer(815301076,1909f56bfc062723c751e8b465ee728b) (PreviewImporter) -> (artifact id: '4ef4a5afcc601f9c435324ecbf4ed7b5') in 0.0150577 seconds
Number of updated asset objects reloaded before import = 0Number of asset objects unloaded after import = 1

========================================================================
Received Import Request.
  Time since last request: 25.134712 seconds.
  path: Packages/com.unity.ext.nunit/package.json
  artifactKey: Guid(8143d3a8390f2c64685e3bc272bd9e90) Importer(815301076,1909f56bfc062723c751e8b465ee728b)
Start importing Packages/com.unity.ext.nunit/package.json using Guid(8143d3a8390f2c64685e3bc272bd9e90) Importer(815301076,1909f56bfc062723c751e8b465ee728b) (PreviewImporter) -> (artifact id: '4c4b5ca0d601ff01ae41575117f09834') in 0.0010175 seconds
Number of updated asset objects reloaded before import = 0Number of asset objects unloaded after import = 1

========================================================================
Received Import Request.
  Time since last request: 1.671017 seconds.
  path: Packages/com.unity.inputsystem/package.json
  artifactKey: Guid(f0e14ea80f96b445f97b1c83650d5733) Importer(815301076,1909f56bfc062723c751e8b465ee728b)
Start importing Packages/com.unity.inputsystem/package.json using Guid(f0e14ea80f96b445f97b1c83650d5733) Importer(815301076,1909f56bfc062723c751e8b465ee728b) (PreviewImporter) -> (artifact id: 'f6ec301db93b82a367c495b405f30621') in 0.0008691 seconds
Number of updated asset objects reloaded before import = 0Number of asset objects unloaded after import = 1

========================================================================
Received Import Request.
  Time since last request: 9.170878 seconds.
  path: Assets/Low Poly Environment Starter Kit/Prefabs/URP/Trees
  artifactKey: Guid(b8ee01177c5e43943853f961304624f0) Importer(815301076,1909f56bfc062723c751e8b465ee728b)
Start importing Assets/Low Poly Environment Starter Kit/Prefabs/URP/Trees using Guid(b8ee01177c5e43943853f961304624f0) Importer(815301076,1909f56bfc062723c751e8b465ee728b) (PreviewImporter) -> (artifact id: '66fe927d1b360160fb6a6a1e8816961b') in 0.0005636 seconds
Number of updated asset objects reloaded before import = 0Number of asset objects unloaded after import = 0

========================================================================
Received Import Request.
  Time since last request: 0.062283 seconds.
  path: Assets/Low Poly Environment Starter Kit/Prefabs/URP/Trees/Pine 1.prefab
  artifactKey: Guid(cae27e3850d0c804290a044c9e70d6f0) Importer(815301076,1909f56bfc062723c751e8b465ee728b)
Start importing Assets/Low Poly Environment Starter Kit/Prefabs/URP/Trees/Pine 1.prefab using Guid(cae27e3850d0c804290a044c9e70d6f0) Importer(815301076,1909f56bfc062723c751e8b465ee728b) (PreviewImporter) -> (artifact id: '2716f1c72a94a76a65ccfa646be7f0af') in 0.0554283 seconds
Number of updated asset objects reloaded before import = 0Number of asset objects unloaded after import = 38

========================================================================
Received Import Request.
  Time since last request: 0.000027 seconds.
  path: Assets/Low Poly Environment Starter Kit/Prefabs/URP/Trees/Tree 5.prefab
  artifactKey: Guid(d6bd4e2c96dcf5648926c8d3b4840170) Importer(815301076,1909f56bfc062723c751e8b465ee728b)
Start importing Assets/Low Poly Environment Starter Kit/Prefabs/URP/Trees/Tree 5.prefab using Guid(d6bd4e2c96dcf5648926c8d3b4840170) Importer(815301076,1909f56bfc062723c751e8b465ee728b) (PreviewImporter) -> (artifact id: '24813e0421f0b1ccb25d98e6a0312e4e') in 0.0549115 seconds
Number of updated asset objects reloaded before import = 0Number of asset objects unloaded after import = 37

========================================================================
Received Import Request.
  Time since last request: 0.000060 seconds.
  path: Assets/Low Poly Environment Starter Kit/Prefabs/URP/Trees/Tree 7.prefab
  artifactKey: Guid(317cef7c4ec02cb4685127dd7da56834) Importer(815301076,1909f56bfc062723c751e8b465ee728b)
Start importing Assets/Low Poly Environment Starter Kit/Prefabs/URP/Trees/Tree 7.prefab using Guid(317cef7c4ec02cb4685127dd7da56834) Importer(815301076,1909f56bfc062723c751e8b465ee728b) (PreviewImporter) -> (artifact id: '1c1ec4871d8563c275628d8490287d7f') in 0.0611248 seconds
Number of updated asset objects reloaded before import = 0Number of asset objects unloaded after import = 37

========================================================================
Received Import Request.
  Time since last request: 0.000023 seconds.
  path: Assets/Low Poly Environment Starter Kit/Prefabs/URP/Trees/Pine 3.prefab
  artifactKey: Guid(a934d038c1a20354a856529f1f7ec805) Importer(815301076,1909f56bfc062723c751e8b465ee728b)
Start importing Assets/Low Poly Environment Starter Kit/Prefabs/URP/Trees/Pine 3.prefab using Guid(a934d038c1a20354a856529f1f7ec805) Importer(815301076,1909f56bfc062723c751e8b465ee728b) (PreviewImporter) -> (artifact id: '14418e5ce9c3caf572ec25283ebc8d63') in 0.0528238 seconds
Number of updated asset objects reloaded before import = 0Number of asset objects unloaded after import = 37

========================================================================
Received Import Request.
  Time since last request: 0.000020 seconds.
  path: Assets/Low Poly Environment Starter Kit/Prefabs/URP/Trees/Tree 4.prefab
  artifactKey: Guid(a46bac8e41ea01e418395a141f68a4cb) Importer(815301076,1909f56bfc062723c751e8b465ee728b)
Start importing Assets/Low Poly Environment Starter Kit/Prefabs/URP/Trees/Tree 4.prefab using Guid(a46bac8e41ea01e418395a141f68a4cb) Importer(815301076,1909f56bfc062723c751e8b465ee728b) (PreviewImporter) -> (artifact id: '044af19473a1b58193f3f14b5f1c7bb2') in 0.0552412 seconds
Number of updated asset objects reloaded before import = 0Number of asset objects unloaded after import = 37

Editor requested this worker to shutdown with reason: Scaling down because of idle timeout
AssetImportWorker is now disconnected from the server
Process exiting
Exiting without the bug reporter. Application will terminate with return code 0